"../../../Engine/Content/EngineMaterials/T_Default_Material_Grid_N.uasset" 0
"../../../Engine/Content/EngineMaterials/T_Default_Material_Grid_M.uasset" 1
"../../../Engine/Content/Functions/Engine_MaterialFunctions01/Opacity/CameraDepthFade.uasset" 2
"../../../Engine/Content/EngineMaterials/WorldGridMaterial.uasset" 3
"../../../../../../Users/cedri/Desktop/Fiverr/DeathStar/Content/SM_Pentagone.uasset" 4
"../../../../../../Users/cedri/Desktop/Fiverr/DeathStar/Content/BP_Pentagone.uasset" 5
"../../../../../../Users/cedri/Desktop/Fiverr/DeathStar/Content/Cylinder_Brush_StaticMesh.uasset" 6
"../../../Engine/Content/BasicShapes/Plane.uasset" 7
"../../../../../../Users/cedri/Desktop/Fiverr/DeathStar/Content/Blueprints/Material/MT_Socle.uasset" 8
"../../../../../../Users/cedri/Desktop/Fiverr/DeathStar/Content/Blueprints/System/FloatingAIMovement/Blueprints/Floating_AI_Left_Down_Detection_Location.uasset" 9
"../../../../../../Users/cedri/Desktop/Fiverr/DeathStar/Content/Blueprints/System/FloatingAIMovement/Blueprints/Floating_AI_Left_Detection_Location.uasset" 10
"../../../../../../Users/cedri/Desktop/Fiverr/DeathStar/Content/Blueprints/System/FloatingAIMovement/Blueprints/Floating_AI_Behind_Up_Detection_Location.uasset" 11
"../../../../../../Users/cedri/Desktop/Fiverr/DeathStar/Content/Blueprints/System/FloatingAIMovement/Blueprints/Floating_AI_Behind_Down_Detection_Location.uasset" 12
"../../../../../../Users/cedri/Desktop/Fiverr/DeathStar/Content/Blueprints/System/FloatingAIMovement/Blueprints/Floating_AI_Behind_Detection_Location.uasset" 13
"../../../../../../Users/cedri/Desktop/Fiverr/DeathStar/Content/Blueprints/System/FloatingAIMovement/Blueprints/Floating_AI_Middle_Of_Mesh_Location.uasset" 14
"../../../../../../Users/cedri/Desktop/Fiverr/DeathStar/Content/Blueprints/System/FloatingAIMovement/Blueprints/Floating_AI_Left_Up_Detection_Location.uasset" 15
"../../../../../../Users/cedri/Desktop/Fiverr/DeathStar/Content/Blueprints/System/FloatingAIMovement/Blueprints/Floating_AI_Right_Detection_Location.uasset" 16
"../../../../../../Users/cedri/Desktop/Fiverr/DeathStar/Content/Blueprints/System/FloatingAIMovement/Blueprints/Floating_AI_Right_Up_Detection_Location.uasset" 17
"../../../../../../Users/cedri/Desktop/Fiverr/DeathStar/Content/Blueprints/System/FloatingAIMovement/Blueprints/Floating_AI_Right_Down_Detection_Location.uasset" 18
"../../../../../../Users/cedri/Desktop/Fiverr/DeathStar/Content/Blueprints/System/MyMacroLibrary.uasset" 19
"../../../../../../Users/cedri/Desktop/Fiverr/DeathStar/Content/Blueprints/System/FloatingAIMovement/Blueprints/Floating_AI_Unreachable_Enum.uasset" 20
"../../../Engine/Content/EditorBlueprintResources/StandardMacros.uasset" 21
"../../../../../../Users/cedri/Desktop/Fiverr/DeathStar/Content/Blueprints/System/FloatingAIMovement/Blueprints/Floating_AI_Movement.uasset" 22
"../../../../../../Users/cedri/Desktop/Fiverr/DeathStar/Content/Image/Widget/Valide.uasset" 23
"../../../../../../Users/cedri/Desktop/Fiverr/DeathStar/Content/Image/Widget/TestUI.uasset" 24
"../../../../../../Users/cedri/Desktop/Fiverr/DeathStar/Content/Image/Widget/Penta.uasset" 25
"../../../../../../Users/cedri/Desktop/Fiverr/DeathStar/Content/Font/AstroSpace-0Wl3o.uasset" 26
"../../../../../../Users/cedri/Desktop/Fiverr/DeathStar/Content/Font/AstroSpace-0Wl3o_Font.uasset" 27
"../../../../../../Users/cedri/Desktop/Fiverr/DeathStar/Content/Asset/Defense/light.uasset" 28
"../../../../../../Users/cedri/Desktop/Fiverr/DeathStar/Content/Asset/Defense/gray.uasset" 29
"../../../../../../Users/cedri/Desktop/Fiverr/DeathStar/Content/Asset/Defense/color.uasset" 30
"../../../../../../Users/cedri/Desktop/Fiverr/DeathStar/Content/Asset/Defense/black.uasset" 31
"../../../../../../Users/cedri/Desktop/Fiverr/DeathStar/Content/Asset/Defense/laser.uasset" 32
"../../../../../../Users/cedri/Desktop/Fiverr/DeathStar/Content/Blueprints/Defense/BPC_Laser.uasset" 33
"../../../../../../Users/cedri/Desktop/Fiverr/DeathStar/Content/Geometry/Meshes/CubeMaterial.uasset" 34
"../../../Engine/Content/Functions/Engine_MaterialFunctions01/Density/ExponentialDensity.uasset" 35
"../../../Engine/Content/Functions/Engine_MaterialFunctions01/Gradient/RadialGradientExponential.uasset" 36
"../../../../../../Users/cedri/Desktop/Fiverr/DeathStar/Content/VFX/M_Lightning.uasset" 37
"../../../../../../Users/cedri/Desktop/Fiverr/DeathStar/Content/VFX/P_Lightning.uasset" 38
"../../../Engine/Content/EngineMaterials/DefaultMaterial.uasset" 39
"../../../Engine/Content/BasicShapes/Cone.uasset" 40
"../../../../../../Users/cedri/Desktop/Fiverr/DeathStar/Content/Blueprints/Material/MT_Highlighted.uasset" 41
"../../../../../../Users/cedri/Desktop/Fiverr/DeathStar/Content/Blueprints/Enemy/BPC_StarFighter.uasset" 42
"../../../../../../Users/cedri/Desktop/Fiverr/DeathStar/Content/Blueprints/Material/MT_Base.uasset" 43
"../../../../../../Users/cedri/Desktop/Fiverr/DeathStar/Content/Blueprints/Enemy/BPC_Scout.uasset" 44
"../../../../../../Users/cedri/Desktop/Fiverr/DeathStar/Content/Blueprints/Enum/Enemy.uasset" 45
"../../../../../../Users/cedri/Desktop/Fiverr/DeathStar/Content/Blueprints/SpawnerTarget/BP_Target.uasset" 46
"../../../../../../Users/cedri/Desktop/Fiverr/DeathStar/Content/Blueprints/System/BP_GameInstance.uasset" 47
"../../../../../../Users/cedri/Desktop/Fiverr/DeathStar/Content/Blueprints/SpawnerTarget/BP_EnemySpawner.uasset" 48
"../../../../../../Users/cedri/Desktop/Fiverr/DeathStar/Content/Blueprints/Tiles/Cube/BP_Tiles.uasset" 49
"../../../../../../Users/cedri/Desktop/Fiverr/DeathStar/Content/Blueprints/Widget/WB_Main.uasset" 50
"../../../../../../Users/cedri/Desktop/Fiverr/DeathStar/Content/Blueprints/System/BP_Heart.uasset" 51
"../../../../../../Users/cedri/Desktop/Fiverr/DeathStar/Content/Blueprints/System/BP_GameMode.uasset" 52
"../../../../../../Users/cedri/Desktop/Fiverr/DeathStar/Content/Blueprints/Enemy/EnemySystemBP/BP_Enemyy.uasset" 53
"../../../../../../Users/cedri/Desktop/Fiverr/DeathStar/Content/Blueprints/Defense/DefenseSystemBP/BP_Turret.uasset" 54
"../../../../../../Users/cedri/Desktop/Fiverr/DeathStar/Content/Asset/Defense/plasma.uasset" 55
"../../../../../../Users/cedri/Desktop/Fiverr/DeathStar/Content/Blueprints/Defense/BPC_Plasma.uasset" 56
"../../../../../../Users/cedri/Desktop/Fiverr/DeathStar/Content/Blueprints/Defense/BP_Laser.uasset" 57
"../../../../../../Users/cedri/Desktop/Fiverr/DeathStar/Content/Blueprints/Enemy/BPC_Enemy1.uasset" 58
"../../../../../../Users/cedri/Desktop/Fiverr/DeathStar/Content/Blueprints/Enemy/BPC_Enemy2.uasset" 59
"../../../../../../Users/cedri/Desktop/Fiverr/DeathStar/Content/Blueprints/Material/MT_BaseLaser.uasset" 60
"../../../../../../Users/cedri/Desktop/Fiverr/DeathStar/Content/Blueprints/Material/MT_Canon.uasset" 61
"../../../Engine/Content/BasicShapes/Cylinder.uasset" 62
"../../../Engine/Content/BasicShapes/BasicShapeMaterial.uasset" 63
"../../../../../../Users/cedri/Desktop/Fiverr/DeathStar/Content/Blueprints/Tiles/Cube/BP_Pentagone.uasset" 64
"../../../../../../Users/cedri/Desktop/Fiverr/DeathStar/Content/Blueprints/Tiles/Cube/BP_Tiles_Child.uasset" 65
"../../../../../../Users/cedri/Desktop/Fiverr/DeathStar/Content/Geometry/Meshes/1M_Cube.uasset" 66
"../../../../../../Users/cedri/Desktop/Fiverr/DeathStar/Content/Geometry/Meshes/1M_Cube_Chamfer.uasset" 67
"../../../../../../Users/cedri/Desktop/Fiverr/DeathStar/Content/Geometry/Meshes/Pentagone.uasset" 68
"../../../../../../Users/cedri/Desktop/Fiverr/DeathStar/Content/Geometry/Meshes/pentagon_01.uasset" 69
"../../../../../../Users/cedri/Desktop/Fiverr/DeathStar/Content/Geometry/Meshes/TemplateFloor.uasset" 70
"../../../../../../Users/cedri/Desktop/Fiverr/DeathStar/Content/Geometry/Meshes/Dodecahedron/pentagon03.uasset" 71
"../../../../../../Users/cedri/Desktop/Fiverr/DeathStar/Content/Geometry/Meshes/Dodecahedron/FSD.uasset" 72
"../../../../../../Users/cedri/Desktop/Fiverr/DeathStar/Content/Geometry/Meshes/Test/pentagon_01.uasset" 73
"../../../../../../Users/cedri/Desktop/Fiverr/DeathStar/Content/Geometry/Meshes/Test/pentagon_02.uasset" 74
"../../../../../../Users/cedri/Desktop/Fiverr/DeathStar/Content/Geometry/Meshes/Test/pentagon_03.uasset" 75
"../../../../../../Users/cedri/Desktop/Fiverr/DeathStar/Content/Geometry/Meshes/Test/pentagon_04.uasset" 76
"../../../../../../Users/cedri/Desktop/Fiverr/DeathStar/Content/Geometry/Meshes/Test/pentagon_05.uasset" 77
"../../../../../../Users/cedri/Desktop/Fiverr/DeathStar/Content/Geometry/Meshes/Test/pentagon_06.uasset" 78
"../../../../../../Users/cedri/Desktop/Fiverr/DeathStar/Content/Geometry/Meshes/Test/pentagon_07.uasset" 79
"../../../../../../Users/cedri/Desktop/Fiverr/DeathStar/Content/Geometry/Meshes/Test/pentagon_08.uasset" 80
"../../../../../../Users/cedri/Desktop/Fiverr/DeathStar/Content/Geometry/Meshes/Test/pentagon_09.uasset" 81
"../../../../../../Users/cedri/Desktop/Fiverr/DeathStar/Content/Geometry/Meshes/Test/pentagon_10.uasset" 82
"../../../../../../Users/cedri/Desktop/Fiverr/DeathStar/Content/Geometry/Meshes/Test/pentagon_11.uasset" 83
"../../../../../../Users/cedri/Desktop/Fiverr/DeathStar/Content/Geometry/Meshes/Test/pentagon_12.uasset" 84
"../../../../../../Users/cedri/Desktop/Fiverr/DeathStar/Content/Image/Widget/Penta2.uasset" 85
"../../../../../../Users/cedri/Desktop/Fiverr/DeathStar/Content/Image/Widget/TestUI2_.uasset" 86
"../../../../../../Users/cedri/Desktop/Fiverr/DeathStar/Content/Image/Widget/TestUI_.uasset" 87
"../../../../../../Users/cedri/Desktop/Fiverr/DeathStar/Content/SpaceSkyboxes/Materials/M_MasterMaterial.uasset" 88
"../../../../../../Users/cedri/Desktop/Fiverr/DeathStar/Content/SpaceSkyboxes/Meshes/SM_SkyCubeSide.uasset" 89
"../../../Engine/Content/EngineResources/DefaultTexture.uasset" 90
"../../../../../../Users/cedri/Desktop/Fiverr/DeathStar/Content/SpaceSkyboxes/Materials/M_Z_pos.uasset" 91
"../../../../../../Users/cedri/Desktop/Fiverr/DeathStar/Content/SpaceSkyboxes/Materials/M_Z_neg.uasset" 92
"../../../../../../Users/cedri/Desktop/Fiverr/DeathStar/Content/SpaceSkyboxes/Materials/M_Y_pos.uasset" 93
"../../../../../../Users/cedri/Desktop/Fiverr/DeathStar/Content/SpaceSkyboxes/Materials/M_Y_neg.uasset" 94
"../../../../../../Users/cedri/Desktop/Fiverr/DeathStar/Content/SpaceSkyboxes/Materials/M_X_pos.uasset" 95
"../../../../../../Users/cedri/Desktop/Fiverr/DeathStar/Content/SpaceSkyboxes/Materials/M_X_neg.uasset" 96
"../../../../../../Users/cedri/Desktop/Fiverr/DeathStar/Content/SpaceSkyboxes/Blueprints/BP_IrregularGalaxy01.uasset" 97
"../../../../../../Users/cedri/Desktop/Fiverr/DeathStar/Content/SpaceSkyboxes/Blueprints/BP_IrregularGalaxy02.uasset" 98
"../../../../../../Users/cedri/Desktop/Fiverr/DeathStar/Content/SpaceSkyboxes/Blueprints/BP_IrregularGalaxy04.uasset" 99
"../../../Engine/Content/ArtTools/RenderToTexture/Meshes/S_1_Unit_Plane.uasset" 100
"../../../Engine/Content/BasicShapes/Sphere.uasset" 101
"../../../Engine/Content/EditorLandscapeResources/DataLayer.uasset" 102
"../../../Engine/Content/EditorLandscapeResources/DefaultAlphaTexture.uasset" 103
"../../../Engine/Content/EditorMaterials/MAT_Groups_Toggle.uasset" 104
"../../../Engine/Content/EditorMaterials/MAT_Groups_Visibility.uasset" 105
"../../../Engine/Content/EditorMaterials/PreviewShadowIndicator.uasset" 106
"../../../Engine/Content/EditorMaterials/PreviewShadowIndicatorMaterial.uasset" 107
"../../../Engine/Content/EditorMaterials/MatineeGroups/MAT_ColorTrack.uasset" 108
"../../../Engine/Content/EditorMaterials/MatineeGroups/MAT_Groups_Anim.uasset" 109
"../../../Engine/Content/EditorMaterials/MatineeGroups/MAT_Groups_AudioMaster.uasset" 110
"../../../Engine/Content/EditorMaterials/MatineeGroups/MAT_Groups_Director.uasset" 111
"../../../Engine/Content/EditorMaterials/MatineeGroups/MAT_Groups_Event.uasset" 112
"../../../Engine/Content/EditorMaterials/MatineeGroups/MAT_Groups_Fade.uasset" 113
"../../../Engine/Content/EditorMaterials/MatineeGroups/MAT_Groups_Float.uasset" 114
"../../../Engine/Content/EditorMaterials/MatineeGroups/MAT_Groups_Move.uasset" 115
"../../../Engine/Content/EditorMaterials/MatineeGroups/MAT_Groups_Slomo.uasset" 116
"../../../Engine/Content/EditorMaterials/MatineeGroups/MAT_Groups_Sound.uasset" 117
"../../../Engine/Content/EditorMaterials/MatineeGroups/MAT_Groups_Vector.uasset" 118
"../../../Engine/Content/EditorMaterials/ParticleSystems/PSysThumbnail_NoImage.uasset" 119
"../../../Engine/Content/EditorMaterials/ParticleSystems/PSysThumbnail_OOD.uasset" 120
"../../../Engine/Content/EditorMaterials/Camera/CineMat.uasset" 121
"../../../Engine/Content/EditorMaterials/Camera/MI_CineMat_Rig.uasset" 122
"../../../Engine/Content/EditorMeshes/Camera/SM_CraneRig_Arm.uasset" 123
"../../../Engine/Content/EditorMeshes/Camera/SM_CraneRig_Base.uasset" 124
"../../../Engine/Content/EditorMeshes/Camera/SM_CraneRig_Body.uasset" 125
"../../../Engine/Content/EditorMeshes/Camera/SM_CraneRig_Mount.uasset" 126
"../../../Engine/Content/EditorMeshes/Camera/SM_RailRig_Mount.uasset" 127
"../../../Engine/Content/EditorMeshes/Camera/SM_RailRig_Track.uasset" 128
"../../../Engine/Content/EditorResources/BSPVertex.uasset" 129
"../../../Engine/Content/EditorResources/EmptyActor.uasset" 130
"../../../Engine/Content/EditorResources/S_Actor.uasset" 131
"../../../Engine/Content/EditorResources/S_Note.uasset" 132
"../../../Engine/Content/EditorResources/S_Solver.uasset" 133
"../../../Engine/Content/EditorResources/S_Terrain.uasset" 134
"../../../Engine/Content/EditorResources/S_Trigger.uasset" 135
"../../../Engine/Content/EditorResources/LightIcons/S_LightError.uasset" 136
"../../../Engine/Content/EditorResources/SequenceRecorder/Countdown.uasset" 137
"../../../Engine/Content/EditorResources/SequenceRecorder/RecordingIndicator.uasset" 138
"../../../Engine/Content/EngineDamageTypes/DmgTypeBP_Environmental.uasset" 139
"../../../Engine/Content/EngineDebugMaterials/DebugEditorMaterial.uasset" 140
"../../../Engine/Content/EngineDebugMaterials/DebugMeshMaterial.uasset" 141
"../../../Engine/Content/EngineDebugMaterials/M_SimpleUnlitTranslucent.uasset" 142
"../../../Engine/Content/EngineDebugMaterials/VolumeToRender.uasset" 143
"../../../Engine/Content/Functions/Engine_MaterialFunctions02/Utility/CameraDirectionVector.uasset" 144
"../../../Engine/Content/EngineDebugMaterials/M_VolumeRenderSphereTracePP.uasset" 145
"../../../Engine/Content/Functions/Engine_MaterialFunctions01/Shading/ConvertFromDiffSpec.uasset" 146
"../../../Engine/Content/EngineDebugMaterials/VertexColorMaterial.uasset" 147
"../../../Engine/Content/EngineDebugMaterials/WireframeMaterial.uasset" 148
"../../../Engine/Content/EngineFonts/Faces/RobotoRegular.uasset" 149
"../../../Engine/Content/EngineFonts/Faces/RobotoLight.uasset" 150
"../../../Engine/Content/EngineFonts/Faces/RobotoItalic.uasset" 151
"../../../Engine/Content/EngineFonts/Faces/RobotoBoldItalic.uasset" 152
"../../../Engine/Content/EngineFonts/Faces/RobotoBold.uasset" 153
"../../../Engine/Content/EngineFonts/Faces/DroidSansFallback.uasset" 154
"../../../Engine/Content/EngineFonts/Roboto.uasset" 155
"../../../Engine/Content/EngineMaterials/BaseFlattenNormalMap.uasset" 156
"../../../Engine/Content/EngineMaterials/BaseFlattenGrayscaleMap.uasset" 157
"../../../Engine/Content/EngineMaterials/BaseFlattenEmissiveMap.uasset" 158
"../../../Engine/Content/EngineMaterials/BaseFlattenDiffuseMap.uasset" 159
"../../../Engine/Content/EngineMaterials/BaseFlattenMaterial.uasset" 160
"../../../Engine/Content/EngineMaterials/BlueNoise.uasset" 161
"../../../Engine/Content/EngineMaterials/DefaultBloomKernel.uasset" 162
"../../../Engine/Content/EngineMaterials/DefaultBokeh.uasset" 163
"../../../Engine/Content/EngineMaterials/DefaultDiffuse.uasset" 164
"../../../Engine/Content/EngineMaterials/DefaultDeferredDecalMaterial.uasset" 165
"../../../Engine/Content/EngineMaterials/DefaultLightFunctionMaterial.uasset" 166
"../../../Engine/Content/EngineMaterials/DefaultPhysicalMaterial.uasset" 167
"../../../Engine/Content/Functions/Engine_MaterialFunctions02/Utility/BreakOutFloat2Components.uasset" 168
"../../../Engine/Content/EngineMaterials/DefaultPostProcessMaterial.uasset" 169
"../../../Engine/Content/EngineFonts/RobotoDistanceField.uasset" 170
"../../../Engine/Content/EngineMaterials/DefaultTextMaterialOpaque.uasset" 171
"../../../Engine/Content/EngineMaterials/DefaultWhiteGrid.uasset" 172
"../../../Engine/Content/EngineMaterials/DefaultWhiteGrid_Low.uasset" 173
"../../../Engine/Content/EngineMaterials/EmissiveMeshMaterial.uasset" 174
"../../../Engine/Content/EngineMaterials/GizmoMaterial.uasset" 175
"../../../Engine/Content/EngineMaterials/Good64x64TilingNoiseHighFreq.uasset" 176
"../../../Engine/Content/EngineMaterials/MiniFont.uasset" 177
"../../../Engine/Content/EngineMaterials/InvalidLightmapSettings.uasset" 178
"../../../Engine/Content/EngineMaterials/M_InvalidLightmapSettings.uasset" 179
"../../../Engine/Content/Functions/Engine_MaterialFunctions02/WorldPositionOffset/CameraOffset.uasset" 180
"../../../Engine/Content/EngineMaterials/PhAT_JointLimitMaterial.uasset" 181
"../../../Engine/Content/EngineMaterials/PreintegratedSkinBRDF.uasset" 182
"../../../Engine/Content/EngineMaterials/RemoveSurfaceMaterial.uasset" 183
"../../../Engine/Content/EngineMaterials/WeightMapPlaceholderTexture.uasset" 184
"../../../Engine/Content/EngineResources/WhiteSquareTexture.uasset" 185
"../../../Engine/Content/EngineMaterials/Widget3DPassThrough.uasset" 186
"../../../Engine/Content/EngineMaterials/Widget3DPassThrough_Masked.uasset" 187
"../../../Engine/Content/EngineMaterials/Widget3DPassThrough_Opaque.uasset" 188
"../../../Engine/Content/EngineMaterials/Widget3DPassThrough_Masked_OneSided.uasset" 189
"../../../Engine/Content/EngineMaterials/Widget3DPassThrough_Opaque_OneSided.uasset" 190
"../../../Engine/Content/EngineMaterials/Widget3DPassThrough_Translucent.uasset" 191
"../../../Engine/Content/EngineMaterials/Widget3DPassThrough_Translucent_OneSided.uasset" 192
"../../../Engine/Content/EngineMeshes/Cylinder.uasset" 193
"../../../Engine/Content/EngineMeshes/Sphere.uasset" 194
"../../../Engine/Content/EngineResources/Black.uasset" 195
"../../../Engine/Content/EngineResources/DefaultTextureCube.uasset" 196
"../../../Engine/Content/EngineResources/DefaultVolumeTexture2D.uasset" 197
"../../../Engine/Content/EngineResources/DefaultVolumeTexture.uasset" 198
"../../../Engine/Content/EngineResources/GradientTexture0.uasset" 199
"../../../Engine/Content/EngineSky/VolumetricClouds/T_NoiseShape64.uasset" 200
"../../../Engine/Content/EngineSky/VolumetricClouds/T_VolumeNoiseShape64.uasset" 201
"../../../Engine/Content/EngineSky/VolumetricClouds/T_NoiseErosion.uasset" 202
"../../../Engine/Content/EngineSky/VolumetricClouds/T_VolumeNoiseErosion32.uasset" 203
"../../../Engine/Content/EngineSky/VolumetricClouds/CloudWeatherTexture.uasset" 204
"../../../Engine/Content/EngineSky/VolumetricClouds/CloudGradientTexture.uasset" 205
"../../../Engine/Content/Functions/Engine_MaterialFunctions02/Utility/MakeFloat2.uasset" 206
"../../../Engine/Content/EngineSky/VolumetricClouds/m_SimpleVolumetricCloud.uasset" 207
"../../../Engine/Content/EngineSky/VolumetricClouds/m_SimpleVolumetricCloud_Inst.uasset" 208
"../../../Engine/Content/EngineSounds/Master.uasset" 209
"../../../Engine/Content/Functions/Engine_MaterialFunctions01/Shading/PowerToRoughness.uasset" 210
"../../../Engine/Content/Maps/Templates/Thumbnails/Default.uasset" 211
"../../../Engine/Content/Maps/Templates/Thumbnails/TimeOfDay.uasset" 212
"../../../Engine/Content/Maps/Templates/Thumbnails/VR-Basic.uasset" 213
"../../../Engine/Content/MobileResources/T_MobileControls_texture.uasset" 214
"../../../Engine/Content/MobileResources/T_MobileMenu2.uasset" 215
"../../../Engine/Content/MobileResources/HUD/AnalogHat.uasset" 216
"../../../Engine/Content/MobileResources/HUD/VirtualJoystick_Thumb.uasset" 217
"../../../Engine/Content/MobileResources/HUD/VirtualJoystick_Background.uasset" 218
"../../../Engine/Content/MobileResources/HUD/DefaultVirtualJoysticks.uasset" 219
"../../../Engine/Content/MobileResources/HUD/LeftVirtualJoystickOnly.uasset" 220
"../../../Engine/Content/MobileResources/HUD/MobileHUDButton1_off.uasset" 221
"../../../Engine/Content/MobileResources/HUD/MobileHUDButton1_on.uasset" 222
"../../../Engine/Content/MobileResources/HUD/MobileHUDButton2_off.uasset" 223
"../../../Engine/Content/MobileResources/HUD/MobileHUDButton2_on.uasset" 224
"../../../Engine/Content/MobileResources/HUD/MobileHUDButton3.uasset" 225
"../../../Engine/Content/MobileResources/HUD/MobileHUDButtonFire.uasset" 226
"../../../Engine/Content/MobileResources/HUD/MobileHUDDirectionPad.uasset" 227
"../../../Engine/Content/MobileResources/HUD/MobileHUDDirectionPad2.uasset" 228
"../../../Engine/Content/MobileResources/HUD/MobileHUDDirectionPad3.uasset" 229
"../../../Engine/Content/MobileResources/HUD/MobileHUDDirectionStick.uasset" 230
"../../../Engine/Content/MobileResources/HUD/T_Castle_ThumbstickInner.uasset" 231
"../../../Engine/Content/MobileResources/HUD/T_Castle_ThumbstickOutter.uasset" 232
"../../../Engine/Content/Tutorial/ContentIntroCurve.uasset" 233
"../../../Engine/Content/Tutorial/Basics/LevelEditorAttract.uasset" 234
"../../../Engine/Content/Tutorial/Installation/InstallingVisualStudioTutorial.uasset" 235
"../../../Engine/Content/VREditor/TransformGizmo/TranslucentTransformGizmoMaterial.uasset" 236
"../../../Engine/Content/VREditor/LaserPointer/VR_LaserPower_01.uasset" 237
"../../../Engine/Content/VREditor/TransformGizmo/TransformGizmoMaterial.uasset" 238
"../../../Engine/Content/VREditor/TransformGizmo/BoundingBoxCorner.uasset" 239
"../../../Engine/Content/VREditor/TransformGizmo/BoundingBoxEdge.uasset" 240
"../../../Engine/Content/VREditor/TransformGizmo/PlaneTranslationHandle.uasset" 241
"../../../Engine/Content/VREditor/TransformGizmo/Xray.uasset" 242
"../../../Engine/Content/VREditor/TransformGizmo/Main.uasset" 243
"../../../Engine/Content/VREditor/TransformGizmo/SM_Sequencer_Key.uasset" 244
"../../../Engine/Content/VREditor/TransformGizmo/SM_Sequencer_Node.uasset" 245
"../../Plugins/2D/Paper2D/Content/PlaceholderTextures/DummySpriteTexture.uasset" 246
"../../Plugins/2D/Paper2D/Content/DummySprite.uasset" 247
"../../Plugins/2D/Paper2D/Content/DefaultPaperTerrainMaterial.uasset" 248
"../../Plugins/2D/Paper2D/Content/DefaultSpriteMaterial.uasset" 249
"../../Plugins/2D/Paper2D/Content/MaskedUnlitSpriteMaterial.uasset" 250
"../../Plugins/2D/Paper2D/Content/OpaqueUnlitSpriteMaterial.uasset" 251
"../../../Engine/Content/Functions/Engine_MaterialFunctions02/ObjectLocalBounds.uasset" 252
"../../../Engine/Content/Functions/Engine_MaterialFunctions02/Utility/BreakOutFloat3Components.uasset" 253
"../../Plugins/Editor/SpeedTreeImporter/Content/SpeedTree9/UnpackInteger3.uasset" 254
"../../Plugins/Editor/SpeedTreeImporter/Content/SpeedTree9/UnpackDirection.uasset" 255
"../../Plugins/Editor/SpeedTreeImporter/Content/SpeedTree9/game_wind_noise.uasset" 256
"../../../Engine/Content/Functions/Engine_MaterialFunctions02/SafeNormalize.uasset" 257
"../../Plugins/Editor/SpeedTreeImporter/Content/SpeedTree9/SpeedTreeWindMotion.uasset" 258
"../../Plugins/Editor/SpeedTreeImporter/Content/SpeedTree9/SpeedTreeBranchMotion.uasset" 259
"../../../Engine/Content/Functions/Engine_MaterialFunctions02/UVs/BoundingBoxBased_0-1_UVW.uasset" 260
"../../Plugins/Editor/SpeedTreeImporter/Content/SpeedTree9/SpeedTreeWind.uasset" 261
"../../Plugins/Editor/SpeedTreeImporter/Content/SpeedTree9/SpeedTreeBillboard.uasset" 262
"../../Plugins/Editor/SpeedTreeImporter/Content/SpeedTree9/SpeedTreeBillboardMaster.uasset" 263
"../../Plugins/Editor/SpeedTreeImporter/Content/SpeedTree9/SpeedTreeCameraFacing.uasset" 264
"../../Plugins/Editor/SpeedTreeImporter/Content/SpeedTree9/SpeedTreeMaster.uasset" 265
"../../../Engine/Content/ArtTools/RenderToTexture/Materials/Debug/M_Emissive_Color.uasset" 266
"../../Plugins/Lumin/MagicLeapPassableWorld/Content/MagicLeapARPinInfoActor.uasset" 267
"../../../Engine/Content/Functions/Engine_MaterialFunctions02/Utility/BreakOutFloat4Components.uasset" 268
"../../../Engine/Content/Functions/Engine_MaterialFunctions02/Utility/MakeFloat3.uasset" 269
"../../Plugins/Runtime/Oculus/OculusVR/Content/Materials/OculusMR_ChromaKey.uasset" 270
"../../Plugins/Runtime/Oculus/OculusVR/Content/Materials/OculusMR_OpaqueColoredMaterial.uasset" 271
"../../Plugins/Runtime/Oculus/OculusVR/Content/Materials/PokeAHoleMaterial.uasset" 272
"../../../Engine/Content/EngineSky/T_Sky_Stars.uasset" 273
"../../../Engine/Content/EngineSky/T_Sky_Clouds_M.uasset" 274
"../../../Engine/Content/EngineSky/T_Sky_Blue.uasset" 275
"../../../Engine/Content/BasicShapes/Cube.uasset" 276
"../../../Engine/Content/EngineSky/M_Sky_Panning_Clouds2.uasset" 277
"../../../../../../Users/cedri/Desktop/Fiverr/DeathStar/Content/Level/TestLevel_BuiltData.uasset" 278
"../../../Engine/Content/EngineSky/SM_SkySphere.uasset" 279
"../../../Engine/Content/EngineSky/C_Sky_Zenith_Color.uasset" 280
"../../../Engine/Content/EngineSky/C_Sky_Horizon_Color.uasset" 281
"../../../Engine/Content/EngineSky/C_Sky_Cloud_Color.uasset" 282
"../../../Engine/Content/EngineSky/BP_Sky_Sphere.uasset" 283
"../../../../../../Users/cedri/Desktop/Fiverr/DeathStar/Content/Geometry/Meshes/Dodecahedron/pentagon12.uasset" 284
"../../../../../../Users/cedri/Desktop/Fiverr/DeathStar/Content/Geometry/Meshes/Dodecahedron/pentagon11.uasset" 285
"../../../../../../Users/cedri/Desktop/Fiverr/DeathStar/Content/Geometry/Meshes/Dodecahedron/pentagon10.uasset" 286
"../../../../../../Users/cedri/Desktop/Fiverr/DeathStar/Content/Geometry/Meshes/Dodecahedron/pentagon09.uasset" 287
"../../../../../../Users/cedri/Desktop/Fiverr/DeathStar/Content/Geometry/Meshes/Dodecahedron/pentagon08.uasset" 288
"../../../../../../Users/cedri/Desktop/Fiverr/DeathStar/Content/Geometry/Meshes/Dodecahedron/pentagon07.uasset" 289
"../../../../../../Users/cedri/Desktop/Fiverr/DeathStar/Content/Geometry/Meshes/Dodecahedron/pentagon06.uasset" 290
"../../../../../../Users/cedri/Desktop/Fiverr/DeathStar/Content/Geometry/Meshes/Dodecahedron/pentagon05.uasset" 291
"../../../../../../Users/cedri/Desktop/Fiverr/DeathStar/Content/Geometry/Meshes/Dodecahedron/pentagon04.uasset" 292
"../../../../../../Users/cedri/Desktop/Fiverr/DeathStar/Content/Geometry/Meshes/Dodecahedron/pentagon02.uasset" 293
"../../../../../../Users/cedri/Desktop/Fiverr/DeathStar/Content/Geometry/Meshes/Dodecahedron/pentagon01.uasset" 294
"../../../../../../Users/cedri/Desktop/Fiverr/DeathStar/Content/Level/TestLevel.umap" 295
"../../../../../../Users/cedri/Desktop/Fiverr/DeathStar/Content/Level/LevelPenta_BuiltData.uasset" 296
"../../../../../../Users/cedri/Desktop/Fiverr/DeathStar/Content/SpaceSkyboxes/Textures/GalacticCloud/T_GalacticCloud_pos_z.uasset" 297
"../../../../../../Users/cedri/Desktop/Fiverr/DeathStar/Content/SpaceSkyboxes/Textures/GalacticCloud/T_GalacticCloud_pos_y.uasset" 298
"../../../../../../Users/cedri/Desktop/Fiverr/DeathStar/Content/SpaceSkyboxes/Textures/GalacticCloud/T_GalacticCloud_pos_x.uasset" 299
"../../../../../../Users/cedri/Desktop/Fiverr/DeathStar/Content/SpaceSkyboxes/Textures/GalacticCloud/T_GalacticCloud_neg_z.uasset" 300
"../../../../../../Users/cedri/Desktop/Fiverr/DeathStar/Content/SpaceSkyboxes/Textures/GalacticCloud/T_GalacticCloud_neg_y.uasset" 301
"../../../../../../Users/cedri/Desktop/Fiverr/DeathStar/Content/SpaceSkyboxes/Textures/GalacticCloud/T_GalacticCloud_neg_x.uasset" 302
"../../../../../../Users/cedri/Desktop/Fiverr/DeathStar/Content/SpaceSkyboxes/Blueprints/BP_IrregularGalaxy03.uasset" 303
"../../../../../../Users/cedri/Desktop/Fiverr/DeathStar/Content/frame.uasset" 304
"../../../../../../Users/cedri/Desktop/Fiverr/DeathStar/Content/Blueprints/Material/MT_Socle_2.uasset" 305
"../../../../../../Users/cedri/Desktop/Fiverr/DeathStar/Content/Level/LevelPenta.umap" 306
"../../../Engine/Content/Maps/Entry_BuiltData.uasset" 307
"../../../Engine/Content/Maps/Entry.umap" 308
