"../../../../../../Florian/DeathStar/DeathStar/Content/frame.uasset" 0
"../../../Engine/Content/EngineMaterials/T_Default_Material_Grid_N.uasset" 1
"../../../Engine/Content/EngineMaterials/T_Default_Material_Grid_M.uasset" 2
"../../../Engine/Content/Functions/Engine_MaterialFunctions01/Opacity/CameraDepthFade.uasset" 3
"../../../Engine/Content/EngineMaterials/WorldGridMaterial.uasset" 4
"../../../../../../Florian/DeathStar/DeathStar/Content/Blueprints/Tiles/Cube/SM_Pentagone.uasset" 5
"../../../../../../Florian/DeathStar/DeathStar/Content/Cylinder_Brush_StaticMesh.uasset" 6
"../../../../../../Florian/DeathStar/DeathStar/Content/Blueprints/Widget/Icons/gb.uasset" 7
"../../../../../../Florian/DeathStar/DeathStar/Content/Blueprints/Widget/Icons/fr.uasset" 8
"../../../../../../Florian/DeathStar/DeathStar/Content/Blueprints/Widget/Fond/Logo.uasset" 9
"../../../../../../Florian/DeathStar/DeathStar/Content/Localization/Font/AstroSpace-0Wl3o.uasset" 10
"../../../../../../Florian/DeathStar/DeathStar/Content/Localization/Font/AstroSpace-0Wl3o_Font.uasset" 11
"../../../../../../Florian/DeathStar/DeathStar/Content/Blueprints/Widget/Loading.uasset" 12
"../../../../../../Florian/DeathStar/DeathStar/Content/Blueprints/Widget/Fond/FondSSDTD.uasset" 13
"../../../../../../Florian/DeathStar/DeathStar/Content/Blueprints/Widget/UI/UpgradeTree/SpaceStation.uasset" 14
"../../../../../../Florian/DeathStar/DeathStar/Content/Blueprints/Widget/UI/Check.uasset" 15
"../../../../../../Florian/DeathStar/DeathStar/Content/Blueprints/Widget/UI/ArrowUpgradeTree.uasset" 16
"../../../Engine/Content/EngineResources/DefaultTexture.uasset" 17
"../../../../../../Florian/DeathStar/DeathStar/Content/Blueprints/Widget/UI/screen_line2.uasset" 18
"../../../../../../Florian/DeathStar/DeathStar/Content/Blueprints/Widget/UI/cross.uasset" 19
"../../../../../../Florian/DeathStar/DeathStar/Content/Blueprints/Widget/UI/border.uasset" 20
"../../../Engine/Content/Functions/Engine_MaterialFunctions02/Utility/BreakOutFloat2Components.uasset" 21
"../../../Engine/Content/Functions/Engine_MaterialFunctions01/Texturing/ScaleUVsByCenter.uasset" 22
"../../../../../../Florian/DeathStar/DeathStar/Content/Blueprints/Widget/UI/M_StartWaveButton.uasset" 23
"../../../../../../Florian/DeathStar/DeathStar/Content/Blueprints/Widget/UI/UpgradeTree/UT_Laser.uasset" 24
"../../../../../../Florian/DeathStar/DeathStar/Content/Blueprints/Widget/UI/UpgradeTree/UT_Plasma.uasset" 25
"../../../../../../Florian/DeathStar/DeathStar/Content/Blueprints/Widget/UI/UpgradeTree/UT_SpaceStation.uasset" 26
"../../../../../../Florian/DeathStar/DeathStar/Content/Blueprints/Widget/UI/UpgradeTree/UT_Laser_Pressed.uasset" 27
"../../../../../../Florian/DeathStar/DeathStar/Content/Blueprints/Widget/UI/UpgradeTree/UT_Plasma_Pressed.uasset" 28
"../../../../../../Florian/DeathStar/DeathStar/Content/Blueprints/Widget/UI/UpgradeTree/UT_Mortar_Pressed.uasset" 29
"../../../../../../Florian/DeathStar/DeathStar/Content/Blueprints/Widget/UI/UpgradeTree/UT_Laser_Disabled.uasset" 30
"../../../../../../Florian/DeathStar/DeathStar/Content/Blueprints/Widget/UI/UpgradeTree/UT_Plasma_Disabled.uasset" 31
"../../../../../../Florian/DeathStar/DeathStar/Content/Blueprints/Widget/UI/UpgradeTree/UT_Mortar_Disabled.uasset" 32
"../../../../../../Florian/DeathStar/DeathStar/Content/Blueprints/Widget/UI/UpgradeTree/UT_Mortar.uasset" 33
"../../../../../../Florian/DeathStar/DeathStar/Content/Blueprints/Widget/UI/UpgradeTree/UT_Flak.uasset" 34
"../../../../../../Florian/DeathStar/DeathStar/Content/Blueprints/Widget/UI/MainMenuButton.uasset" 35
"../../../../../../Florian/DeathStar/DeathStar/Content/Blueprints/Widget/UI/UpgradeTree/Cadenas.uasset" 36
"../../../../../../Florian/DeathStar/DeathStar/Content/Sound/SFX/WAV_WrongWidget.uasset" 37
"../../../../../../Florian/DeathStar/DeathStar/Content/Sound/SFX/CUE_WrongWidget.uasset" 38
"../../../../../../Florian/DeathStar/DeathStar/Content/Blueprints/System/MySaveGameObject.uasset" 39
"../../../../../../Florian/DeathStar/DeathStar/Content/Sound/TurretSFX/SFX_TurretReparationCompleted.uasset" 40
"../../../../../../Florian/DeathStar/DeathStar/Content/Sound/TurretSFX/SFX_Repair.uasset" 41
"../../../../../../Florian/DeathStar/DeathStar/Content/Sound/TurretSFX/Plasma/SFX_PlasmaCastingTime2.uasset" 42
"../../../../../../Florian/DeathStar/DeathStar/Content/Sound/SFX/AT_Turret.uasset" 43
"../../../../../../Florian/DeathStar/DeathStar/Content/Sound/TurretSFX/Plasma/CUE_PlasmaCastingTime.uasset" 44
"../../../../../../Florian/DeathStar/DeathStar/Content/Sound/TurretSFX/Mortar/mortar_explosion.uasset" 45
"../../../../../../Florian/DeathStar/DeathStar/Content/Sound/SFX/WAV_TurretDestroy.uasset" 46
"../../../../../../Florian/DeathStar/DeathStar/Content/Sound/SFX/CUE_TurretDestroy.uasset" 47
"../../../../../../Florian/DeathStar/DeathStar/Content/Sound/EnemySFX/lasrhit3.uasset" 48
"../../../../../../Florian/DeathStar/DeathStar/Content/Sound/EnemySFX/lasrhit2.uasset" 49
"../../../../../../Florian/DeathStar/DeathStar/Content/Sound/EnemySFX/lasrhit1.uasset" 50
"../../../../../../Florian/DeathStar/DeathStar/Content/Sound/EnemySFX/PH_LaserHitCue.uasset" 51
"../../../../../../Florian/DeathStar/DeathStar/Content/Asset/ShapeTesting/WorldGridMaterial.uasset" 52
"../../../../../../Florian/DeathStar/DeathStar/Content/Asset/ShapeTesting/Box_Brush_StaticMesh_Pivot.uasset" 53
"../../../Engine/Content/BasicShapes/Cube.uasset" 54
"../../Plugins/FX/Niagara/Content/Enums/ENiagaraSystemInactiveMode.uasset" 55
"../../Plugins/FX/Niagara/Content/Enums/ENiagara_EmitterStateOptions.uasset" 56
"../../Plugins/FX/Niagara/Content/Functions/System/SystemChangeState.uasset" 57
"../../Plugins/FX/Niagara/Content/Modules/System/SystemState.uasset" 58
"../../Plugins/FX/Niagara/Content/Enums/ENiagaraScaleColorMode.uasset" 59
"../../Plugins/FX/Niagara/Content/Enums/ENiagaraRandomnessMode.uasset" 60
"../../Plugins/FX/Niagara/Content/Enums/ENiagaraInactiveMode.uasset" 61
"../../Plugins/FX/Niagara/Content/Enums/ENiagaraEmitterScalabilityMode_Limited.uasset" 62
"../../Plugins/FX/Niagara/Content/Enums/ENiagaraEmitterLifeCycleMode.uasset" 63
"../../Plugins/FX/Niagara/Content/Enums/ENiagaraCoordinateSpace.uasset" 64
"../../Plugins/FX/Niagara/Content/Enums/ENiagaraChannelCorrelation.uasset" 65
"../../Plugins/FX/Niagara/Content/Enums/ENiagara_SpriteRotationMode.uasset" 66
"../../Plugins/FX/Niagara/Content/Enums/ENiagara_SizeScaleMode.uasset" 67
"../../Plugins/FX/Niagara/Content/Enums/ENiagara_PositionInitializationMode.uasset" 68
"../../Plugins/FX/Niagara/Content/Enums/ENiagara_MassInitializationMode.uasset" 69
"../../Plugins/FX/Niagara/Content/Enums/ENiagara_LifetimeMode.uasset" 70
"../../Plugins/FX/Niagara/Content/Enums/ENiagara_InfiniteLoopDuration.uasset" 71
"../../Plugins/FX/Niagara/Content/Enums/ENiagara_ColorInitializationMode.uasset" 72
"../../Plugins/FX/Niagara/Content/Modules/Update/Size/ScaleSpriteSize.uasset" 73
"../../Plugins/FX/Niagara/Content/Modules/Update/Lifetime/ParticleState.uasset" 74
"../../Plugins/FX/Niagara/Content/Modules/Update/Color/ScaleColor.uasset" 75
"../../Plugins/FX/Niagara/Content/Enums/ENiagaraRandomnessEvaluation.uasset" 76
"../../Plugins/FX/Niagara/Content/Enums/ENiagara_UVFlippingMode.uasset" 77
"../../Plugins/FX/Niagara/Content/Functions/Localspace/SimulationPosition.uasset" 78
"../../Plugins/FX/Niagara/Content/Functions/Localspace/TransformBase.uasset" 79
"../../Plugins/FX/Niagara/Content/Functions/Localspace/TransformVector.uasset" 80
"../../Plugins/FX/Niagara/Content/Functions/V2/CalculateRandomRangeFloat.uasset" 81
"../../Plugins/FX/Niagara/Content/Functions/V2/CalculateRandomRange.uasset" 82
"../../Plugins/FX/Niagara/Content/Functions/V2/CalculateRandomRangeInteger.uasset" 83
"../../Plugins/FX/Niagara/Content/Functions/V2/CalculateRandomBool.uasset" 84
"../../Plugins/FX/Niagara/Content/Functions/LinearColor/HueShiftLinearColor.uasset" 85
"../../Plugins/FX/Niagara/Content/Modules/Spawn/Initialization/V2/InitializeParticle.uasset" 86
"../../Plugins/FX/Niagara/Content/Functions/DirectionAndLengthSafe.uasset" 87
"../../Plugins/FX/Niagara/Content/Modules/Solvers/SolveForcesAndVelocity.uasset" 88
"../../Plugins/FX/Niagara/Content/Modules/Emitter/SpawnBurst_Instantaneous.uasset" 89
"../../Plugins/FX/Niagara/Content/Functions/Emitter/EmitterChangeState.uasset" 90
"../../Plugins/FX/Niagara/Content/Enums/ENiagaraExecutionStateManagement.uasset" 91
"../../Plugins/FX/Niagara/Content/Modules/Emitter/EmitterState.uasset" 92
"../../Plugins/FX/Niagara/Content/DynamicInputs/ValueFromCurve/Vector4FromCurve.uasset" 93
"../../Plugins/FX/Niagara/Content/DynamicInputs/ValueFromCurve/FloatFromCurve.uasset" 94
"../../Plugins/FX/Niagara/Content/DynamicInputs/ValueFromCurve/Vector2DFromCurve.uasset" 95
"../../Plugins/FX/Niagara/Content/DefaultAssets/DefaultSpriteMaterial.uasset" 96
"../../../../../../Florian/DeathStar/DeathStar/Content/VFX/TurretVFX/UpgradeFeedback/turret_aura_upgrade.uasset" 97
"../../../../../../Florian/DeathStar/DeathStar/Content/VFX/TurretVFX/UpgradeFeedback/radial_gradient.uasset" 98
"../../../../../../Florian/DeathStar/DeathStar/Content/VFX/TurretVFX/UpgradeFeedback/radial_gradient_Mat.uasset" 99
"../../../../../../Florian/DeathStar/DeathStar/Content/VFX/TurretVFX/UpgradeFeedback/turret_aura_upgrade_System.uasset" 100
"../../../Engine/Content/Functions/Engine_MaterialFunctions02/Utility/VectorLength.uasset" 101
"../../../Engine/Content/Functions/Engine_MaterialFunctions02/WorldPositionOffset/ObjectScale.uasset" 102
"../../../Engine/Content/Functions/Engine_MaterialFunctions02/WorldPositionOffset/ComponentPivotLocation.uasset" 103
"../../../Engine/Content/Functions/Engine_MaterialFunctions02/Utility/CameraVectorWithWPOOptions.uasset" 104
"../../../Engine/Content/Functions/Engine_MaterialFunctions02/Utility/BreakOutFloat3Components.uasset" 105
"../../../Engine/Content/Functions/Engine_MaterialFunctions02/Math/Transform3x3Matrix.uasset" 106
"../../../Engine/Content/Functions/Engine_MaterialFunctions02/Math/MakeVectorsOrthogonal.uasset" 107
"../../../Engine/Content/Functions/Engine_MaterialFunctions02/Math/InverseTransformMatrix.uasset" 108
"../../../Engine/Content/Functions/Engine_MaterialFunctions02/WorldPositionOffset/AlignMeshToTheCamera.uasset" 109
"../../../../../../Florian/DeathStar/DeathStar/Content/VFX/Crosshair/crosshairblanc.uasset" 110
"../../../../../../Florian/DeathStar/DeathStar/Content/VFX/Crosshair/Mat_Crosshair.uasset" 111
"../../../../../../Florian/DeathStar/DeathStar/Content/VFX/TurretVFX/TargetNagara/NE_Target2.uasset" 112
"../../../../../../Florian/DeathStar/DeathStar/Content/VFX/TurretVFX/TargetNagara/NE_Target2_System.uasset" 113
"../../../../../../Florian/DeathStar/DeathStar/Content/VFX/TurretVFX/RepairNiagara/gear-hammer.uasset" 114
"../../../../../../Florian/DeathStar/DeathStar/Content/VFX/TurretVFX/RepairNiagara/Mat_Repair.uasset" 115
"../../../../../../Florian/DeathStar/DeathStar/Content/VFX/TurretVFX/RepairNiagara/NE_Repair_System.uasset" 116
"../../Plugins/FX/Niagara/Content/Enums/ENiagaraSphereDistributionMode.uasset" 117
"../../Plugins/FX/Niagara/Content/Enums/ENiagaraExpansionMode.uasset" 118
"../../Plugins/FX/Niagara/Content/Functions/NormalizeDistanceRange.uasset" 119
"../../Plugins/FX/Niagara/Content/Functions/DistanceBasedFalloff.uasset" 120
"../../Plugins/FX/Niagara/Content/Functions/GetRandomInfo.uasset" 121
"../../Plugins/FX/Niagara/Content/Functions/RandomRangeFloat.uasset" 122
"../../Plugins/FX/Niagara/Content/Functions/RandomUnitVector.uasset" 123
"../../Plugins/FX/Niagara/Content/Functions/RandomVector.uasset" 124
"../../Plugins/FX/Niagara/Content/Modules/Spawn/Velocity/AddVelocityFromPoint.uasset" 125
"../../Plugins/FX/Niagara/Content/Functions/SphericalToCartesianCoordinates.uasset" 126
"../../Plugins/FX/Niagara/Content/Functions/V2/CalculateRandomPointInSphere.uasset" 127
"../../Plugins/FX/Niagara/Content/Functions/Rotation/MultiplyVectorWithQuaternion.uasset" 128
"../../Plugins/FX/Niagara/Content/Functions/Rotation/FindQuatBetween.uasset" 129
"../../Plugins/FX/Niagara/Content/Modules/Spawn/Location/V2/SphereLocation.uasset" 130
"../../Plugins/FX/Niagara/Content/DynamicInputs/TypeConversions/Vector2DFromFloat.uasset" 131
"../../../../../../Florian/DeathStar/DeathStar/Content/VFX/TurretVFX/Mortar_Explosion/burst1.uasset" 132
"../../../../../../Florian/DeathStar/DeathStar/Content/VFX/TurretVFX/Mortar_Explosion/M_burst_boom.uasset" 133
"../../Plugins/FX/Niagara/Content/Modules/Update/Size/ScaleMeshSize.uasset" 134
"../../../../../../Florian/DeathStar/DeathStar/Content/VFX/TurretVFX/Mortar_Explosion/T_Noise4.uasset" 135
"../../../Engine/Content/Functions/Engine_MaterialFunctions01/Gradient/LinearGradient.uasset" 136
"../../../Engine/Content/Functions/Engine_MaterialFunctions01/ImageAdjustment/CheapContrast.uasset" 137
"../../../../../../Florian/DeathStar/DeathStar/Content/VFX/TurretVFX/Mortar_Explosion/M_explosionspace.uasset" 138
"../../Plugins/FX/Niagara/Content/DynamicInputs/ScaleByCurve/ScaleFloatByCurve.uasset" 139
"../../Plugins/FX/Niagara/Content/Enums/ENiagaraMassByVolume.uasset" 140
"../../Plugins/FX/Niagara/Content/Modules/Update/Mass/CalculateSizeAndRotationalInertiaByMass.uasset" 141
"../../Plugins/FX/Niagara/Content/DynamicInputs/UniformRange/V2/RandomRangeFloat.uasset" 142
"../../Plugins/FX/Niagara/Content/DynamicInputs/Helpers/SimulationPosition.uasset" 143
"../../../Engine/Content/EngineMeshes/Sphere.uasset" 144
"../../../../../../Florian/DeathStar/DeathStar/Content/VFX/TurretVFX/Mortar_Explosion/FX_boom.uasset" 145
"../../../../../../Florian/DeathStar/DeathStar/Content/VFX/EnemyVFX/impact_laser.uasset" 146
"../../../../../../Florian/DeathStar/DeathStar/Content/Blueprints/Widget/imageTuto/Joystick.uasset" 147
"../../../../../../Florian/DeathStar/DeathStar/Content/VFX/EnemyVFX/Mat_LaserImpact.uasset" 148
"../../../../../../Florian/DeathStar/DeathStar/Content/VFX/EnemyVFX/impact_laser_System.uasset" 149
"../../../../../../Florian/DeathStar/DeathStar/Content/VFX/TurretVFX/-PLACEHOLDERMaterial_HitDetection.uasset" 150
"../../../../../../Florian/DeathStar/DeathStar/Content/Blueprints/Material/PH_LaserSightTempMat.uasset" 151
"../../Plugins/FX/Niagara/Content/Modules/Update/Color/Color.uasset" 152
"../../Plugins/FX/Niagara/Content/Functions/Spline/FindPositionOnBezierSpline.uasset" 153
"../../Plugins/FX/Niagara/Content/Modules/Beams/UpdateBeam.uasset" 154
"../../Plugins/FX/Niagara/Content/Functions/NormalizedExecutionIndex.uasset" 155
"../../Plugins/FX/Niagara/Content/Modules/Beams/SpawnBeam.uasset" 156
"../../Plugins/FX/Niagara/Content/Modules/Beams/BeamWidth.uasset" 157
"../../Plugins/FX/Niagara/Content/DynamicInputs/Multiply/Multiply_VectorByFloat.uasset" 158
"../../Plugins/FX/Niagara/Content/Functions/Localspace/TransformPosition.uasset" 159
"../../Plugins/FX/Niagara/Content/Modules/Beams/BeamEmitterSetup.uasset" 160
"../../../../../../Florian/DeathStar/DeathStar/Content/VFX/TurretVFX/TurretRoundsNiagara/Mat_TurretRoundsParticles.uasset" 161
"../../../../../../Florian/DeathStar/DeathStar/Content/VFX/TurretVFX/TurretRoundsNiagara/Mat_LaserRoundsParticles_Laser.uasset" 162
"../../../../../../Florian/DeathStar/DeathStar/Content/VFX/TurretVFX/TurretRoundsNiagara/NE_LaserRounds.uasset" 163
"../../../../../../Florian/DeathStar/DeathStar/Content/VFX/TurretVFX/TurretRoundsNiagara/NE_LaserRounds_System.uasset" 164
"../../../../../../Florian/DeathStar/DeathStar/Content/VFX/TurretVFX/TurretRoundsNiagara/Mat_Projectiles.uasset" 165
"../../../Engine/Content/EngineMaterials/DefaultMaterial.uasset" 166
"../../../Engine/Content/BasicShapes/Cylinder.uasset" 167
"../../../../../../Florian/DeathStar/DeathStar/Content/Blueprints/System/FloatingAIMovement/Blueprints/Floating_AI_Right_Up_Detection_Location.uasset" 168
"../../../../../../Florian/DeathStar/DeathStar/Content/Blueprints/System/FloatingAIMovement/Blueprints/Floating_AI_Right_Down_Detection_Location.uasset" 169
"../../../../../../Florian/DeathStar/DeathStar/Content/Blueprints/System/FloatingAIMovement/Blueprints/Floating_AI_Right_Detection_Location.uasset" 170
"../../../../../../Florian/DeathStar/DeathStar/Content/Blueprints/System/FloatingAIMovement/Blueprints/Floating_AI_Unreachable_Enum.uasset" 171
"../../../Engine/Content/EditorBlueprintResources/StandardMacros.uasset" 172
"../../../../../../Florian/DeathStar/DeathStar/Content/Blueprints/System/FloatingAIMovement/Blueprints/Floating_AI_Movement.uasset" 173
"../../../../../../Florian/DeathStar/DeathStar/Content/Blueprints/System/FloatingAIMovement/Blueprints/Floating_AI_Middle_Of_Mesh_Location.uasset" 174
"../../../../../../Florian/DeathStar/DeathStar/Content/Blueprints/System/FloatingAIMovement/Blueprints/Floating_AI_Left_Up_Detection_Location.uasset" 175
"../../../../../../Florian/DeathStar/DeathStar/Content/Blueprints/System/FloatingAIMovement/Blueprints/Floating_AI_Left_Down_Detection_Location.uasset" 176
"../../../../../../Florian/DeathStar/DeathStar/Content/Blueprints/System/FloatingAIMovement/Blueprints/Floating_AI_Left_Detection_Location.uasset" 177
"../../../../../../Florian/DeathStar/DeathStar/Content/Blueprints/System/FloatingAIMovement/Blueprints/Floating_AI_Behind_Up_Detection_Location.uasset" 178
"../../../../../../Florian/DeathStar/DeathStar/Content/Blueprints/System/FloatingAIMovement/Blueprints/Floating_AI_Behind_Down_Detection_Location.uasset" 179
"../../../../../../Florian/DeathStar/DeathStar/Content/Blueprints/System/FloatingAIMovement/Blueprints/Floating_AI_Behind_Detection_Location.uasset" 180
"../../../../../../Florian/DeathStar/DeathStar/Content/Asset/EnemyModels/Freighter/freighter_mask.uasset" 181
"../../../../../../Florian/DeathStar/DeathStar/Content/Asset/EnemyModels/Freighter/freighter_low_TT_checker_512x512_UV_GRID_001_Normal.uasset" 182
"../../../../../../Florian/DeathStar/DeathStar/Content/Asset/EnemyModels/Freighter/freighter_low_TT_checker_512x512_UV_GRID_001_Emissive.uasset" 183
"../../../../../../Florian/DeathStar/DeathStar/Content/Asset/EnemyModels/Freighter/freighter_low_TT_checker_512x512_UV_GRID_001_OcclusionRoughnessMetallic.uasset" 184
"../../../../../../Florian/DeathStar/DeathStar/Content/Asset/EnemyModels/Freighter/freighter_low_TT_checker_512x512_UV_GRID_001_BaseColor.uasset" 185
"../../../../../../Florian/DeathStar/DeathStar/Content/Asset/EnemyModels/Freighter/Freighter_Color.uasset" 186
"../../../../../../Florian/DeathStar/DeathStar/Content/Asset/EnemyModels/Freighter/Freighter_Color_Superior.uasset" 187
"../../../../../../Florian/DeathStar/DeathStar/Content/Sound/SFX/AT_Ennemy.uasset" 188
"../../../../../../Florian/DeathStar/DeathStar/Content/Sound/SFX/WAV_Scout.uasset" 189
"../../../../../../Florian/DeathStar/DeathStar/Content/Sound/SFX/CUE_Scout.uasset" 190
"../../../../../../Florian/DeathStar/DeathStar/Content/Muzzles/Meshes/SM_MuzzleCone.uasset" 191
"../../../../../../Florian/DeathStar/DeathStar/Content/Muzzles/Textures/flash18.uasset" 192
"../../../../../../Florian/DeathStar/DeathStar/Content/Muzzles/Materials/M_50CalSide.uasset" 193
"../../../../../../Florian/DeathStar/DeathStar/Content/Muzzles/Textures/T_Water_N.uasset" 194
"../../../../../../Florian/DeathStar/DeathStar/Content/Muzzles/Materials/M_Heat_Distortion.uasset" 195
"../../../../../../Florian/DeathStar/DeathStar/Content/Muzzles/Materials/M_Heat_Distortion_Inst.uasset" 196
"../../../../../../Florian/DeathStar/DeathStar/Content/Muzzles/Textures/T_SquareMaskTightEdge.uasset" 197
"../../../../../../Florian/DeathStar/DeathStar/Content/Muzzles/Textures/T_TileNoise.uasset" 198
"../../../../../../Florian/DeathStar/DeathStar/Content/Muzzles/Materials/M_MuzzleGlow.uasset" 199
"../../../../../../Florian/DeathStar/DeathStar/Content/Muzzles/Textures/T_Lensflare_01.uasset" 200
"../../../../../../Florian/DeathStar/DeathStar/Content/Muzzles/Materials/M_Lensflare_01.uasset" 201
"../../../Engine/Content/Functions/Engine_MaterialFunctions01/Gradient/RadialGradient.uasset" 202
"../../../../../../Florian/DeathStar/DeathStar/Content/Muzzles/Materials/M_SoftGradient_Muzzle.uasset" 203
"../../../../../../Florian/DeathStar/DeathStar/Content/Muzzles/Textures/singles1.uasset" 204
"../../../../../../Florian/DeathStar/DeathStar/Content/Muzzles/Materials/M_FlashSet1.uasset" 205
"../../../../../../Florian/DeathStar/DeathStar/Content/Muzzles/Textures/T_SmokeBall_01_8_8.uasset" 206
"../../../../../../Florian/DeathStar/DeathStar/Content/Muzzles/Textures/T_Clouds_01.uasset" 207
"../../../../../../Florian/DeathStar/DeathStar/Content/Muzzles/Materials/M_ImpactSmoke.uasset" 208
"../../../../../../Florian/DeathStar/DeathStar/Content/Muzzles/Particles/P_Muzzle56.uasset" 209
"../../../../../../Florian/DeathStar/DeathStar/Content/Asset/EnemyModels/Freighter/freighter_low.uasset" 210
"../../../../../../Florian/DeathStar/DeathStar/Content/Blueprints/Enemy/BPC_Freighter.uasset" 211
"../../../../../../Florian/DeathStar/DeathStar/Content/Blueprints/Enemy/BPC_Freighter_Superior.uasset" 212
"../../../../../../Florian/DeathStar/DeathStar/Content/Asset/EnemyModels/Martyr/martyr_low_TT_checker_512x512_UV_GRID_OcclusionRoughnessMetallic.uasset" 213
"../../../../../../Florian/DeathStar/DeathStar/Content/Asset/EnemyModels/Martyr/martyr_low_TT_checker_512x512_UV_GRID_Emissive.uasset" 214
"../../../../../../Florian/DeathStar/DeathStar/Content/Asset/EnemyModels/Martyr/martyr_low_TT_checker_512x512_UV_GRID_BaseColor.uasset" 215
"../../../../../../Florian/DeathStar/DeathStar/Content/Asset/EnemyModels/Martyr/martyr_low_TT_checker_512x512_UV_GRID_Normal.uasset" 216
"../../../../../../Florian/DeathStar/DeathStar/Content/Asset/EnemyModels/Martyr/martyr_mask.uasset" 217
"../../../../../../Florian/DeathStar/DeathStar/Content/Asset/EnemyModels/Martyr/Martyr_Color.uasset" 218
"../../../../../../Florian/DeathStar/DeathStar/Content/Asset/EnemyModels/Martyr/Martyr_Color_Superior.uasset" 219
"../../../../../../Florian/DeathStar/DeathStar/Content/Asset/EnemyModels/Martyr/martyr_low.uasset" 220
"../../../../../../Florian/DeathStar/DeathStar/Content/Asset/Base/frame_0.uasset" 221
"../../../../../../Florian/DeathStar/DeathStar/Content/Asset/Base/frame.uasset" 222
"../../../../../../Florian/DeathStar/DeathStar/Content/Asset/Base/Mat_frame.uasset" 223
"../../../../../../Florian/DeathStar/DeathStar/Content/Blueprints/Tiles/BP_frame_Blueprint.uasset" 224
"../../../Engine/Content/Functions/Engine_MaterialFunctions01/Density/ExponentialDensity.uasset" 225
"../../../Engine/Content/Functions/Engine_MaterialFunctions01/Gradient/RadialGradientExponential.uasset" 226
"../../../../../../Florian/DeathStar/DeathStar/Content/VFX/M_Lightning.uasset" 227
"../../../../../../Florian/DeathStar/DeathStar/Content/VFX/P_LightMartyrSuperior.uasset" 228
"../../../../../../Florian/DeathStar/DeathStar/Content/VFX/P_LightMartyrElite.uasset" 229
"../../../../../../Florian/DeathStar/DeathStar/Content/VFX/P_LightFreighterSuperior.uasset" 230
"../../../../../../Florian/DeathStar/DeathStar/Content/VFX/P_LightFreighterElite.uasset" 231
"../../../../../../Florian/DeathStar/DeathStar/Content/VFX/P_LightFreighter.uasset" 232
"../../../../../../Florian/DeathStar/DeathStar/Content/VFX/P_LightMartyr.uasset" 233
"../../../../../../Florian/DeathStar/DeathStar/Content/VFX/P_LightScoutSuperior.uasset" 234
"../../../../../../Florian/DeathStar/DeathStar/Content/VFX/P_LightScoutElite.uasset" 235
"../../../../../../Florian/DeathStar/DeathStar/Content/VFX/P_LightScout.uasset" 236
"../../../../../../Florian/DeathStar/DeathStar/Content/Blueprints/Enum/Enemy.uasset" 237
"../../../../../../Florian/DeathStar/DeathStar/Content/Blueprints/SpawnerTarget/BP_Target.uasset" 238
"../../../../../../Florian/DeathStar/DeathStar/Content/Blueprints/System/MyMacroLibrary.uasset" 239
"../../../../../../Florian/DeathStar/DeathStar/Content/Asset/EnemyModels/Martyr/Martyr_Color_Elite.uasset" 240
"../../../../../../Florian/DeathStar/DeathStar/Content/Blueprints/Enemy/BPC_Martyr_Elite.uasset" 241
"../../../../../../Florian/DeathStar/DeathStar/Content/Asset/EnemyModels/Scout/scout_mask.uasset" 242
"../../../../../../Florian/DeathStar/DeathStar/Content/Asset/EnemyModels/Scout/scout_low2_scout_ship_OcclusionRoughnessMetallic.uasset" 243
"../../../../../../Florian/DeathStar/DeathStar/Content/Asset/EnemyModels/Scout/scout_low2_scout_ship_Normal.uasset" 244
"../../../../../../Florian/DeathStar/DeathStar/Content/Asset/EnemyModels/Scout/scout_low2_scout_ship_BaseColor.uasset" 245
"../../../../../../Florian/DeathStar/DeathStar/Content/Asset/EnemyModels/Scout/scout_low2_scout_ship_Emissive.uasset" 246
"../../../../../../Florian/DeathStar/DeathStar/Content/Asset/EnemyModels/Scout/Scout_Color.uasset" 247
"../../../../../../Florian/DeathStar/DeathStar/Content/Asset/EnemyModels/Scout/Scout_Color_Elite.uasset" 248
"../../../../../../Florian/DeathStar/DeathStar/Content/Asset/EnemyModels/Scout/scout_low2.uasset" 249
"../../../../../../Florian/DeathStar/DeathStar/Content/Blueprints/Enemy/BPC_Scout.uasset" 250
"../../../../../../Florian/DeathStar/DeathStar/Content/Blueprints/Enemy/BPC_Scout_Elite.uasset" 251
"../../../../../../Florian/DeathStar/DeathStar/Content/Asset/EnemyModels/Scout/Scout_Color_Superior.uasset" 252
"../../../../../../Florian/DeathStar/DeathStar/Content/Blueprints/Enemy/BPC_Scout_Superior.uasset" 253
"../../../../../../Florian/DeathStar/DeathStar/Content/Asset/EnemyModels/Freighter/Freighter_Color_Elite.uasset" 254
"../../../../../../Florian/DeathStar/DeathStar/Content/Blueprints/Enemy/BPC_Freighter_Elite.uasset" 255
"../../../../../../Florian/DeathStar/DeathStar/Content/Sound/UI/SELECT_SAMPLE_01_06.uasset" 256
"../../../../../../Florian/DeathStar/DeathStar/Content/Sound/SFX/WAV_PreparationTurret.uasset" 257
"../../../../../../Florian/DeathStar/DeathStar/Content/Sound/SFX/WAV_PreparationTurret_Cue.uasset" 258
"../../../../../../Florian/DeathStar/DeathStar/Content/Sound/SFX/WAV_InGameWaves.uasset" 259
"../../../../../../Florian/DeathStar/DeathStar/Content/Sound/SFX/WAV_InGameWaves_Cue.uasset" 260
"../../../../../../Florian/DeathStar/DeathStar/Content/Sound/SFX/WAV_StartingWaves.uasset" 261
"../../../../../../Florian/DeathStar/DeathStar/Content/Sound/SFX/CUE_StartingWaves.uasset" 262
"../../../../../../Florian/DeathStar/DeathStar/Content/Sound/SFX/WAV_Select.uasset" 263
"../../../../../../Florian/DeathStar/DeathStar/Content/Sound/SFX/CUE_Select.uasset" 264
"../../../../../../Florian/DeathStar/DeathStar/Content/Blueprints/Widget/UI/FlakButton/M_FlakTuto.uasset" 265
"../../../../../../Florian/DeathStar/DeathStar/Content/Blueprints/Widget/UI/LaserButton/M_LaserTuto.uasset" 266
"../../../../../../Florian/DeathStar/DeathStar/Content/Sound/SFX/WAV_TilesSelected.uasset" 267
"../../../../../../Florian/DeathStar/DeathStar/Content/Sound/SFX/CUE_TilesSelected.uasset" 268
"../../../Engine/Content/BasicShapes/Plane.uasset" 269
"../../../../../../Florian/DeathStar/DeathStar/Content/Blueprints/Tiles/Cube/TilesFBX/Face_death_star_normal.uasset" 270
"../../../../../../Florian/DeathStar/DeathStar/Content/Blueprints/Tiles/Cube/TilesFBX/Face_death_star_emissive.uasset" 271
"../../../../../../Florian/DeathStar/DeathStar/Content/Blueprints/Tiles/Cube/TilesFBX/Face_death_star_basecolor.uasset" 272
"../../../../../../Florian/DeathStar/DeathStar/Content/Blueprints/Tiles/Cube/TilesFBX/Face_death_star_mask.uasset" 273
"../../../../../../Florian/DeathStar/DeathStar/Content/Blueprints/Tiles/Cube/TilesFBX/Face_death_star_roughness.uasset" 274
"../../../../../../Florian/DeathStar/DeathStar/Content/Blueprints/Tiles/Cube/TilesFBX/Face_death_star_metallic.uasset" 275
"../../../../../../Florian/DeathStar/DeathStar/Content/Blueprints/Tiles/Cube/TilesFBX/Mat_Tiles.uasset" 276
"../../../Engine/Content/Functions/Engine_MaterialFunctions02/Utility/AppendMany.uasset" 277
"../../../../../../Florian/DeathStar/DeathStar/Content/Blueprints/Material/MT_Socle_CellShading3.uasset" 278
"../../../../../../Florian/DeathStar/DeathStar/Content/VFX/TurretVFX/Outline/OutlineSocle+Top/TT_checker_512x512_UV_GRID_002.uasset" 279
"../../../../../../Florian/DeathStar/DeathStar/Content/VFX/TurretVFX/Outline/OutlineSocle+Top/turret_stack_outline_top.uasset" 280
"../../../../../../Florian/DeathStar/DeathStar/Content/VFX/TurretVFX/Outline/OutlineSocle+Top/turret_stack_outline_socle.uasset" 281
"../../../../../../Florian/DeathStar/DeathStar/Content/Sound/TurretSFX/Flak/Flak_Sound_Cue2.uasset" 282
"../../../../../../Florian/DeathStar/DeathStar/Content/Asset/Defense/Laser/turret_laser_low_laser_OcclusionRoughnessMetallic.uasset" 283
"../../../../../../Florian/DeathStar/DeathStar/Content/Asset/Defense/Laser/turret_laser_low_laser_Normal.uasset" 284
"../../../../../../Florian/DeathStar/DeathStar/Content/Asset/Defense/Laser/turret_laser_low_laser_Emissive.uasset" 285
"../../../../../../Florian/DeathStar/DeathStar/Content/Asset/Defense/Laser/turret_laser_low_laser_BaseColor.uasset" 286
"../../../../../../Florian/DeathStar/DeathStar/Content/Asset/Defense/Laser/TT_checker_512x512_UV_GRID_Laser.uasset" 287
"../../../../../../Florian/DeathStar/DeathStar/Content/Asset/Defense/Flak/turret_stack_low_stack_OcclusionRoughnessMetallic.uasset" 288
"../../../../../../Florian/DeathStar/DeathStar/Content/Asset/Defense/Flak/turret_stack_low_stack_Normal.uasset" 289
"../../../../../../Florian/DeathStar/DeathStar/Content/Asset/Defense/Flak/turret_stack_low_stack_Emissive.uasset" 290
"../../../../../../Florian/DeathStar/DeathStar/Content/Asset/Defense/Flak/turret_stack_low_stack_BaseColor.uasset" 291
"../../../../../../Florian/DeathStar/DeathStar/Content/Asset/Defense/Flak/TT_checker_512x512_UV_GRID_Flak.uasset" 292
"../../../../../../Florian/DeathStar/DeathStar/Content/Asset/Defense/Flak/turret_stack_top.uasset" 293
"../../../../../../Florian/DeathStar/DeathStar/Content/Asset/Defense/Flak/turret_stack_socle.uasset" 294
"../../../../../../Florian/DeathStar/DeathStar/Content/VFX/TurretVFX/-PLACEHOLDERMaterial_HitDetection_Flak.uasset" 295
"../../../../../../Florian/DeathStar/DeathStar/Content/VFX/TurretVFX/TurretRoundsNiagara/Mat_Projectiles_Flak.uasset" 296
"../../../../../../Florian/DeathStar/DeathStar/Content/VFX/TurretVFX/TurretRoundsNiagara/Flak_Projectiles_Mesh.uasset" 297
"../../../../../../Florian/DeathStar/DeathStar/Content/VFX/TurretVFX/TurretRoundsNiagara/BP_TurretProjectiles_Flak.uasset" 298
"../../../../../../Florian/DeathStar/DeathStar/Content/Sound/TurretSFX/SFX_UpgradeCompleted.uasset" 299
"../../../../../../Florian/DeathStar/DeathStar/Content/Blueprints/Widget/UI_LifeTurret.uasset" 300
"../../../../../../Florian/DeathStar/DeathStar/Content/Sound/LevelOneMusics/Wave0_Automation.uasset" 301
"../../../../../../Florian/DeathStar/DeathStar/Content/Sound/LevelOneMusics/Wave1-10_Chasing-Vilain.uasset" 302
"../../../../../../Florian/DeathStar/DeathStar/Content/Sound/LevelOneMusics/Music_LevelOne_Cue.uasset" 303
"../../../../../../Florian/DeathStar/DeathStar/Content/Sound/LevelOneMusics/BP_Music_Interface.uasset" 304
"../../../../../../Florian/DeathStar/DeathStar/Content/Sound/LevelOneMusics/GameStateBase_LevelOne.uasset" 305
"../../../../../../Florian/DeathStar/DeathStar/Content/UltimateTouchComponents/Core/IUTCWidget.uasset" 306
"../../../../../../Florian/DeathStar/DeathStar/Content/Blueprints/Widget/UI/joystick-2.uasset" 307
"../../../../../../Florian/DeathStar/DeathStar/Content/Blueprints/Widget/UI/joystick_background.uasset" 308
"../../../../../../Florian/DeathStar/DeathStar/Content/UltimateTouchComponents/AnimatedWidgets/JoystickWidgetAnimated.uasset" 309
"../../../../../../Florian/DeathStar/DeathStar/Content/Sound/SFX/WAV_Defeat.uasset" 310
"../../../../../../Florian/DeathStar/DeathStar/Content/Sound/SFX/CUE_Defeat.uasset" 311
"../../../../../../Florian/DeathStar/DeathStar/Content/Asset/Base/HeartColor.uasset" 312
"../../../../../../Florian/DeathStar/DeathStar/Content/UltimateTouchComponents/Core/UTCDebugWidget.uasset" 313
"../../../../../../Florian/DeathStar/DeathStar/Content/UltimateTouchComponents/Core/UTCPinchDebugWidget.uasset" 314
"../../../../../../Florian/DeathStar/DeathStar/Content/UltimateTouchComponents/Core/UTCComponent.uasset" 315
"../../../../../../Florian/DeathStar/DeathStar/Content/UltimateTouchComponents/Core/UTCPinchComponent.uasset" 316
"../../../../../../Florian/DeathStar/DeathStar/Content/UltimateTouchComponents/Core/EUTCJoystickAxes.uasset" 317
"../../../../../../Florian/DeathStar/DeathStar/Content/UltimateTouchComponents/Core/UTCJoystickDebugWidget.uasset" 318
"../../../../../../Florian/DeathStar/DeathStar/Content/UltimateTouchComponents/Core/UTCJoystickComponent.uasset" 319
"../../../../../../Florian/DeathStar/DeathStar/Content/UltimateTouchComponents/Core/UTCMacroLibrary.uasset" 320
"../../../Engine/Content/BasicShapes/Sphere.uasset" 321
"../../../../../../Florian/DeathStar/DeathStar/Content/Blueprints/Widget/PauseMenu.uasset" 322
"../../../../../../Florian/DeathStar/DeathStar/Content/Blueprints/Widget/imageTuto/TouchMovementRight.uasset" 323
"../../../../../../Florian/DeathStar/DeathStar/Content/Blueprints/Widget/imageTuto/TouchMovementLeft.uasset" 324
"../../../../../../Florian/DeathStar/DeathStar/Content/Blueprints/Widget/imageTuto/PinchRight.uasset" 325
"../../../../../../Florian/DeathStar/DeathStar/Content/Blueprints/Widget/imageTuto/PinchLeft.uasset" 326
"../../../../../../Florian/DeathStar/DeathStar/Content/Blueprints/Widget/UI/DialogueBox/Fondblanc.uasset" 327
"../../../../../../Florian/DeathStar/DeathStar/Content/Blueprints/Widget/UI/DialogueBox/M_Dialogue_Border.uasset" 328
"../../../../../../Florian/DeathStar/DeathStar/Content/Localization/TextDataTable.uasset" 329
"../../../../../../Florian/DeathStar/DeathStar/Content/Blueprints/Widget/UI/ScreenLine3.uasset" 330
"../../../../../../Florian/DeathStar/DeathStar/Content/Blueprints/Widget/UI/DialogueBox/M_DialogueBox_x.uasset" 331
"../../../../../../Florian/DeathStar/DeathStar/Content/Blueprints/Widget/UI/DialogueBox/M_DialogueBox_Inst_Test.uasset" 332
"../../../../../../Florian/DeathStar/DeathStar/Content/Blueprints/Widget/UI/DialogueBox/AIFace.uasset" 333
"../../../../../../Florian/DeathStar/DeathStar/Content/Blueprints/Widget/WB_TutoGesture.uasset" 334
"../../../../../../Florian/DeathStar/DeathStar/Content/Sound/SFX/WAV_Victory.uasset" 335
"../../../../../../Florian/DeathStar/DeathStar/Content/Sound/SFX/CUE_Victory.uasset" 336
"../../../../../../Florian/DeathStar/DeathStar/Content/Blueprints/Widget/WB_EndGame.uasset" 337
"../../../../../../Florian/DeathStar/DeathStar/Content/Blueprints/System/BP_Heart.uasset" 338
"../../../../../../Florian/DeathStar/DeathStar/Content/Blueprints/System/BP_GameMode.uasset" 339
"../../../../../../Florian/DeathStar/DeathStar/Content/Blueprints/Defense/BPC_Flak.uasset" 340
"../../../../../../Florian/DeathStar/DeathStar/Content/VFX/TurretVFX/Outline/OutlineSocle+Top/TT_checker_512x512_UV_GRID_008.uasset" 341
"../../../../../../Florian/DeathStar/DeathStar/Content/VFX/TurretVFX/Outline/OutlineSocle+Top/turret_laser_outline_top.uasset" 342
"../../../../../../Florian/DeathStar/DeathStar/Content/VFX/TurretVFX/Outline/OutlineSocle+Top/turret_laser_outline_socle.uasset" 343
"../../../../../../Florian/DeathStar/DeathStar/Content/Sound/SFX/WAV_Laser.uasset" 344
"../../../../../../Florian/DeathStar/DeathStar/Content/Sound/SFX/CUE_Laser.uasset" 345
"../../../../../../Florian/DeathStar/DeathStar/Content/Asset/Defense/Laser/turret_laser_top.uasset" 346
"../../../../../../Florian/DeathStar/DeathStar/Content/Asset/Defense/Laser/turret_laser_socle.uasset" 347
"../../../../../../Florian/DeathStar/DeathStar/Content/VFX/TurretVFX/-PLACEHOLDERMaterial_HitDetection_Laser.uasset" 348
"../../../../../../Florian/DeathStar/DeathStar/Content/VFX/TurretVFX/TurretRoundsNiagara/BP_TurretProjectiles_Laser.uasset" 349
"../../../../../../Florian/DeathStar/DeathStar/Content/Blueprints/Defense/BPC_Laser.uasset" 350
"../../../../../../Florian/DeathStar/DeathStar/Content/VFX/TurretVFX/Outline/TT_checker_512x512_UV_GRID_007.uasset" 351
"../../../../../../Florian/DeathStar/DeathStar/Content/VFX/TurretVFX/Outline/turret_mortar_outline.uasset" 352
"../../../../../../Florian/DeathStar/DeathStar/Content/Sound/TurretSFX/Mortar/LASER_SAMPLE_03_06.uasset" 353
"../../../../../../Florian/DeathStar/DeathStar/Content/Sound/TurretSFX/Mortar/LASER_SAMPLE_03_05.uasset" 354
"../../../../../../Florian/DeathStar/DeathStar/Content/Sound/TurretSFX/Mortar/Mortar_SoundCue.uasset" 355
"../../../../../../Florian/DeathStar/DeathStar/Content/Asset/Defense/Mortar/turret_mortar_low_mortar_Emissive.uasset" 356
"../../../../../../Florian/DeathStar/DeathStar/Content/Asset/Defense/Mortar/turret_mortar_low_mortar_BaseColor.uasset" 357
"../../../../../../Florian/DeathStar/DeathStar/Content/Asset/Defense/Mortar/turret_mortar_low_mortar_OcclusionRoughnessMetallic.uasset" 358
"../../../../../../Florian/DeathStar/DeathStar/Content/Asset/Defense/Mortar/turret_mortar_low_mortar_Normal.uasset" 359
"../../../../../../Florian/DeathStar/DeathStar/Content/Asset/Defense/Mortar/TT_checker_512x512_UV_GRID_Mortar.uasset" 360
"../../../../../../Florian/DeathStar/DeathStar/Content/Asset/Defense/Mortar/turret_mortar_low.uasset" 361
"../../../../../../Florian/DeathStar/DeathStar/Content/VFX/TurretVFX/-PLACEHOLDERMaterial_HitDetection_Mortar.uasset" 362
"../../../../../../Florian/DeathStar/DeathStar/Content/VFX/TurretVFX/TurretRoundsNiagara/Mortar_Projectile_Mesh.uasset" 363
"../../../../../../Florian/DeathStar/DeathStar/Content/VFX/TurretVFX/TurretRoundsNiagara/Mat_Projectiles_Mortar.uasset" 364
"../../../../../../Florian/DeathStar/DeathStar/Content/VFX/TurretVFX/TurretRoundsNiagara/BP_TurretProjectiles_Mortar.uasset" 365
"../../../../../../Florian/DeathStar/DeathStar/Content/Blueprints/Defense/BPC_Mortar.uasset" 366
"../../../../../../Florian/DeathStar/DeathStar/Content/VFX/TurretVFX/Outline/OutlineSocle+Top/TT_checker_512x512_UV_GRID_001.uasset" 367
"../../../../../../Florian/DeathStar/DeathStar/Content/VFX/TurretVFX/Outline/OutlineSocle+Top/turret_plasma_outline_top.uasset" 368
"../../../../../../Florian/DeathStar/DeathStar/Content/VFX/TurretVFX/Outline/OutlineSocle+Top/turret_plasma_outline_socle.uasset" 369
"../../../../../../Florian/DeathStar/DeathStar/Content/Sound/SFX/WAV_Plasma.uasset" 370
"../../../../../../Florian/DeathStar/DeathStar/Content/Sound/TurretSFX/Plasma/CUE_Plasma.uasset" 371
"../../../../../../Florian/DeathStar/DeathStar/Content/Asset/Defense/Plasma/turret_plasma_low_plasma_Normal.uasset" 372
"../../../../../../Florian/DeathStar/DeathStar/Content/Asset/Defense/Plasma/turret_plasma_low_plasma_Emissive.uasset" 373
"../../../../../../Florian/DeathStar/DeathStar/Content/Asset/Defense/Plasma/turret_plasma_low_plasma_BaseColor.uasset" 374
"../../../../../../Florian/DeathStar/DeathStar/Content/Asset/Defense/Plasma/turret_plasma_low_plasma_OcclusionRoughnessMetallic.uasset" 375
"../../../../../../Florian/DeathStar/DeathStar/Content/Asset/Defense/Plasma/TT_checker_512x512_UV_GRID_Plasma.uasset" 376
"../../../../../../Florian/DeathStar/DeathStar/Content/Asset/Defense/Plasma/turret_plasma_top.uasset" 377
"../../../../../../Florian/DeathStar/DeathStar/Content/Asset/Defense/Plasma/turret_plasma_socle.uasset" 378
"../../../../../../Florian/DeathStar/DeathStar/Content/VFX/TurretVFX/-PLACEHOLDERMaterial_HitDetection_Plasma.uasset" 379
"../../../../../../Florian/DeathStar/DeathStar/Content/VFX/TurretVFX/Outline/TT_checker_512x512_UV_GRID_008.uasset" 380
"../../../../../../Florian/DeathStar/DeathStar/Content/VFX/TurretVFX/TurretRoundsNiagara/Plasma_Projectile_Mesh.uasset" 381
"../../../../../../Florian/DeathStar/DeathStar/Content/VFX/TurretVFX/TurretRoundsNiagara/Mat_Projectiles_Plasma.uasset" 382
"../../../../../../Florian/DeathStar/DeathStar/Content/VFX/TurretVFX/TurretRoundsNiagara/BP_TurretProjectiles_Plasma.uasset" 383
"../../../../../../Florian/DeathStar/DeathStar/Content/Blueprints/Defense/BPC_Plasma.uasset" 384
"../../../../../../Florian/DeathStar/DeathStar/Content/Blueprints/Widget/UI/upgrade.uasset" 385
"../../../../../../Florian/DeathStar/DeathStar/Content/Blueprints/Widget/UI/FlakButton/M_FlakButton.uasset" 386
"../../../../../../Florian/DeathStar/DeathStar/Content/Blueprints/Widget/UI/LaserButton/M_LaserButton.uasset" 387
"../../../../../../Florian/DeathStar/DeathStar/Content/Blueprints/Tiles/BP_Tiles.uasset" 388
"../../../../../../Florian/DeathStar/DeathStar/Content/Blueprints/Widget/UI/credit.uasset" 389
"../../../../../../Florian/DeathStar/DeathStar/Content/Blueprints/Widget/UI/M_Credit.uasset" 390
"../../../../../../Florian/DeathStar/DeathStar/Content/Blueprints/Widget/UI/construction_logo.uasset" 391
"../../../../../../Florian/DeathStar/DeathStar/Content/Blueprints/Widget/UI/FlakButton/M_ValidFlak.uasset" 392
"../../../../../../Florian/DeathStar/DeathStar/Content/Blueprints/Widget/UI/LaserButton/M_ValidLaser.uasset" 393
"../../../../../../Florian/DeathStar/DeathStar/Content/Blueprints/Widget/UI/M_CreditLogo.uasset" 394
"../../../../../../Florian/DeathStar/DeathStar/Content/Blueprints/Widget/UI/M_NotValid.uasset" 395
"../../../../../../Florian/DeathStar/DeathStar/Content/Blueprints/Widget/UI/engrenage.uasset" 396
"../../../../../../Florian/DeathStar/DeathStar/Content/Blueprints/Widget/UI/M_PauseButton.uasset" 397
"../../../../../../Florian/DeathStar/DeathStar/Content/Blueprints/Widget/UI/recycle.uasset" 398
"../../../../../../Florian/DeathStar/DeathStar/Content/Blueprints/Widget/UI/M_RecycleButton.uasset" 399
"../../../../../../Florian/DeathStar/DeathStar/Content/Blueprints/Widget/UI/MortarButton/M_MortarButton.uasset" 400
"../../../../../../Florian/DeathStar/DeathStar/Content/Blueprints/Widget/UI/MortarButton/M_ValidMortar.uasset" 401
"../../../../../../Florian/DeathStar/DeathStar/Content/Blueprints/Widget/UI/PlasmaButton/M_PlamsaButton.uasset" 402
"../../../../../../Florian/DeathStar/DeathStar/Content/Blueprints/Widget/UI/PlasmaButton/M_ValidPlasma.uasset" 403
"../../../../../../Florian/DeathStar/DeathStar/Content/Blueprints/Widget/UI/repair.uasset" 404
"../../../../../../Florian/DeathStar/DeathStar/Content/Blueprints/Widget/UI/RepairButton/M_OnRepairButton.uasset" 405
"../../../../../../Florian/DeathStar/DeathStar/Content/Blueprints/Widget/UI/RepairButton/M_RepairButton.uasset" 406
"../../../../../../Florian/DeathStar/DeathStar/Content/Blueprints/Widget/UI/RepairButton/MNotRepairButton.uasset" 407
"../../../../../../Florian/DeathStar/DeathStar/Content/Blueprints/Widget/UI/SpeedButton/speed_1.uasset" 408
"../../../../../../Florian/DeathStar/DeathStar/Content/Blueprints/Widget/UI/SpeedButton/M_SpeedButton.uasset" 409
"../../../../../../Florian/DeathStar/DeathStar/Content/Blueprints/Widget/UI/SpeedButton/speed_3.uasset" 410
"../../../../../../Florian/DeathStar/DeathStar/Content/Blueprints/Widget/UI/SpeedButton/M_SpeedButtonX4.uasset" 411
"../../../../../../Florian/DeathStar/DeathStar/Content/Blueprints/Widget/UI/UpgradeButton/M_NotUpgradeButton.uasset" 412
"../../../../../../Florian/DeathStar/DeathStar/Content/Blueprints/Widget/UI/UpgradeButton/M_UpgradeButton.uasset" 413
"../../../../../../Florian/DeathStar/DeathStar/Content/Blueprints/Widget/Icons/LifeBarLogoV2.uasset" 414
"../../../../../../Florian/DeathStar/DeathStar/Content/Blueprints/Widget/UI/Arrow.uasset" 415
"../../../../../../Florian/DeathStar/DeathStar/Content/Blueprints/Widget/UI/FlakButton/LogoFlakMat.uasset" 416
"../../../../../../Florian/DeathStar/DeathStar/Content/Blueprints/Widget/UI/SpeedButton/speed_2.uasset" 417
"../../../../../../Florian/DeathStar/DeathStar/Content/Blueprints/Widget/UI/SpeedButton/M_SpeedButtonX2.uasset" 418
"../../../../../../Florian/DeathStar/DeathStar/Content/Blueprints/Widget/UI/MortarButton/Logo_Mortar_Mat.uasset" 419
"../../../../../../Florian/DeathStar/DeathStar/Content/Blueprints/Widget/UI/PlasmaButton/Logo_Plasma_Mat.uasset" 420
"../../../../../../Florian/DeathStar/DeathStar/Content/Blueprints/Widget/UI/LaserButton/Logo_Laser_Mat.uasset" 421
"../../../../../../Florian/DeathStar/DeathStar/Content/Sound/SFX/WAV_ConstrucLaser.uasset" 422
"../../../../../../Florian/DeathStar/DeathStar/Content/Sound/SFX/CUE_ConstructionLaser.uasset" 423
"../../../../../../Florian/DeathStar/DeathStar/Content/Sound/SFX/WAV_ConstructionPlasma.uasset" 424
"../../../../../../Florian/DeathStar/DeathStar/Content/Sound/SFX/CUE_ConstructionPlasma.uasset" 425
"../../../../../../Florian/DeathStar/DeathStar/Content/Blueprints/Widget/WB_Main.uasset" 426
"../../../../../../Florian/DeathStar/DeathStar/Content/Blueprints/SpawnerTarget/BP_EnemySpawner.uasset" 427
"../../../../../../Florian/DeathStar/DeathStar/Content/Blueprints/Enemy/BPC_Martyr.uasset" 428
"../../../../../../Florian/DeathStar/DeathStar/Content/Blueprints/Enemy/BPC_Martyr_Superior.uasset" 429
"../../../../../../Florian/DeathStar/DeathStar/Content/VFX/EnemyVFX/PLACEHOLDER_T_HoneycombMask.uasset" 430
"../../../../../../Florian/DeathStar/DeathStar/Content/VFX/EnemyVFX/PLACEHOLDER_T_ScanLineMask.uasset" 431
"../../../../../../Florian/DeathStar/DeathStar/Content/VFX/EnemyVFX/-PLACEHOLDERMaterial_Shield.uasset" 432
"../../../Engine/Content/EngineDamageTypes/DamagePlasmaUp.uasset" 433
"../../../Engine/Content/EngineDamageTypes/DamageFlakUP.uasset" 434
"../../../../../../Florian/DeathStar/DeathStar/Content/Sound/EnemySFX/RessourcePickUp.uasset" 435
"../../../../../../Florian/DeathStar/DeathStar/Content/Asset/Collectible/collectible_collectible_Mask.uasset" 436
"../../../../../../Florian/DeathStar/DeathStar/Content/Asset/Collectible/collectible_collectible_Normal.uasset" 437
"../../../../../../Florian/DeathStar/DeathStar/Content/Asset/Collectible/collectible_collectible_Emissive.uasset" 438
"../../../../../../Florian/DeathStar/DeathStar/Content/Asset/Collectible/collectible_collectible_BaseColor.uasset" 439
"../../../../../../Florian/DeathStar/DeathStar/Content/Asset/Collectible/collectible_collectible_OcclusionRoughnessMetallic.uasset" 440
"../../../../../../Florian/DeathStar/DeathStar/Content/Asset/Collectible/M_Collectible.uasset" 441
"../../../../../../Florian/DeathStar/DeathStar/Content/Asset/Collectible/collectible.uasset" 442
"../../../../../../Florian/DeathStar/DeathStar/Content/Blueprints/Enemy/BP_Resources.uasset" 443
"../../../../../../Florian/DeathStar/DeathStar/Content/Blueprints/Enemy/BP_ResourcesTuto.uasset" 444
"../../../../../../Florian/DeathStar/DeathStar/Content/Blueprints/Widget/UI_LifeEnemy.uasset" 445
"../../../../../../Florian/DeathStar/DeathStar/Content/Blueprints/Enemy/EnemySystemBP/BP_Enemy.uasset" 446
"../../../../../../Florian/DeathStar/DeathStar/Content/VFX/TurretVFX/TurretRoundsNiagara/BP_TurretProjectiles.uasset" 447
"../../Plugins/FX/Niagara/Content/Modules/Emitter/SpawnRate.uasset" 448
"../../../../../../Florian/DeathStar/DeathStar/Content/VFX/TurretVFX/LaserTargetNiagara/Mat_LaserTargetParticles.uasset" 449
"../../../../../../Florian/DeathStar/DeathStar/Content/VFX/TurretVFX/LaserTargetNiagara/NE_LaserBeam.uasset" 450
"../../../../../../Florian/DeathStar/DeathStar/Content/Blueprints/Tiles/Cube/TilesFBX/pentagon_final01.uasset" 451
"../../../Engine/Content/BasicShapes/BasicShapeMaterial.uasset" 452
"../../../Engine/Content/Functions/Engine_MaterialFunctions02/Utility/VectorToRadialValue.uasset" 453
"../../../Engine/Content/Functions/Engine_MaterialFunctions02/Texturing/CustomRotator.uasset" 454
"../../../../../../Florian/DeathStar/DeathStar/Content/Blueprints/Widget/UI/Radial3.uasset" 455
"../../../../../../Florian/DeathStar/DeathStar/Content/Blueprints/Widget/UI/M_RadialLifeBar.uasset" 456
"../../../../../../Florian/DeathStar/DeathStar/Content/Blueprints/Widget/UI_LifeTiles.uasset" 457
"../../../../../../Florian/DeathStar/DeathStar/Content/Blueprints/Tiles/BP_Pentagone.uasset" 458
"../../../../../../Florian/DeathStar/DeathStar/Content/Blueprints/Defense/DefenseSystemBP/BP_Turret.uasset" 459
"../../../../../../Florian/DeathStar/DeathStar/Content/Blueprints/System/BP_GameInstance.uasset" 460
"../../../../../../Florian/DeathStar/DeathStar/Content/Blueprints/Widget/WB_UpgradeTreeV2.uasset" 461
"../../../../../../Florian/DeathStar/DeathStar/Content/Blueprints/Widget/WB_MainTitle.uasset" 462
"../../../../../../Florian/DeathStar/DeathStar/Content/Blueprints/Widget/WB_UpgradeTree.uasset" 463
"../../../../../../Florian/DeathStar/DeathStar/Content/Blueprints/Widget/WB_TutoSlide.uasset" 464
"../../../../../../Florian/DeathStar/DeathStar/Content/Blueprints/Widget/UI/Radial.uasset" 465
"../../../../../../Florian/DeathStar/DeathStar/Content/Blueprints/Widget/UI/pause.uasset" 466
"../../../../../../Florian/DeathStar/DeathStar/Content/Blueprints/Widget/UI/UpgradeTree/UT_Flak_Disabled.uasset" 467
"../../../../../../Florian/DeathStar/DeathStar/Content/Blueprints/Widget/UI/UpgradeTree/UT_SpaceStation_Disabled.uasset" 468
"../../../../../../Florian/DeathStar/DeathStar/Content/Blueprints/Widget/UI/UpgradeTree/UT_Flak_Pressed.uasset" 469
"../../../../../../Florian/DeathStar/DeathStar/Content/Blueprints/Widget/UI/UpgradeTree/UT_SpaceStation_Pressed.uasset" 470
"../../../../../../Florian/DeathStar/DeathStar/Content/Blueprints/Widget/UI/DialogueBox/BoxTest1024x1024.uasset" 471
"../../../../../../Florian/DeathStar/DeathStar/Content/Blueprints/Widget/UI/DialogueBox/BoxTest1024x1024c.uasset" 472
"../../../../../../Florian/DeathStar/DeathStar/Content/Blueprints/Widget/UI/DialogueBox/M_Dialogue_Box.uasset" 473
"../../../../../../Florian/DeathStar/DeathStar/Content/Blueprints/Widget/UI/DialogueBox/BoxTest1024x512.uasset" 474
"../../../../../../Florian/DeathStar/DeathStar/Content/Blueprints/Widget/UI/DialogueBox/M_Dialogue_BackgroundTest.uasset" 475
"../../../../../../Florian/DeathStar/DeathStar/Content/Blueprints/Widget/UI/DialogueBox/BoxTest1024x1024b.uasset" 476
"../../../../../../Florian/DeathStar/DeathStar/Content/Blueprints/Widget/Icons/Valide.uasset" 477
"../../../../../../Florian/DeathStar/DeathStar/Content/Blueprints/Widget/Icons/reglages.uasset" 478
"../../../../../../Florian/DeathStar/DeathStar/Content/Blueprints/Widget/Icons/FastForward.uasset" 479
"../../../../../../Florian/DeathStar/DeathStar/Content/Blueprints/Enemy/BPC_Enemy2.uasset" 480
"../../../../../../Florian/DeathStar/DeathStar/Content/Blueprints/Enemy/BPC_Enemy1.uasset" 481
"../../../../../../Florian/DeathStar/DeathStar/Content/Blueprints/Tiles/Cube/Cube.uasset" 482
"../../../../../../Florian/DeathStar/DeathStar/Content/Blueprints/Tiles/Cube/BP_Pentagone.uasset" 483
"../../../../../../Florian/DeathStar/DeathStar/Content/Blueprints/Tiles/Cube/BP_Tiles_Child.uasset" 484
"../../../../../../Florian/DeathStar/DeathStar/Content/Blueprints/Tiles/Cube/BP_frame_Blueprint.uasset" 485
"../../../../../../Florian/DeathStar/DeathStar/Content/Blueprints/Tiles/Cube/frame_Blueprint.uasset" 486
"../../../../../../Florian/DeathStar/DeathStar/Content/Blueprints/Tiles/Cube/BP_Tiles.uasset" 487
"../../../../../../Florian/DeathStar/DeathStar/Content/Blueprints/Tiles/Cube/TilesFBX/Face_death_star_height.uasset" 488
"../../../../../../Florian/DeathStar/DeathStar/Content/Blueprints/Defense/BP_Laser.uasset" 489
"../../../../../../Florian/DeathStar/DeathStar/Content/Blueprints/Material/MT_Highlighted.uasset" 490
"../../../../../../Florian/DeathStar/DeathStar/Content/Asset/ShapeTesting/Box_Brush_StaticMesh.uasset" 491
"../../../../../../Florian/DeathStar/DeathStar/Content/Asset/EnemyModels/black.uasset" 492
"../../../../../../Florian/DeathStar/DeathStar/Content/Asset/EnemyModels/Scout/scout_low_TT_checker_512x512_UV_GRID_BaseColor.uasset" 493
"../../../../../../Florian/DeathStar/DeathStar/Content/Asset/EnemyModels/Scout/scout_low_TT_checker_512x512_UV_GRID_Emissive.uasset" 494
"../../../../../../Florian/DeathStar/DeathStar/Content/Asset/EnemyModels/Scout/scout_low_TT_checker_512x512_UV_GRID_Normal.uasset" 495
"../../../../../../Florian/DeathStar/DeathStar/Content/Asset/EnemyModels/Scout/scout_low_TT_checker_512x512_UV_GRID_OcclusionRoughnessMetallic.uasset" 496
"../../../../../../Florian/DeathStar/DeathStar/Content/Asset/Defense/Plasma/turret_plasma_low.uasset" 497
"../../../../../../Florian/DeathStar/DeathStar/Content/Asset/Defense/Plasma/TT_checker_512x512_UV_GRID_003.uasset" 498
"../../../../../../Florian/DeathStar/DeathStar/Content/Asset/Defense/Flak/turret_stack_low.uasset" 499
"../../../../../../Florian/DeathStar/DeathStar/Content/Asset/Defense/Flak/TT_checker_512x512_UV_GRID_003.uasset" 500
"../../../../../../Florian/DeathStar/DeathStar/Content/Asset/Defense/Laser/TT_checker_512x512_UV_GRID_003.uasset" 501
"../../../../../../Florian/DeathStar/DeathStar/Content/Asset/Defense/Laser/turret_laser_low.uasset" 502
"../../../../../../Florian/DeathStar/DeathStar/Content/VFX/Crosshair/Mat_Crosshair_Flak.uasset" 503
"../../../../../../Florian/DeathStar/DeathStar/Content/VFX/Crosshair/Mat_Crosshair_Laser.uasset" 504
"../../../../../../Florian/DeathStar/DeathStar/Content/VFX/Crosshair/Mat_Crosshair_Plasma.uasset" 505
"../../../../../../Florian/DeathStar/DeathStar/Content/VFX/Crosshair/Mat_Crosshair_Mortar.uasset" 506
"../../../Engine/Content/EngineMaterials/OrientParticle.uasset" 507
"../../../Engine/Content/EngineMaterials/DefaultParticle.uasset" 508
"../../../../../../Florian/DeathStar/DeathStar/Content/VFX/EnemyVFX/PLACEHOLDER_Particle.uasset" 509
"../../../../../../Florian/DeathStar/DeathStar/Content/Asset/Geometry/Meshes/CubeMaterial.uasset" 510
"../../../../../../Florian/DeathStar/DeathStar/Content/Asset/Geometry/Meshes/1M_Cube.uasset" 511
"../../../../../../Florian/DeathStar/DeathStar/Content/VFX/EnemyVFX/PLACEHOLDERNewNiagaraEmitter.uasset" 512
"../../../../../../Florian/DeathStar/DeathStar/Content/VFX/EnemyVFX/PLACEHOLDERNewNiagaraEmitter_System.uasset" 513
"../../../../../../Florian/DeathStar/DeathStar/Content/VFX/TurretVFX/PH_HitDetection_TibV.uasset" 514
"../../../../../../Florian/DeathStar/DeathStar/Content/VFX/TurretVFX/PH_HitDetection_TibV_Inst.uasset" 515
"../../../../../../Florian/DeathStar/DeathStar/Content/VFX/TurretVFX/-PLACEHOLDERMaterial_HitDetectionTest.uasset" 516
"../../../../../../Florian/DeathStar/DeathStar/Content/VFX/TurretVFX/TurretRoundsNiagara/NE_FlakRounds_System.uasset" 517
"../../../../../../Florian/DeathStar/DeathStar/Content/VFX/TurretVFX/TurretRoundsNiagara/Mat_Projectiles_Laser.uasset" 518
"../../../../../../Florian/DeathStar/DeathStar/Content/VFX/TurretVFX/TurretRoundsNiagara/NE_PlasmaRounds_System.uasset" 519
"../../../../../../Florian/DeathStar/DeathStar/Content/VFX/TurretVFX/TurretRoundsNiagara/NE_MortarRounds_System.uasset" 520
"../../../../../../Florian/DeathStar/DeathStar/Content/VFX/TurretVFX/LaserTargetNiagara/M_LaserBeam.uasset" 521
"../../../../../../Florian/DeathStar/DeathStar/Content/VFX/TurretVFX/LaserTargetNiagara/SM_LaserBeam.uasset" 522
"../../../../../../Florian/DeathStar/DeathStar/Content/VFX/TurretVFX/LaserTargetNiagara/BP_LaserBeam.uasset" 523
"../../Plugins/FX/Niagara/Content/Modules/Spawn/Initialization/InitializeParticle.uasset" 524
"../../Plugins/FX/Niagara/Content/DefaultAssets/DefaultRIbbonMaterial.uasset" 525
"../../../../../../Florian/DeathStar/DeathStar/Content/VFX/TurretVFX/LaserTargetNiagara/P_LaserBeam.uasset" 526
"../../../../../../Florian/DeathStar/DeathStar/Content/VFX/TurretVFX/Mortar_Explosion/burst_boom.uasset" 527
"../../../../../../Florian/DeathStar/DeathStar/Content/VFX/TurretVFX/Mortar_Explosion/boom.uasset" 528
"../../../../../../Florian/DeathStar/DeathStar/Content/VFX/TurretVFX/Outline/TT_checker_512x512_UV_GRID_006.uasset" 529
"../../../../../../Florian/DeathStar/DeathStar/Content/VFX/TurretVFX/Outline/turret_laser_outline.uasset" 530
"../../../../../../Florian/DeathStar/DeathStar/Content/VFX/TurretVFX/Outline/TT_checker_512x512_UV_GRID_009.uasset" 531
"../../../../../../Florian/DeathStar/DeathStar/Content/VFX/TurretVFX/Outline/turret_flack_outline.uasset" 532
"../../../../../../Florian/DeathStar/DeathStar/Content/VFX/TurretVFX/Outline/turret_plasma_outline.uasset" 533
"../../../../../../Florian/DeathStar/DeathStar/Content/UltimateTouchComponents/Core/EUTCSwipeDirection.uasset" 534
"../../../../../../Florian/DeathStar/DeathStar/Content/UltimateTouchComponents/Core/UTCSwipeDebugWidget.uasset" 535
"../../../../../../Florian/DeathStar/DeathStar/Content/UltimateTouchComponents/Core/UTCSwipeComponent.uasset" 536
"../../../Engine/Content/EngineFonts/Faces/RobotoTiny.uasset" 537
"../../../Engine/Content/EngineFonts/Faces/DroidSansFallback.uasset" 538
"../../../Engine/Content/EngineFonts/RobotoTiny.uasset" 539
"../../../../../../Florian/DeathStar/DeathStar/Content/UltimateTouchComponents/Core/UTCTapDebugWidget.uasset" 540
"../../../../../../Florian/DeathStar/DeathStar/Content/UltimateTouchComponents/Core/UTCTapComponent.uasset" 541
"../../../../../../Florian/DeathStar/DeathStar/Content/UltimateTouchComponents/Core/UTCSwipeToMoveComponent.uasset" 542
"../../../../../../Florian/DeathStar/DeathStar/Content/Sound/SFX/WAV_ValidationTUTO.uasset" 543
"../../../../../../Florian/DeathStar/DeathStar/Content/Sound/SFX/WAV_ValidationTUTO_Cue.uasset" 544
"../../../../../../Florian/DeathStar/DeathStar/Content/Sound/SFX/CUE_ConstrucLaser.uasset" 545
"../../../../../../Florian/DeathStar/DeathStar/Content/Sound/LevelOneMusics/GameState_LevelOne.uasset" 546
"../../../../../../Florian/DeathStar/DeathStar/Content/Sound/TurretSFX/SFX_TurretGettingHit.uasset" 547
"../../../../../../Florian/DeathStar/DeathStar/Content/Sound/TurretSFX/Plasma/SFX_PlasmaCastginTime.uasset" 548
"../../../../../../Florian/DeathStar/DeathStar/Content/Sound/TurretSFX/Mortar/BPM_Par1_Transient_66_-_4.uasset" 549
"../../../../../../Florian/DeathStar/DeathStar/Content/Sound/TurretSFX/Flak/BPM_Par2_Transient_33_Transport+11ST_-_1.uasset" 550
"../../../../../../Florian/DeathStar/DeathStar/Content/Sound/TurretSFX/Flak/BPM_Par1_Transient_66_-_1.uasset" 551
"../../../../../../Florian/DeathStar/DeathStar/Content/Sound/TurretSFX/Flak/+Aigue3.uasset" 552
"../../../../../../Florian/DeathStar/DeathStar/Content/Sound/TurretSFX/Flak/Flak_SoundCue.uasset" 553
"../../../../../../Florian/DeathStar/DeathStar/Content/Sound/EnemySFX/Flak/BPM_Par2_Transient_33_Transport+11ST_-_1.uasset" 554
"../../../../../../Florian/DeathStar/DeathStar/Content/Sound/EnemySFX/Flak/BPM_Par2_Transient_33_Transport+9ST_-_2.uasset" 555
"../../../Engine/Content/Maps/Templates/Thumbnails/Default.uasset" 556
"../../../Engine/Content/Maps/Templates/Thumbnails/TimeOfDay.uasset" 557
"../../../Engine/Content/Maps/Templates/Thumbnails/VR-Basic.uasset" 558
"../../../Engine/Content/MobileResources/T_MobileControls_texture.uasset" 559
"../../../Engine/Content/MobileResources/T_MobileMenu2.uasset" 560
"../../../Engine/Content/MobileResources/HUD/MobileHUDDirectionPad3.uasset" 561
"../../../Engine/Content/MobileResources/HUD/MobileHUDButton2_off.uasset" 562
"../../../Engine/Content/MobileResources/HUD/MobileHUDButton3.uasset" 563
"../../../Engine/Content/MobileResources/HUD/T_Castle_ThumbstickInner.uasset" 564
"../../../Engine/Content/MobileResources/HUD/MobileHUDDirectionStick.uasset" 565
"../../../Engine/Content/MobileResources/HUD/VirtualJoystick_Background.uasset" 566
"../../../Engine/Content/MobileResources/HUD/VirtualJoystick_Thumb.uasset" 567
"../../../Engine/Content/MobileResources/HUD/DefaultVirtualJoysticks.uasset" 568
"../../../Engine/Content/MobileResources/HUD/T_Castle_ThumbstickOutter.uasset" 569
"../../../Engine/Content/MobileResources/HUD/MobileHUDButton2_on.uasset" 570
"../../../Engine/Content/MobileResources/HUD/MobileHUDDirectionPad2.uasset" 571
"../../../Engine/Content/MobileResources/HUD/MobileHUDDirectionPad.uasset" 572
"../../../Engine/Content/MobileResources/HUD/AnalogHat.uasset" 573
"../../../Engine/Content/MobileResources/HUD/MobileHUDButton1_on.uasset" 574
"../../../Engine/Content/MobileResources/HUD/MobileHUDButtonFire.uasset" 575
"../../../Engine/Content/MobileResources/HUD/LeftVirtualJoystickOnly.uasset" 576
"../../../Engine/Content/MobileResources/HUD/MobileHUDButton1_off.uasset" 577
"../../../Engine/Content/Tutorial/ContentIntroCurve.uasset" 578
"../../../Engine/Content/Tutorial/Basics/TutorialAssets/icon_tab_Levels_40x.uasset" 579
"../../../Engine/Content/Tutorial/Basics/LevelEditorOverview.uasset" 580
"../../../Engine/Content/Tutorial/Basics/LevelEditorAttract.uasset" 581
"../../../Engine/Content/Tutorial/Mobile/TutorialAssets/IOS.uasset" 582
"../../../Engine/Content/Tutorial/Mobile/CreatingSigningCertAndProvisionTutorial.uasset" 583
"../../../Engine/Content/EngineResources/DefaultTextureCube.uasset" 584
"../../../Engine/Content/EngineResources/Black.uasset" 585
"../../../Engine/Content/EngineResources/DefaultVolumeTexture2D.uasset" 586
"../../../Engine/Content/EngineResources/DefaultVolumeTexture.uasset" 587
"../../../Engine/Content/EngineResources/GradientTexture0.uasset" 588
"../../../Engine/Content/EditorLandscapeResources/DataLayer.uasset" 589
"../../../Engine/Content/EditorLandscapeResources/DefaultAlphaTexture.uasset" 590
"../../../Engine/Content/EditorMaterials/Camera/CineMat.uasset" 591
"../../../Engine/Content/EditorMaterials/Camera/MI_CineMat_Rig.uasset" 592
"../../../Engine/Content/EditorMeshes/Camera/SM_CraneRig_Body.uasset" 593
"../../../Engine/Content/EditorMeshes/Camera/SM_RailRig_Mount.uasset" 594
"../../../Engine/Content/EditorMeshes/Camera/SM_CraneRig_Base.uasset" 595
"../../../Engine/Content/EditorMeshes/Camera/SM_CraneRig_Mount.uasset" 596
"../../../Engine/Content/EditorMeshes/Camera/SM_CraneRig_Arm.uasset" 597
"../../../Engine/Content/EditorMeshes/Camera/SM_RailRig_Track.uasset" 598
"../../../Engine/Content/EngineFonts/Faces/RobotoRegular.uasset" 599
"../../../Engine/Content/EngineFonts/Faces/RobotoLight.uasset" 600
"../../../Engine/Content/EngineFonts/Faces/RobotoItalic.uasset" 601
"../../../Engine/Content/EngineFonts/Faces/RobotoBoldItalic.uasset" 602
"../../../Engine/Content/EngineFonts/Faces/RobotoBold.uasset" 603
"../../../Engine/Content/EngineFonts/Roboto.uasset" 604
"../../../Engine/Content/EngineDamageTypes/DmgTypeBP_Environmental.uasset" 605
"../../../Engine/Content/ArtTools/RenderToTexture/Meshes/S_1_Unit_Plane.uasset" 606
"../../../Engine/Content/EngineResources/WhiteSquareTexture.uasset" 607
"../../../Engine/Content/EngineMaterials/Widget3DPassThrough.uasset" 608
"../../../Engine/Content/EngineMaterials/Widget3DPassThrough_Masked.uasset" 609
"../../../Engine/Content/EngineMaterials/WeightMapPlaceholderTexture.uasset" 610
"../../../Engine/Content/EngineMaterials/Widget3DPassThrough_Translucent.uasset" 611
"../../../Engine/Content/EngineMaterials/Widget3DPassThrough_Translucent_OneSided.uasset" 612
"../../../Engine/Content/Functions/Engine_MaterialFunctions02/WorldPositionOffset/CameraOffset.uasset" 613
"../../../Engine/Content/EngineMaterials/PhAT_JointLimitMaterial.uasset" 614
"../../../Engine/Content/EngineMaterials/GizmoMaterial.uasset" 615
"../../../Engine/Content/EngineMaterials/BlueNoise.uasset" 616
"../../../Engine/Content/EngineMaterials/DefaultWhiteGrid_Low.uasset" 617
"../../../Engine/Content/EngineMaterials/EmissiveMeshMaterial.uasset" 618
"../../../Engine/Content/EngineMaterials/Widget3DPassThrough_Opaque.uasset" 619
"../../../Engine/Content/EngineMaterials/Widget3DPassThrough_Masked_OneSided.uasset" 620
"../../../Engine/Content/EngineMaterials/Good64x64TilingNoiseHighFreq.uasset" 621
"../../../Engine/Content/EngineMaterials/DefaultBloomKernel.uasset" 622
"../../../Engine/Content/EngineMaterials/RemoveSurfaceMaterial.uasset" 623
"../../../Engine/Content/EngineMaterials/DefaultDiffuse.uasset" 624
"../../../Engine/Content/EngineMaterials/DefaultDeferredDecalMaterial.uasset" 625
"../../../Engine/Content/EngineMaterials/DefaultPostProcessMaterial.uasset" 626
"../../../Engine/Content/EngineMaterials/DefaultPhysicalMaterial.uasset" 627
"../../../Engine/Content/EngineMaterials/BaseFlattenDiffuseMap.uasset" 628
"../../../Engine/Content/EngineMaterials/BaseFlattenNormalMap.uasset" 629
"../../../Engine/Content/EngineMaterials/BaseFlattenEmissiveMap.uasset" 630
"../../../Engine/Content/EngineMaterials/BaseFlattenGrayscaleMap.uasset" 631
"../../../Engine/Content/EngineMaterials/BaseFlattenMaterial.uasset" 632
"../../../Engine/Content/EngineMaterials/InvalidLightmapSettings.uasset" 633
"../../../Engine/Content/EngineMaterials/M_InvalidLightmapSettings.uasset" 634
"../../../Engine/Content/EngineFonts/RobotoDistanceField.uasset" 635
"../../../Engine/Content/EngineMaterials/DefaultTextMaterialOpaque.uasset" 636
"../../../Engine/Content/EngineMaterials/PreintegratedSkinBRDF.uasset" 637
"../../../Engine/Content/EngineMaterials/Widget3DPassThrough_Opaque_OneSided.uasset" 638
"../../../Engine/Content/EngineMaterials/DefaultBokeh.uasset" 639
"../../../Engine/Content/EngineMaterials/DefaultLightFunctionMaterial.uasset" 640
"../../../Engine/Content/EngineMaterials/MiniFont.uasset" 641
"../../../Engine/Content/EngineMaterials/DefaultWhiteGrid.uasset" 642
"../../../Engine/Content/EngineDebugMaterials/DebugEditorMaterial.uasset" 643
"../../../Engine/Content/Functions/Engine_MaterialFunctions01/Shading/ConvertFromDiffSpec.uasset" 644
"../../../Engine/Content/EngineDebugMaterials/VertexColorMaterial.uasset" 645
"../../../Engine/Content/EngineDebugMaterials/WireframeMaterial.uasset" 646
"../../../Engine/Content/EngineDebugMaterials/VolumeToRender.uasset" 647
"../../../Engine/Content/Functions/Engine_MaterialFunctions02/Utility/CameraDirectionVector.uasset" 648
"../../../Engine/Content/EngineDebugMaterials/M_VolumeRenderSphereTracePP.uasset" 649
"../../../Engine/Content/EngineDebugMaterials/M_SimpleUnlitTranslucent.uasset" 650
"../../../Engine/Content/EngineDebugMaterials/DebugMeshMaterial.uasset" 651
"../../../Engine/Content/EditorResources/S_Note.uasset" 652
"../../../Engine/Content/EditorResources/S_Solver.uasset" 653
"../../../Engine/Content/EditorResources/S_Terrain.uasset" 654
"../../../Engine/Content/EditorResources/S_Trigger.uasset" 655
"../../../Engine/Content/EditorResources/S_Actor.uasset" 656
"../../../Engine/Content/EditorResources/EmptyActor.uasset" 657
"../../../Engine/Content/EditorResources/BSPVertex.uasset" 658
"../../../Engine/Content/EditorResources/SequenceRecorder/Countdown.uasset" 659
"../../../Engine/Content/EditorResources/SequenceRecorder/RecordingIndicator.uasset" 660
"../../../Engine/Content/BasicShapes/Cone.uasset" 661
"../../../Engine/Content/Functions/Engine_MaterialFunctions01/Shading/PowerToRoughness.uasset" 662
"../../../Engine/Content/EditorMaterials/PreviewShadowIndicator.uasset" 663
"../../../Engine/Content/EditorMaterials/PreviewShadowIndicatorMaterial.uasset" 664
"../../../Engine/Content/EditorMaterials/MAT_Groups_Toggle.uasset" 665
"../../../Engine/Content/EditorMaterials/MAT_Groups_Visibility.uasset" 666
"../../../Engine/Content/EditorMaterials/ParticleSystems/PSysThumbnail_NoImage.uasset" 667
"../../../Engine/Content/EditorMaterials/ParticleSystems/PSysThumbnail_OOD.uasset" 668
"../../../Engine/Content/EditorMaterials/MatineeGroups/MAT_Groups_Vector.uasset" 669
"../../../Engine/Content/EditorMaterials/MatineeGroups/MAT_ColorTrack.uasset" 670
"../../../Engine/Content/EditorMaterials/MatineeGroups/MAT_Groups_AudioMaster.uasset" 671
"../../../Engine/Content/EditorMaterials/MatineeGroups/MAT_Groups_Sound.uasset" 672
"../../../Engine/Content/EditorMaterials/MatineeGroups/MAT_Groups_Float.uasset" 673
"../../../Engine/Content/EditorMaterials/MatineeGroups/MAT_Groups_Director.uasset" 674
"../../../Engine/Content/EditorMaterials/MatineeGroups/MAT_Groups_Move.uasset" 675
"../../../Engine/Content/EditorMaterials/MatineeGroups/MAT_Groups_Event.uasset" 676
"../../../Engine/Content/EditorMaterials/MatineeGroups/MAT_Groups_Fade.uasset" 677
"../../../Engine/Content/EditorMaterials/MatineeGroups/MAT_Groups_Anim.uasset" 678
"../../../Engine/Content/EditorMaterials/MatineeGroups/MAT_Groups_Slomo.uasset" 679
"../../../Engine/Content/EngineSounds/Master.uasset" 680
"../../../Engine/Content/EngineMeshes/Cylinder.uasset" 681
"../../../Engine/Content/EngineSky/VolumetricClouds/CloudWeatherTexture.uasset" 682
"../../../Engine/Content/EngineSky/VolumetricClouds/T_NoiseShape64.uasset" 683
"../../../Engine/Content/EngineSky/VolumetricClouds/T_VolumeNoiseShape64.uasset" 684
"../../../Engine/Content/EngineSky/VolumetricClouds/T_NoiseErosion.uasset" 685
"../../../Engine/Content/EngineSky/VolumetricClouds/T_VolumeNoiseErosion32.uasset" 686
"../../../Engine/Content/EngineSky/VolumetricClouds/CloudGradientTexture.uasset" 687
"../../../Engine/Content/Functions/Engine_MaterialFunctions02/Utility/MakeFloat2.uasset" 688
"../../../Engine/Content/EngineSky/VolumetricClouds/m_SimpleVolumetricCloud.uasset" 689
"../../../Engine/Content/EngineSky/VolumetricClouds/m_SimpleVolumetricCloud_Inst.uasset" 690
"../../../Engine/Content/VREditor/TransformGizmo/TranslucentTransformGizmoMaterial.uasset" 691
"../../../Engine/Content/VREditor/LaserPointer/VR_LaserPower_01.uasset" 692
"../../../Engine/Content/VREditor/TransformGizmo/TransformGizmoMaterial.uasset" 693
"../../../Engine/Content/VREditor/TransformGizmo/PlaneTranslationHandle.uasset" 694
"../../../Engine/Content/VREditor/TransformGizmo/Xray.uasset" 695
"../../../Engine/Content/VREditor/TransformGizmo/Main.uasset" 696
"../../../Engine/Content/VREditor/TransformGizmo/SM_Sequencer_Key.uasset" 697
"../../../Engine/Content/VREditor/TransformGizmo/BoundingBoxCorner.uasset" 698
"../../../Engine/Content/VREditor/TransformGizmo/SM_Sequencer_Node.uasset" 699
"../../../Engine/Content/VREditor/TransformGizmo/BoundingBoxEdge.uasset" 700
"../../../Engine/Content/ArtTools/RenderToTexture/Materials/Debug/M_Emissive_Color.uasset" 701
"../../Plugins/Lumin/MagicLeapPassableWorld/Content/MagicLeapARPinInfoActor.uasset" 702
"../../Plugins/2D/Paper2D/Content/PlaceholderTextures/DummySpriteTexture.uasset" 703
"../../Plugins/2D/Paper2D/Content/DefaultSpriteMaterial.uasset" 704
"../../Plugins/2D/Paper2D/Content/OpaqueUnlitSpriteMaterial.uasset" 705
"../../Plugins/2D/Paper2D/Content/DummySprite.uasset" 706
"../../Plugins/2D/Paper2D/Content/DefaultPaperTerrainMaterial.uasset" 707
"../../Plugins/2D/Paper2D/Content/MaskedUnlitSpriteMaterial.uasset" 708
"../../../../../../Florian/DeathStar/DeathStar/Content/Sound/Wav_DeepSpace.uasset" 709
"../../../../../../Florian/DeathStar/DeathStar/Content/Sound/Wav_DeepSpace_Cue.uasset" 710
"../../../../../../Florian/DeathStar/DeathStar/Content/Blueprints/System/BP_GameModeTitle.uasset" 711
"../../../../../../Florian/DeathStar/DeathStar/Content/Level/MainTitle.umap" 712
"../../../../../../Florian/DeathStar/DeathStar/Content/SpaceSkyboxes/Textures/GalacticCloud/T_GalacticCloud_pos_z.uasset" 713
"../../../../../../Florian/DeathStar/DeathStar/Content/SpaceSkyboxes/Textures/GalacticCloud/T_GalacticCloud_pos_y.uasset" 714
"../../../../../../Florian/DeathStar/DeathStar/Content/SpaceSkyboxes/Textures/GalacticCloud/T_GalacticCloud_pos_x.uasset" 715
"../../../../../../Florian/DeathStar/DeathStar/Content/SpaceSkyboxes/Textures/GalacticCloud/T_GalacticCloud_neg_z.uasset" 716
"../../../../../../Florian/DeathStar/DeathStar/Content/SpaceSkyboxes/Textures/GalacticCloud/T_GalacticCloud_neg_y.uasset" 717
"../../../../../../Florian/DeathStar/DeathStar/Content/SpaceSkyboxes/Textures/GalacticCloud/T_GalacticCloud_neg_x.uasset" 718
"../../../../../../Florian/DeathStar/DeathStar/Content/SpaceSkyboxes/Materials/M_MasterMaterial.uasset" 719
"../../../../../../Florian/DeathStar/DeathStar/Content/SpaceSkyboxes/Materials/M_Z_pos.uasset" 720
"../../../../../../Florian/DeathStar/DeathStar/Content/SpaceSkyboxes/Materials/M_Z_neg.uasset" 721
"../../../../../../Florian/DeathStar/DeathStar/Content/SpaceSkyboxes/Materials/M_Y_pos.uasset" 722
"../../../../../../Florian/DeathStar/DeathStar/Content/SpaceSkyboxes/Materials/M_Y_neg.uasset" 723
"../../../../../../Florian/DeathStar/DeathStar/Content/SpaceSkyboxes/Materials/M_X_pos.uasset" 724
"../../../../../../Florian/DeathStar/DeathStar/Content/SpaceSkyboxes/Materials/M_X_neg.uasset" 725
"../../../../../../Florian/DeathStar/DeathStar/Content/SpaceSkyboxes/Meshes/SM_SkyCubeSide.uasset" 726
"../../../../../../Florian/DeathStar/DeathStar/Content/SpaceSkyboxes/Blueprints/BP_IrregularGalaxy03.uasset" 727
"../../../../../../Florian/DeathStar/DeathStar/Content/Sound/UI/SELECT_SAMPLE_02_02.uasset" 728
"../../../../../../Florian/DeathStar/DeathStar/Content/Level/LevelOne_BuiltData.uasset" 729
"../../../../../../Florian/DeathStar/DeathStar/Content/Level/LevelOne.umap" 730
"../../../Engine/Content/Maps/Entry_BuiltData.uasset" 731
"../../../Engine/Content/Maps/Entry.umap" 732
