"../../../Engine/Content/ArtTools/RenderToTexture/Enums/EFloatTypes.uasset" 0
"../../../Engine/Content/ArtTools/RenderToTexture/Enums/EIntTypes.uasset" 1
"../../../Engine/Content/ArtTools/RenderToTexture/Enums/RenderToTexture_Enum.uasset" 2
"../../../Engine/Content/ArtTools/RenderToTexture/Enums/RenderToTexture_Flipbook_Enum.uasset" 3
"../../../Engine/Content/ArtTools/RenderToTexture/Enums/RenderToTexture_Imposter_Enum.uasset" 4
"../../../Engine/Content/EngineMaterials/T_Default_Material_Grid_N.uasset" 5
"../../../Engine/Content/EngineMaterials/T_Default_Material_Grid_M.uasset" 6
"../../../Engine/Content/Functions/Engine_MaterialFunctions01/Opacity/CameraDepthFade.uasset" 7
"../../../Engine/Content/EngineMaterials/WorldGridMaterial.uasset" 8
"../../../Engine/Content/ArtTools/RenderToTexture/Meshes/S_1_Unit_Plane.uasset" 9
"../../../Engine/Content/EngineMaterials/DefaultMaterial.uasset" 10
"../../../Engine/Content/BasicShapes/Cone.uasset" 11
"../../../Engine/Content/BasicShapes/Cube.uasset" 12
"../../../Engine/Content/EngineMaterials/DefaultPhysicalMaterial.uasset" 13
"../../../Engine/Content/BufferVisualization/AmbientOcclusion.uasset" 14
"../../../Engine/Content/Functions/Engine_MaterialFunctions02/Utility/AppendMany.uasset" 15
"../../../Engine/Content/BufferVisualization/Anisotropy.uasset" 16
"../../../Engine/Content/BufferVisualization/BaseColor.uasset" 17
"../../../Engine/Content/BufferVisualization/CustomDepth.uasset" 18
"../../../Engine/Content/Functions/Engine_MaterialFunctions02/Utility/VectorLength.uasset" 19
"../../../Engine/Content/BufferVisualization/CustomDepthWorldUnits.uasset" 20
"../../../Engine/Content/EngineMaterials/MiniFont.uasset" 21
"../../../Engine/Content/Functions/Engine_MaterialFunctions02/Utility/MakeFloat3.uasset" 22
"../../../Engine/Content/Functions/Engine_MaterialFunctions02/Utility/MakeFloat2.uasset" 23
"../../../Engine/Content/Functions/Engine_MaterialFunctions02/ScreenResolution.uasset" 24
"../../../Engine/Content/Functions/Engine_MaterialFunctions02/Utility/BreakOutFloat2Components.uasset" 25
"../../../Engine/Content/Functions/Engine_MaterialFunctions01/Texturing/ScaleUVsByCenter.uasset" 26
"../../../Engine/Content/Functions/Engine_MaterialFunctions02/Texturing/ScreenAlignedUVs.uasset" 27
"../../../Engine/Content/BufferVisualization/CustomStencil.uasset" 28
"../../../Engine/Content/BufferVisualization/FinalImage.uasset" 29
"../../../Engine/Content/BufferVisualization/LightingModel.uasset" 30
"../../../Engine/Content/BufferVisualization/MaterialAO.uasset" 31
"../../../Engine/Content/BufferVisualization/Metallic.uasset" 32
"../../../Engine/Content/BufferVisualization/Opacity.uasset" 33
"../../../Engine/Content/BufferVisualization/PostTonemapHDRColor.uasset" 34
"../../../Engine/Content/BufferVisualization/PreTonemapHDRColor.uasset" 35
"../../../Engine/Content/BufferVisualization/Roughness.uasset" 36
"../../../Engine/Content/BufferVisualization/SceneColor.uasset" 37
"../../../Engine/Content/BufferVisualization/SceneDepth.uasset" 38
"../../../Engine/Content/BufferVisualization/SceneDepthWorldUnits.uasset" 39
"../../../Engine/Content/BufferVisualization/SeparateTranslucencyA.uasset" 40
"../../../Engine/Content/BufferVisualization/SeparateTranslucencyRGB.uasset" 41
"../../../Engine/Content/BufferVisualization/Specular.uasset" 42
"../../../Engine/Content/BufferVisualization/SubsurfaceColor.uasset" 43
"../../../Engine/Content/BufferVisualization/Velocity.uasset" 44
"../../../Engine/Content/BufferVisualization/WorldNormal.uasset" 45
"../../../Engine/Content/BufferVisualization/WorldTangent.uasset" 46
"../../../Engine/Content/EditorLandscapeResources/DataLayer.uasset" 47
"../../../Engine/Content/EditorLandscapeResources/DefaultAlphaTexture.uasset" 48
"../../../Engine/Content/EditorLandscapeResources/LandscapeGizmoHeight_Mat.uasset" 49
"../../../Engine/Content/EditorLandscapeResources/LandscapeGizmo_Mat.uasset" 50
"../../../Engine/Content/EditorLandscapeResources/LandscapeGizmo_Mat_Copied.uasset" 51
"../../../Engine/Content/EditorLandscapeResources/SplineEditorMeshMat.uasset" 52
"../../../Engine/Content/EditorLandscapeResources/SplineEditorMesh.uasset" 53
"../../../Engine/Content/EditorMaterials/Cross.uasset" 54
"../../../Engine/Content/EditorMaterials/Cross_Mat.uasset" 55
"../../../Engine/Content/Functions/Engine_MaterialFunctions02/Utility/Sign.uasset" 56
"../../../Engine/Content/Functions/Engine_MaterialFunctions02/Utility/Round.uasset" 57
"../../../Engine/Content/EditorResources/T_EditorHelp.uasset" 58
"../../../Engine/Content/Functions/Engine_MaterialFunctions02/ExampleContent/Textures/flipbook.uasset" 59
"../../../Engine/Content/Functions/Engine_MaterialFunctions02/ExampleContent/Textures/DebugNumberPeriod.uasset" 60
"../../../Engine/Content/Functions/Engine_MaterialFunctions02/ExampleContent/DebugNumberStrip.uasset" 61
"../../../Engine/Content/EngineMaterials/DefaultDiffuse.uasset" 62
"../../../Engine/Content/Functions/Engine_MaterialFunctions01/Texturing/TextureCropping.uasset" 63
"../../../Engine/Content/Functions/Engine_MaterialFunctions01/Texturing/ComputeMipLevel.uasset" 64
"../../../Engine/Content/Functions/Engine_MaterialFunctions02/Utility/DebugScalarValues.uasset" 65
"../../../Engine/Content/Functions/Engine_MaterialFunctions02/Utility/DebugFloat2Values.uasset" 66
"../../../Engine/Content/Functions/Engine_MaterialFunctions02/Texturing/FlipBook.uasset" 67
"../../../Engine/Content/EditorMaterials/HelpActorMaterial.uasset" 68
"../../../Engine/Content/Functions/Engine_MaterialFunctions03/Procedurals/ComputeFilterWidth.uasset" 69
"../../../Engine/Content/EngineMaterials/BlendFunc_DefBlend.uasset" 70
"../../../Engine/Content/EngineMaterials/BlendFunc_DefBase.uasset" 71
"../../../Engine/Content/Functions/Engine_MaterialFunctions03/Blends/Blend_Screen.uasset" 72
"../../../Engine/Content/EditorMaterials/TilingAALineIntegral.uasset" 73
"../../../Engine/Content/EditorMaterials/TilingAALineBoxFiltered.uasset" 74
"../../../Engine/Content/EditorMaterials/TilingAAGrid.uasset" 75
"../../../Engine/Content/EditorMaterials/TilingAADots.uasset" 76
"../../../Engine/Content/EditorMaterials/CompositeARGBLayer.uasset" 77
"../../../Engine/Content/EditorMaterials/LevelGridMaterial.uasset" 78
"../../../Engine/Content/EditorResources/LevelGrid1DStripes.uasset" 79
"../../../Engine/Content/EditorMaterials/TextureGridCascaded1D.uasset" 80
"../../../Engine/Content/EditorMaterials/TextureGridCascaded2D.uasset" 81
"../../../Engine/Content/EditorMaterials/MakeCompositeARGBLayer.uasset" 82
"../../../Engine/Content/EditorMaterials/LevelGridMaterial2.uasset" 83
"../../../Engine/Content/EditorMaterials/MAT_Groups_Toggle.uasset" 84
"../../../Engine/Content/EditorMaterials/MAT_Groups_Visibility.uasset" 85
"../../../Engine/Content/EditorMaterials/PhAT_BoneSelectedMaterial.uasset" 86
"../../../Engine/Content/EditorMaterials/PhAT_ElemSelectedMaterial.uasset" 87
"../../../Engine/Content/EditorMaterials/PhAT_NoCollisionMaterial.uasset" 88
"../../../Engine/Content/EditorMaterials/PhAT_UnselectedMaterial.uasset" 89
"../../../Engine/Content/EditorMaterials/PreviewShadowIndicator.uasset" 90
"../../../Engine/Content/EditorMaterials/PreviewShadowIndicatorMaterial.uasset" 91
"../../../Engine/Content/EditorMaterials/TargetIcon.uasset" 92
"../../../Engine/Content/EditorMaterials/Tick.uasset" 93
"../../../Engine/Content/EditorMaterials/Tick_Mat.uasset" 94
"../../../Engine/Content/EditorMaterials/WidgetGridVertexColorMaterial.uasset" 95
"../../../Engine/Content/EditorMaterials/WidgetGridVertexColorMaterial_Ma.uasset" 96
"../../../Engine/Content/EditorMaterials/WidgetMaterial.uasset" 97
"../../../Engine/Content/EditorMaterials/WidgetMaterial_Current.uasset" 98
"../../../Engine/Content/EditorMaterials/WidgetMaterial_X.uasset" 99
"../../../Engine/Content/EditorMaterials/WidgetMaterial_Y.uasset" 100
"../../../Engine/Content/EditorMaterials/WidgetMaterial_Z.uasset" 101
"../../../Engine/Content/EditorMaterials/WidgetVertexColorMaterial.uasset" 102
"../../../Engine/Content/EditorMaterials/MatineeGroups/MAT_ColorTrack.uasset" 103
"../../../Engine/Content/EditorMaterials/MatineeGroups/MAT_Groups_Anim.uasset" 104
"../../../Engine/Content/EditorMaterials/MatineeGroups/MAT_Groups_AudioMaster.uasset" 105
"../../../Engine/Content/EditorMaterials/MatineeGroups/MAT_Groups_Director.uasset" 106
"../../../Engine/Content/EditorMaterials/MatineeGroups/MAT_Groups_Event.uasset" 107
"../../../Engine/Content/EditorMaterials/MatineeGroups/MAT_Groups_Fade.uasset" 108
"../../../Engine/Content/EditorMaterials/MatineeGroups/MAT_Groups_Float.uasset" 109
"../../../Engine/Content/EditorMaterials/MatineeGroups/MAT_Groups_Move.uasset" 110
"../../../Engine/Content/EditorMaterials/MatineeGroups/MAT_Groups_Slomo.uasset" 111
"../../../Engine/Content/EditorMaterials/MatineeGroups/MAT_Groups_Sound.uasset" 112
"../../../Engine/Content/EditorMaterials/MatineeGroups/MAT_Groups_Vector.uasset" 113
"../../../Engine/Content/EditorMaterials/ParticleSystems/PSysThumbnail_NoImage.uasset" 114
"../../../Engine/Content/EditorMaterials/ParticleSystems/PSysThumbnail_OOD.uasset" 115
"../../../Engine/Content/EngineMaterials/Grid.uasset" 116
"../../../Engine/Content/EditorMaterials/Thumbnails/FloorPlaneMaterial.uasset" 117
"../../../Engine/Content/EditorMeshes/EditorCube.uasset" 118
"../../../Engine/Content/EditorMeshes/EditorCylinder.uasset" 119
"../../../Engine/Content/EditorMeshes/EditorPlane.uasset" 120
"../../../Engine/Content/EditorMaterials/Thumbnails/SkySphereMaterial.uasset" 121
"../../../Engine/Content/EditorMeshes/EditorSkySphere.uasset" 122
"../../../Engine/Content/EditorMeshes/EditorSphere.uasset" 123
"../../../Engine/Content/EditorResources/MatineeCam_D.uasset" 124
"../../../Engine/Content/EditorMaterials/MatineeCam_mat.uasset" 125
"../../../Engine/Content/EditorMeshes/MatineeCam_SM.uasset" 126
"../../../Engine/Content/EditorMeshes/PlanarReflectionPlane.uasset" 127
"../../../Engine/Content/EngineDebugMaterials/M_SimpleOpaque.uasset" 128
"../../../Engine/Content/EditorMaterials/Camera/MI_CineMat_CamViewFinder.uasset" 129
"../../../Engine/Content/EditorMaterials/Camera/CineMat.uasset" 130
"../../../Engine/Content/EditorMaterials/Camera/MI_CineMat_CameraBody.uasset" 131
"../../../Engine/Content/EditorMeshes/Camera/SM_CineCam.uasset" 132
"../../../Engine/Content/EditorMaterials/Camera/MI_CineMat_Rig.uasset" 133
"../../../Engine/Content/EditorMeshes/Camera/SM_CraneRig_Arm.uasset" 134
"../../../Engine/Content/EditorMeshes/Camera/SM_CraneRig_Base.uasset" 135
"../../../Engine/Content/EditorMeshes/Camera/SM_CraneRig_Body.uasset" 136
"../../../Engine/Content/EditorMeshes/Camera/SM_CraneRig_Mount.uasset" 137
"../../../Engine/Content/EditorMeshes/Camera/SM_RailRig_Mount.uasset" 138
"../../../Engine/Content/EditorMeshes/Camera/SM_RailRig_Track.uasset" 139
"../../../Engine/Content/EditorMeshes/ColorCalibrator/M_ChromeBall.uasset" 140
"../../../Engine/Content/EditorResources/Bad.uasset" 141
"../../../Engine/Content/EditorResources/BSPVertex.uasset" 142
"../../../Engine/Content/EditorResources/MatInstActSprite.uasset" 143
"../../../Engine/Content/EditorResources/SceneManager.uasset" 144
"../../../Engine/Content/EditorResources/SmallFont.uasset" 145
"../../../Engine/Content/EditorResources/S_Actor.uasset" 146
"../../../Engine/Content/EditorResources/S_CameraShakeSource.uasset" 147
"../../../Engine/Content/EditorResources/S_DecalActorIcon.uasset" 148
"../../../Engine/Content/EditorResources/S_Emitter.uasset" 149
"../../../Engine/Content/EditorResources/S_ExpoHeightFog.uasset" 150
"../../../Engine/Content/EditorResources/S_FTest.uasset" 151
"../../../Engine/Content/EditorResources/S_KBSJoint.uasset" 152
"../../../Engine/Content/EditorResources/S_KHinge.uasset" 153
"../../../Engine/Content/EditorResources/S_KPrismatic.uasset" 154
"../../../Engine/Content/EditorResources/S_LevelSequence.uasset" 155
"../../../Engine/Content/EditorResources/S_NavP.uasset" 156
"../../../Engine/Content/EditorResources/S_Note.uasset" 157
"../../../Engine/Content/EditorResources/S_Player.uasset" 158
"../../../Engine/Content/EditorResources/S_PortalActorIcon2.uasset" 159
"../../../Engine/Content/EditorResources/S_RadForce.uasset" 160
"../../../Engine/Content/EditorResources/S_ReflActorIcon.uasset" 161
"../../../Engine/Content/EditorResources/S_SkyAtmosphere.uasset" 162
"../../../Engine/Content/EditorResources/S_Solver.uasset" 163
"../../../Engine/Content/EditorResources/S_Terrain.uasset" 164
"../../../Engine/Content/EditorResources/S_TextRenderActorIcon.uasset" 165
"../../../Engine/Content/EditorResources/S_Thruster.uasset" 166
"../../../Engine/Content/EditorResources/S_Trigger.uasset" 167
"../../../Engine/Content/EditorResources/S_VectorFieldVol.uasset" 168
"../../../Engine/Content/EditorResources/S_VolumetricCloud.uasset" 169
"../../../Engine/Content/EditorResources/S_WindDirectional.uasset" 170
"../../../Engine/Content/EditorResources/AI/S_NavLink.uasset" 171
"../../../Engine/Content/EditorResources/LightIcons/SkyLight.uasset" 172
"../../../Engine/Content/EditorResources/LightIcons/S_LightDirectional.uasset" 173
"../../../Engine/Content/EditorResources/LightIcons/S_LightDirectionalMove.uasset" 174
"../../../Engine/Content/EditorResources/LightIcons/S_LightError.uasset" 175
"../../../Engine/Content/EditorResources/LightIcons/S_LightPoint.uasset" 176
"../../../Engine/Content/EditorResources/LightIcons/S_LightPointMove.uasset" 177
"../../../Engine/Content/EditorResources/LightIcons/S_LightSpot.uasset" 178
"../../../Engine/Content/EditorResources/LightIcons/S_LightSpotMove.uasset" 179
"../../../Engine/Content/EditorResources/SequenceRecorder/Countdown.uasset" 180
"../../../Engine/Content/EditorResources/SequenceRecorder/RecordingIndicator.uasset" 181
"../../../Engine/Content/EditorResources/Spline/T_Loft_Spline.uasset" 182
"../../../Engine/Content/EditorSounds/Notifications/CompileSuccess.uasset" 183
"../../../Engine/Content/EditorSounds/Notifications/CompileStart_Cue.uasset" 184
"../../../Engine/Content/EditorSounds/Notifications/CompileSuccess_Cue.uasset" 185
"../../../Engine/Content/EngineDamageTypes/DmgTypeBP_Environmental.uasset" 186
"../../../Engine/Content/EngineDebugMaterials/HeatmapGradient.uasset" 187
"../../../Engine/Content/EngineDebugMaterials/BoneWeightMaterial.uasset" 188
"../../../Engine/Content/EngineDebugMaterials/ClothMaterial.uasset" 189
"../../../Engine/Content/EngineDebugMaterials/ClothMaterial_WF.uasset" 190
"../../../Engine/Content/EngineDebugMaterials/DebugEditorMaterial.uasset" 191
"../../../Engine/Content/EngineDebugMaterials/DebugMeshMaterial.uasset" 192
"../../../Engine/Content/EngineDebugMaterials/GeomMaterial.uasset" 193
"../../../Engine/Content/Functions/Engine_MaterialFunctions01/Shading/ConvertFromDiffSpec.uasset" 194
"../../../Engine/Content/EngineDebugMaterials/LevelColorationLitMaterial.uasset" 195
"../../../Engine/Content/EngineDebugMaterials/LevelColorationUnlitMaterial.uasset" 196
"../../../Engine/Content/EngineMaterials/DefaultWhiteGrid.uasset" 197
"../../../Engine/Content/EngineDebugMaterials/MAT_LevelColorationLitLightmapUV.uasset" 198
"../../../Engine/Content/EngineDebugMaterials/M_SimpleUnlitTranslucent.uasset" 199
"../../../Engine/Content/Functions/Engine_MaterialFunctions02/Utility/CameraDirectionVector.uasset" 200
"../../../Engine/Content/EngineDebugMaterials/VolumeToRender.uasset" 201
"../../../Engine/Content/EngineDebugMaterials/M_VolumeRenderSphereTracePP.uasset" 202
"../../../Engine/Content/EngineMaterials/DefaultWhiteGrid_Low.uasset" 203
"../../../Engine/Content/EngineDebugMaterials/PhysicalMaterialMaskMaterial.uasset" 204
"../../../Engine/Content/EngineDebugMaterials/ShadedLevelColorationLitMaterial.uasset" 205
"../../../Engine/Content/EngineDebugMaterials/ShadedLevelColorationUnlitMateri.uasset" 206
"../../../Engine/Content/EngineDebugMaterials/VertexColorMaterial.uasset" 207
"../../../Engine/Content/EngineDebugMaterials/VertexColorViewMode_AlphaAsColor.uasset" 208
"../../../Engine/Content/EngineDebugMaterials/VertexColorViewMode_BlueOnly.uasset" 209
"../../../Engine/Content/EngineDebugMaterials/VertexColorViewMode_ColorOnly.uasset" 210
"../../../Engine/Content/EngineDebugMaterials/VertexColorViewMode_GreenOnly.uasset" 211
"../../../Engine/Content/EngineDebugMaterials/VertexColorViewMode_RedOnly.uasset" 212
"../../../Engine/Content/EngineDebugMaterials/WireframeMaterial.uasset" 213
"../../../Engine/Content/EngineFonts/Faces/RobotoRegular.uasset" 214
"../../../Engine/Content/EngineFonts/Faces/RobotoLight.uasset" 215
"../../../Engine/Content/EngineFonts/Faces/RobotoItalic.uasset" 216
"../../../Engine/Content/EngineFonts/Faces/RobotoBoldItalic.uasset" 217
"../../../Engine/Content/EngineFonts/Faces/RobotoBold.uasset" 218
"../../../Engine/Content/EngineFonts/Faces/DroidSansFallback.uasset" 219
"../../../Engine/Content/EngineFonts/Roboto.uasset" 220
"../../../Engine/Content/EngineFonts/Faces/RobotoTiny.uasset" 221
"../../../Engine/Content/EngineFonts/RobotoTiny.uasset" 222
"../../../Engine/Content/EngineFonts/SmallFont.uasset" 223
"../../../Engine/Content/EngineFonts/TinyFont.uasset" 224
"../../../Engine/Content/EngineMaterials/BaseFlattenNormalMap.uasset" 225
"../../../Engine/Content/EngineMaterials/BaseFlattenGrayscaleMap.uasset" 226
"../../../Engine/Content/EngineMaterials/BaseFlattenEmissiveMap.uasset" 227
"../../../Engine/Content/EngineMaterials/BaseFlattenDiffuseMap.uasset" 228
"../../../Engine/Content/EngineMaterials/BaseFlattenMaterial.uasset" 229
"../../../Engine/Content/EngineResources/WhiteSquareTexture.uasset" 230
"../../../Engine/Content/EngineMaterials/BlinkingCaret.uasset" 231
"../../../Engine/Content/EngineMaterials/BlueNoise.uasset" 232
"../../../Engine/Content/EngineMaterials/DefaultBloomKernel.uasset" 233
"../../../Engine/Content/EngineMaterials/DefaultBokeh.uasset" 234
"../../../Engine/Content/EngineMaterials/DefaultDeferredDecalMaterial.uasset" 235
"../../../Engine/Content/EngineMaterials/DefaultLightFunctionMaterial.uasset" 236
"../../../Engine/Content/EngineMaterials/DefaultNormal.uasset" 237
"../../../Engine/Content/EngineMaterials/DefaultPostProcessMaterial.uasset" 238
"../../../Engine/Content/EngineFonts/RobotoDistanceField.uasset" 239
"../../../Engine/Content/EngineMaterials/DefaultTextMaterialOpaque.uasset" 240
"../../../Engine/Content/EngineMaterials/EditorBrushMaterial.uasset" 241
"../../../Engine/Content/EngineMaterials/EmissiveMeshMaterial.uasset" 242
"../../../Engine/Content/EngineMaterials/GizmoMaterial.uasset" 243
"../../../Engine/Content/EngineMaterials/Good64x64TilingNoiseHighFreq.uasset" 244
"../../../Engine/Content/EngineMaterials/Grid_N.uasset" 245
"../../../Engine/Content/EngineMaterials/HighResolutionScreenshotMaskFunction.uasset" 246
"../../../Engine/Content/EngineMaterials/HighResScreenshot.uasset" 247
"../../../Engine/Content/EngineMaterials/HighResScreenshotCaptureRegion.uasset" 248
"../../../Engine/Content/EngineMaterials/HighResScreenshotMask.uasset" 249
"../../../Engine/Content/EngineMaterials/LandscapeHolePhysicalMaterial.uasset" 250
"../../../Engine/Content/EngineMaterials/InvalidLightmapSettings.uasset" 251
"../../../Engine/Content/EngineMaterials/M_InvalidLightmapSettings.uasset" 252
"../../../Engine/Content/EngineMaterials/PaperDiffuse.uasset" 253
"../../../Engine/Content/EngineMaterials/PaperNormal.uasset" 254
"../../../Engine/Content/Functions/Engine_MaterialFunctions02/WorldPositionOffset/CameraOffset.uasset" 255
"../../../Engine/Content/EngineMaterials/PhAT_JointLimitMaterial.uasset" 256
"../../../Engine/Content/EngineMaterials/PhysMat_Rubber.uasset" 257
"../../../Engine/Content/EngineMaterials/PreintegratedSkinBRDF.uasset" 258
"../../../Engine/Content/EngineMaterials/RemoveSurfaceMaterial.uasset" 259
"../../../Engine/Content/EngineMaterials/WeightMapPlaceholderTexture.uasset" 260
"../../../Engine/Content/Functions/Engine_MaterialFunctions01/ImageAdjustment/sRGBToLinear.uasset" 261
"../../../Engine/Content/Functions/Engine_MaterialFunctions02/Utility/BreakOutFloat3Components.uasset" 262
"../../../Engine/Content/EngineMaterials/Widget3DCameraPassThrough_Opaque_OneSided.uasset" 263
"../../../Engine/Content/EngineMaterials/Widget3DPassThrough.uasset" 264
"../../../Engine/Content/EngineMaterials/Widget3DPassThrough_Masked.uasset" 265
"../../../Engine/Content/EngineMaterials/Widget3DPassThrough_Opaque.uasset" 266
"../../../Engine/Content/EngineMaterials/Widget3DPassThrough_Masked_OneSided.uasset" 267
"../../../Engine/Content/EngineMaterials/Widget3DPassThrough_Opaque_OneSided.uasset" 268
"../../../Engine/Content/EngineMaterials/Widget3DPassThrough_Translucent.uasset" 269
"../../../Engine/Content/EngineMaterials/Widget3DPassThrough_Translucent_OneSided.uasset" 270
"../../../Engine/Content/EngineMeshes/Cylinder.uasset" 271
"../../../Engine/Content/EngineMeshes/Sphere.uasset" 272
"../../../Engine/Content/EngineResources/Black.uasset" 273
"../../../Engine/Content/EngineResources/DefaultTexture.uasset" 274
"../../../Engine/Content/EngineResources/DefaultTextureCube.uasset" 275
"../../../Engine/Content/EngineResources/DefaultVolumeTexture2D.uasset" 276
"../../../Engine/Content/EngineResources/DefaultVolumeTexture.uasset" 277
"../../../Engine/Content/EngineResources/GradientTexture0.uasset" 278
"../../../Engine/Content/EngineResources/StreamingPauseIcon.uasset" 279
"../../../Engine/Content/EngineResources/M_StreamingPause.uasset" 280
"../../../Engine/Content/EngineSky/VolumetricClouds/T_NoiseShape64.uasset" 281
"../../../Engine/Content/EngineSky/VolumetricClouds/T_VolumeNoiseShape64.uasset" 282
"../../../Engine/Content/EngineSky/VolumetricClouds/T_NoiseErosion.uasset" 283
"../../../Engine/Content/EngineSky/VolumetricClouds/T_VolumeNoiseErosion32.uasset" 284
"../../../Engine/Content/EngineSky/VolumetricClouds/CloudWeatherTexture.uasset" 285
"../../../Engine/Content/EngineSky/VolumetricClouds/CloudGradientTexture.uasset" 286
"../../../Engine/Content/EngineSky/VolumetricClouds/m_SimpleVolumetricCloud.uasset" 287
"../../../Engine/Content/EngineSky/VolumetricClouds/m_SimpleVolumetricCloud_Inst.uasset" 288
"../../../Engine/Content/EngineSounds/Master.uasset" 289
"../../../Engine/Content/Functions/Engine_MaterialFunctions01/Shading/PowerToRoughness.uasset" 290
"../../../Engine/Content/Maps/Templates/Thumbnails/Default.uasset" 291
"../../../Engine/Content/Maps/Templates/Thumbnails/TimeOfDay.uasset" 292
"../../../Engine/Content/Maps/Templates/Thumbnails/VR-Basic.uasset" 293
"../../../Engine/Content/MapTemplates/Sky/DaylightAmbientCubemap.uasset" 294
"../../../Engine/Content/MobileResources/T_MobileControls_texture.uasset" 295
"../../../Engine/Content/MobileResources/T_MobileMenu2.uasset" 296
"../../../Engine/Content/MobileResources/HUD/AnalogHat.uasset" 297
"../../../Engine/Content/MobileResources/HUD/VirtualJoystick_Thumb.uasset" 298
"../../../Engine/Content/MobileResources/HUD/VirtualJoystick_Background.uasset" 299
"../../../Engine/Content/MobileResources/HUD/DefaultVirtualJoysticks.uasset" 300
"../../../Engine/Content/MobileResources/HUD/LeftVirtualJoystickOnly.uasset" 301
"../../../Engine/Content/MobileResources/HUD/MobileHUDButton1_off.uasset" 302
"../../../Engine/Content/MobileResources/HUD/MobileHUDButton1_on.uasset" 303
"../../../Engine/Content/MobileResources/HUD/MobileHUDButton2_off.uasset" 304
"../../../Engine/Content/MobileResources/HUD/MobileHUDButton2_on.uasset" 305
"../../../Engine/Content/MobileResources/HUD/MobileHUDButton3.uasset" 306
"../../../Engine/Content/MobileResources/HUD/MobileHUDButtonFire.uasset" 307
"../../../Engine/Content/MobileResources/HUD/MobileHUDDirectionPad.uasset" 308
"../../../Engine/Content/MobileResources/HUD/MobileHUDDirectionPad2.uasset" 309
"../../../Engine/Content/MobileResources/HUD/MobileHUDDirectionPad3.uasset" 310
"../../../Engine/Content/MobileResources/HUD/MobileHUDDirectionStick.uasset" 311
"../../../Engine/Content/MobileResources/HUD/T_Castle_ThumbstickInner.uasset" 312
"../../../Engine/Content/MobileResources/HUD/T_Castle_ThumbstickOutter.uasset" 313
"../../../Engine/Content/Tutorial/ContentIntroCurve.uasset" 314
"../../../Engine/Content/Tutorial/Basics/LevelEditorAttract.uasset" 315
"../../../Engine/Content/Tutorial/Basics/TutorialAssets/icon_tab_Levels_40x.uasset" 316
"../../../Engine/Content/Tutorial/Basics/LevelEditorOverview.uasset" 317
"../../../Engine/Content/Tutorial/BlueprintTutorials/TutorialAssets/Blueprint_64x.uasset" 318
"../../../Engine/Content/Tutorial/BlueprintTutorials/BlueprintEditorTutorial.uasset" 319
"../../../Engine/Content/Tutorial/Installation/InstallingVisualStudioTutorial.uasset" 320
"../../../Engine/Content/VREditor/TransformGizmo/TranslucentTransformGizmoMaterial.uasset" 321
"../../../Engine/Content/VREditor/LaserPointer/VR_LaserPower_01.uasset" 322
"../../../Engine/Content/VREditor/TransformGizmo/TransformGizmoMaterial.uasset" 323
"../../../Engine/Content/VREditor/TransformGizmo/BoundingBoxCorner.uasset" 324
"../../../Engine/Content/VREditor/TransformGizmo/BoundingBoxEdge.uasset" 325
"../../../Engine/Content/VREditor/TransformGizmo/PlaneTranslationHandle.uasset" 326
"../../../Engine/Content/VREditor/TransformGizmo/Xray.uasset" 327
"../../../Engine/Content/VREditor/TransformGizmo/Main.uasset" 328
"../../../Engine/Content/VREditor/TransformGizmo/SM_Sequencer_Key.uasset" 329
"../../../Engine/Content/VREditor/TransformGizmo/SM_Sequencer_Node.uasset" 330
"../../../../../../Users/cedri/Desktop/Fiverr/DeathStar/Content/SpaceSkyboxes/Textures/DDO66/T_DDO66_neg_x.uasset" 331
"../../../../../../Users/cedri/Desktop/Fiverr/DeathStar/Content/SpaceSkyboxes/Textures/DDO66/T_DDO66_neg_y.uasset" 332
"../../../../../../Users/cedri/Desktop/Fiverr/DeathStar/Content/SpaceSkyboxes/Textures/DDO66/T_DDO66_neg_z.uasset" 333
"../../../../../../Users/cedri/Desktop/Fiverr/DeathStar/Content/SpaceSkyboxes/Textures/DDO66/T_DDO66_pos_x.uasset" 334
"../../../../../../Users/cedri/Desktop/Fiverr/DeathStar/Content/SpaceSkyboxes/Textures/DDO66/T_DDO66_pos_z.uasset" 335
"../../../../../../Users/cedri/Desktop/Fiverr/DeathStar/Content/SpaceSkyboxes/Textures/GalacticCloud/T_GalacticCloud_neg_x.uasset" 336
"../../../../../../Users/cedri/Desktop/Fiverr/DeathStar/Content/SpaceSkyboxes/Textures/GalacticCloud/T_GalacticCloud_neg_y.uasset" 337
"../../../../../../Users/cedri/Desktop/Fiverr/DeathStar/Content/SpaceSkyboxes/Textures/GalacticCloud/T_GalacticCloud_neg_z.uasset" 338
"../../../../../../Users/cedri/Desktop/Fiverr/DeathStar/Content/SpaceSkyboxes/Textures/GalacticCloud/T_GalacticCloud_pos_x.uasset" 339
"../../../../../../Users/cedri/Desktop/Fiverr/DeathStar/Content/SpaceSkyboxes/Textures/GalacticCloud/T_GalacticCloud_pos_y.uasset" 340
"../../../../../../Users/cedri/Desktop/Fiverr/DeathStar/Content/SpaceSkyboxes/Textures/GalacticCloud/T_GalacticCloud_pos_z.uasset" 341
"../../Plugins/2D/Paper2D/Content/PlaceholderTextures/DummySpriteTexture.uasset" 342
"../../Plugins/2D/Paper2D/Content/DummySprite.uasset" 343
"../../Plugins/2D/Paper2D/Content/DefaultPaperTerrainMaterial.uasset" 344
"../../Plugins/2D/Paper2D/Content/DefaultSpriteMaterial.uasset" 345
"../../Plugins/2D/Paper2D/Content/MaskedUnlitSpriteMaterial.uasset" 346
"../../Plugins/2D/Paper2D/Content/OpaqueUnlitSpriteMaterial.uasset" 347
"../../Plugins/FX/Niagara/Content/Enums/ENiagaraAnimTrailWidthMode.uasset" 348
"../../Plugins/FX/Niagara/Content/Enums/ENiagaraArraySamplingMode.uasset" 349
"../../Plugins/FX/Niagara/Content/Enums/ENiagaraBoneSamplingMode.uasset" 350
"../../Plugins/FX/Niagara/Content/Enums/ENiagaraBoneSocketSamplingMode.uasset" 351
"../../Plugins/FX/Niagara/Content/Enums/ENiagaraBooleanLogicOps.uasset" 352
"../../Plugins/FX/Niagara/Content/Enums/ENiagaraBooleanLogicOps_v2.uasset" 353
"../../Plugins/FX/Niagara/Content/Enums/ENiagaraCalculateRadiusOptions.uasset" 354
"../../Plugins/FX/Niagara/Content/Enums/ENiagaraChannelCorrelation.uasset" 355
"../../Plugins/FX/Niagara/Content/Enums/ENiagaraCollisionRadiusOptions.uasset" 356
"../../Plugins/FX/Niagara/Content/Enums/ENiagaraCoordinateSpace.uasset" 357
"../../Plugins/FX/Niagara/Content/Enums/ENiagaraCurlNoiseQuality.uasset" 358
"../../Plugins/FX/Niagara/Content/Enums/ENiagaraEmitterLifeCycleMode.uasset" 359
"../../Plugins/FX/Niagara/Content/Enums/ENiagaraEmitterScalabilityMode.uasset" 360
"../../Plugins/FX/Niagara/Content/Enums/ENiagaraEmitterScalabilityMode_Limited.uasset" 361
"../../Plugins/FX/Niagara/Content/Enums/ENiagaraExecutionStateManagement.uasset" 362
"../../Plugins/FX/Niagara/Content/Enums/ENiagaraExpansionMode.uasset" 363
"../../Plugins/FX/Niagara/Content/Enums/ENiagaraFrictionMergeType.uasset" 364
"../../Plugins/FX/Niagara/Content/Enums/ENiagaraGPUDepthResponseType.uasset" 365
"../../Plugins/FX/Niagara/Content/Enums/ENiagaraGridPlacementType.uasset" 366
"../../Plugins/FX/Niagara/Content/Enums/ENiagaraInactiveMode.uasset" 367
"../../Plugins/FX/Niagara/Content/Enums/ENiagaraKillVolumeOptions.uasset" 368
"../../Plugins/FX/Niagara/Content/Enums/ENiagaraLinearColor_Channels.uasset" 369
"../../Plugins/FX/Niagara/Content/Enums/ENiagaraMassByVolume.uasset" 370
"../../Plugins/FX/Niagara/Content/Enums/ENiagaraMassCalculationForRendererTypes.uasset" 371
"../../Plugins/FX/Niagara/Content/Enums/ENiagaraMeshOrSprite.uasset" 372
"../../Plugins/FX/Niagara/Content/Enums/ENiagaraMeshSamplingMode.uasset" 373
"../../Plugins/FX/Niagara/Content/Enums/ENiagaraMeshSurfaceSamplingMode.uasset" 374
"../../Plugins/FX/Niagara/Content/Enums/ENiagaraMeshTransforms.uasset" 375
"../../Plugins/FX/Niagara/Content/Enums/ENiagaraMinOrMax.uasset" 376
"../../Plugins/FX/Niagara/Content/Enums/ENiagaraNumericVariableTypes.uasset" 377
"../../Plugins/FX/Niagara/Content/Enums/ENiagaraOrientationAxis.uasset" 378
"../../Plugins/FX/Niagara/Content/Enums/ENiagaraQuaternionDerivationTechnique.uasset" 379
"../../Plugins/FX/Niagara/Content/Enums/ENiagaraRandomnessEvaluation.uasset" 380
"../../Plugins/FX/Niagara/Content/Enums/ENiagaraRandomnessMode.uasset" 381
"../../Plugins/FX/Niagara/Content/Enums/ENiagaraRestitutionMergeType.uasset" 382
"../../Plugins/FX/Niagara/Content/Enums/ENiagaraScaleColorMode.uasset" 383
"../../Plugins/FX/Niagara/Content/Enums/ENiagaraSimulationTarget.uasset" 384
"../../Plugins/FX/Niagara/Content/Enums/ENiagaraSkeletalSpawning.uasset" 385
"../../Plugins/FX/Niagara/Content/Enums/ENiagaraSkelSamplingFilteringMode.uasset" 386
"../../Plugins/FX/Niagara/Content/Enums/ENiagaraSkelSamplingModeFull.uasset" 387
"../../Plugins/FX/Niagara/Content/Enums/ENiagaraSocketSamplingMode.uasset" 388
"../../Plugins/FX/Niagara/Content/Enums/ENiagaraSphereDistributionMode.uasset" 389
"../../Plugins/FX/Niagara/Content/Enums/ENiagaraSUbUVAnimationMode.uasset" 390
"../../Plugins/FX/Niagara/Content/Enums/ENiagaraSystemInactiveMode.uasset" 391
"../../Plugins/FX/Niagara/Content/Enums/ENiagaraTorusDistributionMode.uasset" 392
"../../Plugins/FX/Niagara/Content/Enums/ENiagaraTorusMode.uasset" 393
"../../Plugins/FX/Niagara/Content/Enums/ENiagaraTriangleSamplingMode.uasset" 394
"../../Plugins/FX/Niagara/Content/Enums/ENiagaraVector2_Channels.uasset" 395
"../../Plugins/FX/Niagara/Content/Enums/ENiagaraVector3_Channels.uasset" 396
"../../Plugins/FX/Niagara/Content/Enums/ENiagaraVector4_Channels.uasset" 397
"../../Plugins/FX/Niagara/Content/Enums/ENiagaraVertexFilteringMode.uasset" 398
"../../Plugins/FX/Niagara/Content/Enums/ENiagaraVertexSamplingMode.uasset" 399
"../../Plugins/FX/Niagara/Content/Enums/ENiagara_AudioParamType.uasset" 400
"../../Plugins/FX/Niagara/Content/Enums/ENiagara_BankOnTurns.uasset" 401
"../../Plugins/FX/Niagara/Content/Enums/ENiagara_CameraMeshOrientation.uasset" 402
"../../Plugins/FX/Niagara/Content/Enums/ENiagara_CameraProperties.uasset" 403
"../../Plugins/FX/Niagara/Content/Enums/ENiagara_CollisionType.uasset" 404
"../../Plugins/FX/Niagara/Content/Enums/ENiagara_ColorInitializationMode.uasset" 405
"../../Plugins/FX/Niagara/Content/Enums/ENiagara_CPUCollisionType.uasset" 406
"../../Plugins/FX/Niagara/Content/Enums/ENiagara_DirectReadApplicationMode.uasset" 407
"../../Plugins/FX/Niagara/Content/Enums/ENiagara_DirectReadParticleIDSampling.uasset" 408
"../../Plugins/FX/Niagara/Content/Enums/ENiagara_DirectReadSamplingMode.uasset" 409
"../../Plugins/FX/Niagara/Content/Enums/ENiagara_EmitterLocSamplingMode.uasset" 410
"../../Plugins/FX/Niagara/Content/Enums/ENiagara_EmitterStateOptions.uasset" 411
"../../Plugins/FX/Niagara/Content/Enums/ENiagara_FadeOperationType.uasset" 412
"../../Plugins/FX/Niagara/Content/Enums/ENiagara_Float4Channel.uasset" 413
"../../Plugins/FX/Niagara/Content/Enums/ENiagara_GPUCollisionType.uasset" 414
"../../Plugins/FX/Niagara/Content/Enums/ENiagara_IDAttributes.uasset" 415
"../../Plugins/FX/Niagara/Content/Enums/ENiagara_InfiniteLoopDuration.uasset" 416
"../../Plugins/FX/Niagara/Content/Enums/ENiagara_LifetimeInheritanceOptions.uasset" 417
"../../Plugins/FX/Niagara/Content/Enums/ENiagara_LifetimeMode.uasset" 418
"../../Plugins/FX/Niagara/Content/Enums/ENiagara_MassInitializationMode.uasset" 419
"../../Plugins/FX/Niagara/Content/Enums/ENiagara_MultipleLerpCount.uasset" 420
"../../Plugins/FX/Niagara/Content/Enums/ENiagara_PositionInitializationMode.uasset" 421
"../../Plugins/FX/Niagara/Content/Enums/ENiagara_RotationDefinitionApproach.uasset" 422
"../../Plugins/FX/Niagara/Content/Enums/ENiagara_SizeScaleMode.uasset" 423
"../../Plugins/FX/Niagara/Content/Enums/ENiagara_SpawnBurstMode.uasset" 424
"../../Plugins/FX/Niagara/Content/Enums/ENiagara_SpriteRotationMode.uasset" 425
"../../Plugins/FX/Niagara/Content/Enums/ENiagara_SubUVLookupMode.uasset" 426
"../../Plugins/FX/Niagara/Content/Enums/ENiagara_TransformBaseOptions.uasset" 427
"../../Plugins/FX/Niagara/Content/Enums/ENiagara_TransformMode.uasset" 428
"../../Plugins/FX/Niagara/Content/Enums/ENiagara_TransformOrientationMode.uasset" 429
"../../Plugins/FX/Niagara/Content/Enums/ENiagara_UVFlippingMode.uasset" 430
"../../Plugins/FX/Niagara/Content/Enums/Niagara_Units.uasset" 431
"../../Plugins/FX/Niagara/Content/Enums/CascadeConversion/ECascadeNiagaraOrbitChainMode.uasset" 432
"../../Plugins/FX/Niagara/Content/Enums/CascadeConversion/ECascadeNiagaraTwoVectorChannels.uasset" 433
"../../Plugins/FX/Niagara/Content/Icons/S_ParticleSystem.uasset" 434
"../../../Engine/Content/BasicShapes/Cylinder.uasset" 435
"../../../Engine/Content/ArtTools/RenderToTexture/Materials/Debug/M_Emissive_Color.uasset" 436
"../../Plugins/Lumin/MagicLeapPassableWorld/Content/MagicLeapARPinInfoActor.uasset" 437
"../../../Engine/Content/Maps/Entry_BuiltData.uasset" 438
"../../../Engine/Content/Maps/Entry.umap" 439
"../../../../../../Users/cedri/Desktop/Fiverr/DeathStar/Content/SpaceSkyboxes/Textures/DDO66/T_DDO66_pos_y.uasset" 440
"../../../../../../Users/cedri/Desktop/Fiverr/DeathStar/Content/Sound/Wav_DeepSpace.uasset" 441
"../../../../../../Users/cedri/Desktop/Fiverr/DeathStar/Content/Sound/Wav_DeepSpace_Cue.uasset" 442
"../../../../../../Users/cedri/Desktop/Fiverr/DeathStar/Content/Font/AstroSpace-0Wl3o.uasset" 443
"../../../../../../Users/cedri/Desktop/Fiverr/DeathStar/Content/Font/AstroSpace-0Wl3o_Font.uasset" 444
"../../../Engine/Content/EditorBlueprintResources/StandardMacros.uasset" 445
"../../../Engine/Content/BasicShapes/Plane.uasset" 446
"../../../../../../Users/cedri/Desktop/Fiverr/DeathStar/Content/Sound/SFX/WAV_TurretDestroy.uasset" 447
"../../../../../../Users/cedri/Desktop/Fiverr/DeathStar/Content/Sound/SFX/CUE_TurretDestroy.uasset" 448
"../../../../../../Users/cedri/Desktop/Fiverr/DeathStar/Content/Muzzles/Meshes/SM_MuzzleCone.uasset" 449
"../../../Engine/Content/Functions/Engine_MaterialFunctions01/Gradient/RadialGradient.uasset" 450
"../../../../../../Users/cedri/Desktop/Fiverr/DeathStar/Content/Muzzles/Materials/M_SoftGradient_Muzzle.uasset" 451
"../../../Engine/Content/Functions/Engine_MaterialFunctions01/Gradient/LinearGradient.uasset" 452
"../../../../../../Users/cedri/Desktop/Fiverr/DeathStar/Content/Muzzles/Textures/T_TileNoise.uasset" 453
"../../../../../../Users/cedri/Desktop/Fiverr/DeathStar/Content/Muzzles/Textures/T_SquareMaskTightEdge.uasset" 454
"../../../../../../Users/cedri/Desktop/Fiverr/DeathStar/Content/Muzzles/Materials/M_MuzzleGlow.uasset" 455
"../../../../../../Users/cedri/Desktop/Fiverr/DeathStar/Content/Muzzles/Textures/T_Lensflare_01.uasset" 456
"../../../../../../Users/cedri/Desktop/Fiverr/DeathStar/Content/Muzzles/Materials/M_Lensflare_01.uasset" 457
"../../../../../../Users/cedri/Desktop/Fiverr/DeathStar/Content/Muzzles/Textures/T_SmokeBall_01_8_8.uasset" 458
"../../../../../../Users/cedri/Desktop/Fiverr/DeathStar/Content/Muzzles/Textures/T_Clouds_01.uasset" 459
"../../../../../../Users/cedri/Desktop/Fiverr/DeathStar/Content/Muzzles/Materials/M_ImpactSmoke.uasset" 460
"../../../../../../Users/cedri/Desktop/Fiverr/DeathStar/Content/Muzzles/Textures/T_Water_N.uasset" 461
"../../../../../../Users/cedri/Desktop/Fiverr/DeathStar/Content/Muzzles/Materials/M_Heat_Distortion.uasset" 462
"../../../../../../Users/cedri/Desktop/Fiverr/DeathStar/Content/Muzzles/Materials/M_Heat_Distortion_Inst.uasset" 463
"../../../../../../Users/cedri/Desktop/Fiverr/DeathStar/Content/Muzzles/Textures/singles1.uasset" 464
"../../../../../../Users/cedri/Desktop/Fiverr/DeathStar/Content/Muzzles/Materials/M_FlashSet1.uasset" 465
"../../../../../../Users/cedri/Desktop/Fiverr/DeathStar/Content/Muzzles/Textures/flash18.uasset" 466
"../../../../../../Users/cedri/Desktop/Fiverr/DeathStar/Content/Muzzles/Materials/M_50CalSide.uasset" 467
"../../../../../../Users/cedri/Desktop/Fiverr/DeathStar/Content/Muzzles/Particles/P_Muzzle56.uasset" 468
"../../../../../../Users/cedri/Desktop/Fiverr/DeathStar/Content/Blueprints/Material/MT_Socle.uasset" 469
"../../../../../../Users/cedri/Desktop/Fiverr/DeathStar/Content/Blueprints/Widget/UI_LifeEnemy.uasset" 470
"../../../../../../Users/cedri/Desktop/Fiverr/DeathStar/Content/Sound/SFX/WAV_TilesSelected.uasset" 471
"../../../../../../Users/cedri/Desktop/Fiverr/DeathStar/Content/Sound/SFX/CUE_TilesSelected.uasset" 472
"../../../../../../Users/cedri/Desktop/Fiverr/DeathStar/Content/Geometry/Meshes/CubeMaterial.uasset" 473
"../../../../../../Users/cedri/Desktop/Fiverr/DeathStar/Content/Image/Widget/Ontouch.uasset" 474
"../../../../../../Users/cedri/Desktop/Fiverr/DeathStar/Content/Image/Widget/arrow.uasset" 475
"../../../../../../Users/cedri/Desktop/Fiverr/DeathStar/Content/Sound/SFX/WAV_ValidationTUTO.uasset" 476
"../../../../../../Users/cedri/Desktop/Fiverr/DeathStar/Content/Sound/SFX/WAV_ValidationTUTO_Cue.uasset" 477
"../../../../../../Users/cedri/Desktop/Fiverr/DeathStar/Content/Sound/SFX/WAV_PreparationTurret.uasset" 478
"../../../../../../Users/cedri/Desktop/Fiverr/DeathStar/Content/Sound/SFX/WAV_PreparationTurret_Cue.uasset" 479
"../../../../../../Users/cedri/Desktop/Fiverr/DeathStar/Content/Sound/SFX/WAV_InGameWaves.uasset" 480
"../../../../../../Users/cedri/Desktop/Fiverr/DeathStar/Content/Sound/SFX/WAV_InGameWaves_Cue.uasset" 481
"../../../../../../Users/cedri/Desktop/Fiverr/DeathStar/Content/Sound/SFX/WAV_WrongWidget.uasset" 482
"../../../../../../Users/cedri/Desktop/Fiverr/DeathStar/Content/Sound/SFX/CUE_WrongWidget.uasset" 483
"../../../../../../Users/cedri/Desktop/Fiverr/DeathStar/Content/Sound/SFX/WAV_Victory.uasset" 484
"../../../../../../Users/cedri/Desktop/Fiverr/DeathStar/Content/Sound/SFX/CUE_Victory.uasset" 485
"../../../../../../Users/cedri/Desktop/Fiverr/DeathStar/Content/Sound/SFX/WAV_StartingWaves.uasset" 486
"../../../../../../Users/cedri/Desktop/Fiverr/DeathStar/Content/Sound/SFX/CUE_StartingWaves.uasset" 487
"../../../../../../Users/cedri/Desktop/Fiverr/DeathStar/Content/Sound/SFX/WAV_Select.uasset" 488
"../../../../../../Users/cedri/Desktop/Fiverr/DeathStar/Content/Sound/SFX/CUE_Select.uasset" 489
"../../../../../../Users/cedri/Desktop/Fiverr/DeathStar/Content/Sound/SFX/WAV_ConstructionPlasma.uasset" 490
"../../../../../../Users/cedri/Desktop/Fiverr/DeathStar/Content/Sound/SFX/CUE_ConstructionPlasma.uasset" 491
"../../../../../../Users/cedri/Desktop/Fiverr/DeathStar/Content/Sound/SFX/WAV_ConstrucLaser.uasset" 492
"../../../../../../Users/cedri/Desktop/Fiverr/DeathStar/Content/Sound/SFX/CUE_ConstructionLaser.uasset" 493
"../../../../../../Users/cedri/Desktop/Fiverr/DeathStar/Content/Image/Widget/Valide.uasset" 494
"../../../../../../Users/cedri/Desktop/Fiverr/DeathStar/Content/Image/Widget/TestUI.uasset" 495
"../../../../../../Users/cedri/Desktop/Fiverr/DeathStar/Content/Image/Widget/Penta.uasset" 496
"../../../../../../Users/cedri/Desktop/Fiverr/DeathStar/Content/Sound/SFX/WAV_Laser.uasset" 497
"../../../../../../Users/cedri/Desktop/Fiverr/DeathStar/Content/Sound/SFX/AT_Turret.uasset" 498
"../../../../../../Users/cedri/Desktop/Fiverr/DeathStar/Content/Sound/SFX/CUE_Laser.uasset" 499
"../../../../../../Users/cedri/Desktop/Fiverr/DeathStar/Content/Asset/Defense/light.uasset" 500
"../../../../../../Users/cedri/Desktop/Fiverr/DeathStar/Content/Asset/Defense/gray.uasset" 501
"../../../../../../Users/cedri/Desktop/Fiverr/DeathStar/Content/Asset/Defense/color.uasset" 502
"../../../../../../Users/cedri/Desktop/Fiverr/DeathStar/Content/Asset/Defense/black.uasset" 503
"../../../../../../Users/cedri/Desktop/Fiverr/DeathStar/Content/Asset/Defense/plasma.uasset" 504
"../../../../../../Users/cedri/Desktop/Fiverr/DeathStar/Content/SM_Pentagone.uasset" 505
"../../../../../../Users/cedri/Desktop/Fiverr/DeathStar/Content/Sound/SFX/WAV_Plasma.uasset" 506
"../../../../../../Users/cedri/Desktop/Fiverr/DeathStar/Content/Sound/SFX/CUE_Plasma.uasset" 507
"../../../../../../Users/cedri/Desktop/Fiverr/DeathStar/Content/Blueprints/Defense/BPC_Plasma.uasset" 508
"../../../../../../Users/cedri/Desktop/Fiverr/DeathStar/Content/Blueprints/Widget/UI_LifeTurret.uasset" 509
"../../../../../../Users/cedri/Desktop/Fiverr/DeathStar/Content/Asset/Defense/laser.uasset" 510
"../../../../../../Users/cedri/Desktop/Fiverr/DeathStar/Content/Blueprints/Defense/BPC_LaserTutorial.uasset" 511
"../../../Engine/Content/BasicShapes/Sphere.uasset" 512
"../../../../../../Users/cedri/Desktop/Fiverr/DeathStar/Content/Asset/Enemy/StarFighter/color.uasset" 513
"../../../../../../Users/cedri/Desktop/Fiverr/DeathStar/Content/Sound/SFX/WAV_Defeat.uasset" 514
"../../../../../../Users/cedri/Desktop/Fiverr/DeathStar/Content/Sound/SFX/CUE_Defeat.uasset" 515
"../../../../../../Users/cedri/Desktop/Fiverr/DeathStar/Content/Blueprints/System/BP_HeartTuto.uasset" 516
"../../../../../../Users/cedri/Desktop/Fiverr/DeathStar/Content/Blueprints/Defense/BPC_Laser.uasset" 517
"../../../../../../Users/cedri/Desktop/Fiverr/DeathStar/Content/Image/Widget/Barre.uasset" 518
"../../../../../../Users/cedri/Desktop/Fiverr/DeathStar/Content/Blueprints/System/BP_GameMode.uasset" 519
"../../../../../../Users/cedri/Desktop/Fiverr/DeathStar/Content/Blueprints/Widget/WB_Main.uasset" 520
"../../../../../../Users/cedri/Desktop/Fiverr/DeathStar/Content/Blueprints/System/BP_Heart.uasset" 521
"../../../../../../Users/cedri/Desktop/Fiverr/DeathStar/Content/Blueprints/System/BP_GameModeTuto.uasset" 522
"../../../../../../Users/cedri/Desktop/Fiverr/DeathStar/Content/Blueprints/Widget/WB_Tuto.uasset" 523
"../../../Engine/Content/Functions/Engine_MaterialFunctions01/Density/ExponentialDensity.uasset" 524
"../../../Engine/Content/Functions/Engine_MaterialFunctions01/Gradient/RadialGradientExponential.uasset" 525
"../../../../../../Users/cedri/Desktop/Fiverr/DeathStar/Content/VFX/M_Lightning.uasset" 526
"../../../../../../Users/cedri/Desktop/Fiverr/DeathStar/Content/VFX/P_LightningYellow.uasset" 527
"../../../../../../Users/cedri/Desktop/Fiverr/DeathStar/Content/VFX/P_Lightning.uasset" 528
"../../../../../../Users/cedri/Desktop/Fiverr/DeathStar/Content/Blueprints/SpawnerTarget/BP_Target.uasset" 529
"../../../../../../Users/cedri/Desktop/Fiverr/DeathStar/Content/Blueprints/Enum/Enemy.uasset" 530
"../../../../../../Users/cedri/Desktop/Fiverr/DeathStar/Content/Blueprints/System/MyMacroLibrary.uasset" 531
"../../../../../../Users/cedri/Desktop/Fiverr/DeathStar/Content/Blueprints/System/FloatingAIMovement/Blueprints/Floating_AI_Unreachable_Enum.uasset" 532
"../../../../../../Users/cedri/Desktop/Fiverr/DeathStar/Content/Blueprints/System/FloatingAIMovement/Blueprints/Floating_AI_Movement.uasset" 533
"../../../../../../Users/cedri/Desktop/Fiverr/DeathStar/Content/Asset/Enemy/StarFighter/light.uasset" 534
"../../../../../../Users/cedri/Desktop/Fiverr/DeathStar/Content/Asset/Enemy/StarFighter/gray.uasset" 535
"../../../../../../Users/cedri/Desktop/Fiverr/DeathStar/Content/Asset/Enemy/StarFighter/black.uasset" 536
"../../../../../../Users/cedri/Desktop/Fiverr/DeathStar/Content/Asset/Enemy/StarFighter/starfighter.uasset" 537
"../../../../../../Users/cedri/Desktop/Fiverr/DeathStar/Content/Sound/SFX/WAV_Scout.uasset" 538
"../../../../../../Users/cedri/Desktop/Fiverr/DeathStar/Content/Sound/SFX/CUE_Scout.uasset" 539
"../../../../../../Users/cedri/Desktop/Fiverr/DeathStar/Content/Sound/SFX/AT_Ennemy.uasset" 540
"../../../../../../Users/cedri/Desktop/Fiverr/DeathStar/Content/Blueprints/System/FloatingAIMovement/Blueprints/Floating_AI_Right_Up_Detection_Location.uasset" 541
"../../../../../../Users/cedri/Desktop/Fiverr/DeathStar/Content/Blueprints/System/FloatingAIMovement/Blueprints/Floating_AI_Right_Down_Detection_Location.uasset" 542
"../../../../../../Users/cedri/Desktop/Fiverr/DeathStar/Content/Blueprints/System/FloatingAIMovement/Blueprints/Floating_AI_Right_Detection_Location.uasset" 543
"../../../../../../Users/cedri/Desktop/Fiverr/DeathStar/Content/Blueprints/System/FloatingAIMovement/Blueprints/Floating_AI_Middle_Of_Mesh_Location.uasset" 544
"../../../../../../Users/cedri/Desktop/Fiverr/DeathStar/Content/Blueprints/System/FloatingAIMovement/Blueprints/Floating_AI_Left_Up_Detection_Location.uasset" 545
"../../../../../../Users/cedri/Desktop/Fiverr/DeathStar/Content/Blueprints/System/FloatingAIMovement/Blueprints/Floating_AI_Left_Down_Detection_Location.uasset" 546
"../../../../../../Users/cedri/Desktop/Fiverr/DeathStar/Content/Blueprints/System/FloatingAIMovement/Blueprints/Floating_AI_Left_Detection_Location.uasset" 547
"../../../../../../Users/cedri/Desktop/Fiverr/DeathStar/Content/Blueprints/System/FloatingAIMovement/Blueprints/Floating_AI_Behind_Up_Detection_Location.uasset" 548
"../../../../../../Users/cedri/Desktop/Fiverr/DeathStar/Content/Blueprints/System/FloatingAIMovement/Blueprints/Floating_AI_Behind_Down_Detection_Location.uasset" 549
"../../../../../../Users/cedri/Desktop/Fiverr/DeathStar/Content/Blueprints/System/FloatingAIMovement/Blueprints/Floating_AI_Behind_Detection_Location.uasset" 550
"../../../../../../Users/cedri/Desktop/Fiverr/DeathStar/Content/Blueprints/Enemy/BPC_StarFighter.uasset" 551
"../../../../../../Users/cedri/Desktop/Fiverr/DeathStar/Content/Asset/Enemy/Scout/light.uasset" 552
"../../../../../../Users/cedri/Desktop/Fiverr/DeathStar/Content/Asset/Enemy/Scout/gray.uasset" 553
"../../../../../../Users/cedri/Desktop/Fiverr/DeathStar/Content/Asset/Enemy/Scout/color.uasset" 554
"../../../../../../Users/cedri/Desktop/Fiverr/DeathStar/Content/Asset/Enemy/Scout/black.uasset" 555
"../../../../../../Users/cedri/Desktop/Fiverr/DeathStar/Content/Asset/Enemy/Scout/scout__1_.uasset" 556
"../../../../../../Users/cedri/Desktop/Fiverr/DeathStar/Content/Blueprints/Enemy/BPC_Scout.uasset" 557
"../../../../../../Users/cedri/Desktop/Fiverr/DeathStar/Content/Blueprints/SpawnerTarget/BP_EnemySpawner.uasset" 558
"../../../../../../Users/cedri/Desktop/Fiverr/DeathStar/Content/Blueprints/Material/MT_Highlighted.uasset" 559
"../../../../../../Users/cedri/Desktop/Fiverr/DeathStar/Content/Blueprints/Tiles/Cube/BP_Tiles.uasset" 560
"../../../../../../Users/cedri/Desktop/Fiverr/DeathStar/Content/Blueprints/Tiles/Cube/BPC_TutoUse.uasset" 561
"../../../../../../Users/cedri/Desktop/Fiverr/DeathStar/Content/Blueprints/Enemy/EnemySystemBP/BP_Enemyy.uasset" 562
"../../../../../../Users/cedri/Desktop/Fiverr/DeathStar/Content/Blueprints/Defense/DefenseSystemBP/BP_Turret.uasset" 563
"../../../../../../Users/cedri/Desktop/Fiverr/DeathStar/Content/Blueprints/System/BP_GameInstance.uasset" 564
"../../../../../../Users/cedri/Desktop/Fiverr/DeathStar/Content/Blueprints/Widget/Loading.uasset" 565
"../../../../../../Users/cedri/Desktop/Fiverr/DeathStar/Content/Blueprints/Widget/WB_MainTitle.uasset" 566
"../../../../../../Users/cedri/Desktop/Fiverr/DeathStar/Content/Blueprints/System/BP_GameModeTitle.uasset" 567
"../../../../../../Users/cedri/Desktop/Fiverr/DeathStar/Content/Level/MainTitle.umap" 568
