"../../../Engine/Content/EngineMaterials/T_Default_Material_Grid_N.uasset" 0
"../../../Engine/Content/EngineMaterials/T_Default_Material_Grid_M.uasset" 1
"../../../Engine/Content/Functions/Engine_MaterialFunctions01/Opacity/CameraDepthFade.uasset" 2
"../../../Engine/Content/EngineMaterials/WorldGridMaterial.uasset" 3
"../../../../../../Users/cedri/Desktop/Fiverr/DeathStar/Content/SM_Pentagone.uasset" 4
"../../../../../../Users/cedri/Desktop/Fiverr/DeathStar/Content/BP_Pentagone.uasset" 5
"../../../../../../Users/cedri/Desktop/Fiverr/DeathStar/Content/Cylinder_Brush_StaticMesh.uasset" 6
"../../../../../../Users/cedri/Desktop/Fiverr/DeathStar/Content/Asset/Base/frame.uasset" 7
"../../../../../../Users/cedri/Desktop/Fiverr/DeathStar/Content/frame.uasset" 8
"../../../../../../Users/cedri/Desktop/Fiverr/DeathStar/Content/Asset/Enemy/Scout/black.uasset" 9
"../../../../../../Users/cedri/Desktop/Fiverr/DeathStar/Content/Asset/Enemy/black.uasset" 10
"../../../../../../Users/cedri/Desktop/Fiverr/DeathStar/Content/Asset/Defense/light.uasset" 11
"../../../../../../Users/cedri/Desktop/Fiverr/DeathStar/Content/Asset/Defense/gray.uasset" 12
"../../../../../../Users/cedri/Desktop/Fiverr/DeathStar/Content/Asset/Defense/color.uasset" 13
"../../../../../../Users/cedri/Desktop/Fiverr/DeathStar/Content/Asset/Defense/black.uasset" 14
"../../../../../../Users/cedri/Desktop/Fiverr/DeathStar/Content/Asset/Defense/plasma.uasset" 15
"../../../../../../Users/cedri/Desktop/Fiverr/DeathStar/Content/Blueprints/Widget/UI_LifeEnemy.uasset" 16
"../../../../../../Users/cedri/Desktop/Fiverr/DeathStar/Content/Sound/SFX/WAV_TilesSelected.uasset" 17
"../../../../../../Users/cedri/Desktop/Fiverr/DeathStar/Content/Sound/SFX/CUE_TilesSelected.uasset" 18
"../../../../../../Users/cedri/Desktop/Fiverr/DeathStar/Content/Geometry/Meshes/CubeMaterial.uasset" 19
"../../../../../../Users/cedri/Desktop/Fiverr/DeathStar/Content/Image/Widget/Ontouch.uasset" 20
"../../../../../../Users/cedri/Desktop/Fiverr/DeathStar/Content/Image/Widget/arrow.uasset" 21
"../../../../../../Users/cedri/Desktop/Fiverr/DeathStar/Content/Sound/SFX/WAV_ValidationTUTO.uasset" 22
"../../../../../../Users/cedri/Desktop/Fiverr/DeathStar/Content/Sound/SFX/WAV_ValidationTUTO_Cue.uasset" 23
"../../../../../../Users/cedri/Desktop/Fiverr/DeathStar/Content/Sound/SFX/WAV_PreparationTurret.uasset" 24
"../../../../../../Users/cedri/Desktop/Fiverr/DeathStar/Content/Sound/SFX/WAV_PreparationTurret_Cue.uasset" 25
"../../../../../../Users/cedri/Desktop/Fiverr/DeathStar/Content/Sound/SFX/WAV_WrongWidget.uasset" 26
"../../../../../../Users/cedri/Desktop/Fiverr/DeathStar/Content/Sound/SFX/CUE_WrongWidget.uasset" 27
"../../../../../../Users/cedri/Desktop/Fiverr/DeathStar/Content/Sound/SFX/WAV_Victory.uasset" 28
"../../../../../../Users/cedri/Desktop/Fiverr/DeathStar/Content/Sound/SFX/CUE_Victory.uasset" 29
"../../../../../../Users/cedri/Desktop/Fiverr/DeathStar/Content/Sound/SFX/WAV_StartingWaves.uasset" 30
"../../../../../../Users/cedri/Desktop/Fiverr/DeathStar/Content/Sound/SFX/CUE_StartingWaves.uasset" 31
"../../../../../../Users/cedri/Desktop/Fiverr/DeathStar/Content/Sound/SFX/WAV_Select.uasset" 32
"../../../../../../Users/cedri/Desktop/Fiverr/DeathStar/Content/Sound/SFX/CUE_Select.uasset" 33
"../../../../../../Users/cedri/Desktop/Fiverr/DeathStar/Content/Sound/SFX/WAV_ConstructionPlasma.uasset" 34
"../../../../../../Users/cedri/Desktop/Fiverr/DeathStar/Content/Sound/SFX/CUE_ConstructionPlasma.uasset" 35
"../../../../../../Users/cedri/Desktop/Fiverr/DeathStar/Content/Sound/SFX/WAV_ConstrucLaser.uasset" 36
"../../../../../../Users/cedri/Desktop/Fiverr/DeathStar/Content/Sound/SFX/CUE_ConstructionLaser.uasset" 37
"../../../../../../Users/cedri/Desktop/Fiverr/DeathStar/Content/Image/Widget/Valide.uasset" 38
"../../../../../../Users/cedri/Desktop/Fiverr/DeathStar/Content/Image/Widget/TestUI.uasset" 39
"../../../../../../Users/cedri/Desktop/Fiverr/DeathStar/Content/Image/Widget/Penta.uasset" 40
"../../../../../../Users/cedri/Desktop/Fiverr/DeathStar/Content/Sound/SFX/WAV_InGameWaves.uasset" 41
"../../../../../../Users/cedri/Desktop/Fiverr/DeathStar/Content/Sound/SFX/WAV_InGameWaves_Cue.uasset" 42
"../../../../../../Users/cedri/Desktop/Fiverr/DeathStar/Content/Font/AstroSpace-0Wl3o.uasset" 43
"../../../../../../Users/cedri/Desktop/Fiverr/DeathStar/Content/Font/AstroSpace-0Wl3o_Font.uasset" 44
"../../../../../../Users/cedri/Desktop/Fiverr/DeathStar/Content/Sound/SFX/WAV_Defeat.uasset" 45
"../../../../../../Users/cedri/Desktop/Fiverr/DeathStar/Content/Sound/SFX/CUE_Defeat.uasset" 46
"../../../Engine/Content/EngineMaterials/DefaultMaterial.uasset" 47
"../../../Engine/Content/BasicShapes/Sphere.uasset" 48
"../../../../../../Users/cedri/Desktop/Fiverr/DeathStar/Content/Blueprints/System/BP_GameInstance.uasset" 49
"../../../../../../Users/cedri/Desktop/Fiverr/DeathStar/Content/Asset/Enemy/StarFighter/color.uasset" 50
"../../../../../../Users/cedri/Desktop/Fiverr/DeathStar/Content/Blueprints/System/BP_HeartTuto.uasset" 51
"../../../../../../Users/cedri/Desktop/Fiverr/DeathStar/Content/Image/Widget/Barre.uasset" 52
"../../../../../../Users/cedri/Desktop/Fiverr/DeathStar/Content/Blueprints/System/BP_GameMode.uasset" 53
"../../../../../../Users/cedri/Desktop/Fiverr/DeathStar/Content/Asset/Defense/laser.uasset" 54
"../../../../../../Users/cedri/Desktop/Fiverr/DeathStar/Content/Sound/SFX/WAV_Laser.uasset" 55
"../../../../../../Users/cedri/Desktop/Fiverr/DeathStar/Content/Sound/SFX/AT_Turret.uasset" 56
"../../../../../../Users/cedri/Desktop/Fiverr/DeathStar/Content/Sound/SFX/CUE_Laser.uasset" 57
"../../../../../../Users/cedri/Desktop/Fiverr/DeathStar/Content/Blueprints/Defense/BPC_LaserTutorial.uasset" 58
"../../../../../../Users/cedri/Desktop/Fiverr/DeathStar/Content/Blueprints/Widget/UI_LifeTurret.uasset" 59
"../../../../../../Users/cedri/Desktop/Fiverr/DeathStar/Content/Blueprints/Defense/BPC_Laser.uasset" 60
"../../../Engine/Content/EditorBlueprintResources/StandardMacros.uasset" 61
"../../../../../../Users/cedri/Desktop/Fiverr/DeathStar/Content/Blueprints/Widget/WB_Main.uasset" 62
"../../../../../../Users/cedri/Desktop/Fiverr/DeathStar/Content/Blueprints/System/BP_Heart.uasset" 63
"../../../../../../Users/cedri/Desktop/Fiverr/DeathStar/Content/Blueprints/System/BP_GameModeTuto.uasset" 64
"../../../../../../Users/cedri/Desktop/Fiverr/DeathStar/Content/Blueprints/Widget/WB_Tuto.uasset" 65
"../../../Engine/Content/Functions/Engine_MaterialFunctions01/Density/ExponentialDensity.uasset" 66
"../../../Engine/Content/Functions/Engine_MaterialFunctions01/Gradient/RadialGradientExponential.uasset" 67
"../../../../../../Users/cedri/Desktop/Fiverr/DeathStar/Content/VFX/M_Lightning.uasset" 68
"../../../../../../Users/cedri/Desktop/Fiverr/DeathStar/Content/VFX/P_LightningYellow.uasset" 69
"../../../../../../Users/cedri/Desktop/Fiverr/DeathStar/Content/VFX/P_Lightning.uasset" 70
"../../../../../../Users/cedri/Desktop/Fiverr/DeathStar/Content/Blueprints/SpawnerTarget/BP_Target.uasset" 71
"../../../../../../Users/cedri/Desktop/Fiverr/DeathStar/Content/Blueprints/Enum/Enemy.uasset" 72
"../../../../../../Users/cedri/Desktop/Fiverr/DeathStar/Content/Blueprints/System/MyMacroLibrary.uasset" 73
"../../../../../../Users/cedri/Desktop/Fiverr/DeathStar/Content/Blueprints/System/FloatingAIMovement/Blueprints/Floating_AI_Unreachable_Enum.uasset" 74
"../../../../../../Users/cedri/Desktop/Fiverr/DeathStar/Content/Blueprints/System/FloatingAIMovement/Blueprints/Floating_AI_Movement.uasset" 75
"../../../../../../Users/cedri/Desktop/Fiverr/DeathStar/Content/Sound/SFX/WAV_Scout.uasset" 76
"../../../../../../Users/cedri/Desktop/Fiverr/DeathStar/Content/Sound/SFX/CUE_Scout.uasset" 77
"../../../../../../Users/cedri/Desktop/Fiverr/DeathStar/Content/Sound/SFX/AT_Ennemy.uasset" 78
"../../../../../../Users/cedri/Desktop/Fiverr/DeathStar/Content/Blueprints/System/FloatingAIMovement/Blueprints/Floating_AI_Right_Up_Detection_Location.uasset" 79
"../../../../../../Users/cedri/Desktop/Fiverr/DeathStar/Content/Blueprints/System/FloatingAIMovement/Blueprints/Floating_AI_Right_Down_Detection_Location.uasset" 80
"../../../../../../Users/cedri/Desktop/Fiverr/DeathStar/Content/Blueprints/System/FloatingAIMovement/Blueprints/Floating_AI_Right_Detection_Location.uasset" 81
"../../../../../../Users/cedri/Desktop/Fiverr/DeathStar/Content/Blueprints/System/FloatingAIMovement/Blueprints/Floating_AI_Middle_Of_Mesh_Location.uasset" 82
"../../../../../../Users/cedri/Desktop/Fiverr/DeathStar/Content/Blueprints/System/FloatingAIMovement/Blueprints/Floating_AI_Left_Up_Detection_Location.uasset" 83
"../../../../../../Users/cedri/Desktop/Fiverr/DeathStar/Content/Blueprints/System/FloatingAIMovement/Blueprints/Floating_AI_Left_Down_Detection_Location.uasset" 84
"../../../../../../Users/cedri/Desktop/Fiverr/DeathStar/Content/Asset/Enemy/Scout/light.uasset" 85
"../../../../../../Users/cedri/Desktop/Fiverr/DeathStar/Content/Asset/Enemy/Scout/gray.uasset" 86
"../../../../../../Users/cedri/Desktop/Fiverr/DeathStar/Content/Asset/Enemy/Scout/color.uasset" 87
"../../../../../../Users/cedri/Desktop/Fiverr/DeathStar/Content/Asset/Enemy/Scout/scout__1_.uasset" 88
"../../../../../../Users/cedri/Desktop/Fiverr/DeathStar/Content/Asset/Enemy/StarFighter/gray.uasset" 89
"../../../../../../Users/cedri/Desktop/Fiverr/DeathStar/Content/Blueprints/System/FloatingAIMovement/Blueprints/Floating_AI_Behind_Up_Detection_Location.uasset" 90
"../../../../../../Users/cedri/Desktop/Fiverr/DeathStar/Content/Blueprints/System/FloatingAIMovement/Blueprints/Floating_AI_Left_Detection_Location.uasset" 91
"../../../../../../Users/cedri/Desktop/Fiverr/DeathStar/Content/Blueprints/System/FloatingAIMovement/Blueprints/Floating_AI_Behind_Down_Detection_Location.uasset" 92
"../../../../../../Users/cedri/Desktop/Fiverr/DeathStar/Content/Muzzles/Meshes/SM_MuzzleCone.uasset" 93
"../../../Engine/Content/Functions/Engine_MaterialFunctions01/Gradient/RadialGradient.uasset" 94
"../../../../../../Users/cedri/Desktop/Fiverr/DeathStar/Content/Muzzles/Materials/M_SoftGradient_Muzzle.uasset" 95
"../../../../../../Users/cedri/Desktop/Fiverr/DeathStar/Content/Muzzles/Textures/T_TileNoise.uasset" 96
"../../../../../../Users/cedri/Desktop/Fiverr/DeathStar/Content/Muzzles/Textures/T_SquareMaskTightEdge.uasset" 97
"../../../Engine/Content/Functions/Engine_MaterialFunctions01/Gradient/LinearGradient.uasset" 98
"../../../../../../Users/cedri/Desktop/Fiverr/DeathStar/Content/Muzzles/Materials/M_MuzzleGlow.uasset" 99
"../../../../../../Users/cedri/Desktop/Fiverr/DeathStar/Content/Muzzles/Textures/T_Lensflare_01.uasset" 100
"../../../../../../Users/cedri/Desktop/Fiverr/DeathStar/Content/Muzzles/Materials/M_Lensflare_01.uasset" 101
"../../../../../../Users/cedri/Desktop/Fiverr/DeathStar/Content/Muzzles/Textures/T_SmokeBall_01_8_8.uasset" 102
"../../../../../../Users/cedri/Desktop/Fiverr/DeathStar/Content/Muzzles/Textures/T_Clouds_01.uasset" 103
"../../../../../../Users/cedri/Desktop/Fiverr/DeathStar/Content/Muzzles/Materials/M_ImpactSmoke.uasset" 104
"../../../../../../Users/cedri/Desktop/Fiverr/DeathStar/Content/Muzzles/Textures/T_Water_N.uasset" 105
"../../../../../../Users/cedri/Desktop/Fiverr/DeathStar/Content/Muzzles/Materials/M_Heat_Distortion.uasset" 106
"../../../../../../Users/cedri/Desktop/Fiverr/DeathStar/Content/Muzzles/Materials/M_Heat_Distortion_Inst.uasset" 107
"../../../../../../Users/cedri/Desktop/Fiverr/DeathStar/Content/Muzzles/Textures/singles1.uasset" 108
"../../../../../../Users/cedri/Desktop/Fiverr/DeathStar/Content/Muzzles/Materials/M_FlashSet1.uasset" 109
"../../../../../../Users/cedri/Desktop/Fiverr/DeathStar/Content/Muzzles/Textures/flash18.uasset" 110
"../../../../../../Users/cedri/Desktop/Fiverr/DeathStar/Content/Muzzles/Materials/M_50CalSide.uasset" 111
"../../../../../../Users/cedri/Desktop/Fiverr/DeathStar/Content/Muzzles/Particles/P_Muzzle56.uasset" 112
"../../../../../../Users/cedri/Desktop/Fiverr/DeathStar/Content/Blueprints/System/FloatingAIMovement/Blueprints/Floating_AI_Behind_Detection_Location.uasset" 113
"../../../../../../Users/cedri/Desktop/Fiverr/DeathStar/Content/Blueprints/Enemy/BPC_Scout.uasset" 114
"../../../../../../Users/cedri/Desktop/Fiverr/DeathStar/Content/Asset/Enemy/StarFighter/black.uasset" 115
"../../../../../../Users/cedri/Desktop/Fiverr/DeathStar/Content/Asset/Enemy/StarFighter/light.uasset" 116
"../../../../../../Users/cedri/Desktop/Fiverr/DeathStar/Content/Asset/Enemy/StarFighter/starfighter.uasset" 117
"../../../../../../Users/cedri/Desktop/Fiverr/DeathStar/Content/Blueprints/Enemy/BPC_StarFighter.uasset" 118
"../../../../../../Users/cedri/Desktop/Fiverr/DeathStar/Content/Blueprints/SpawnerTarget/BP_EnemySpawner.uasset" 119
"../../../../../../Users/cedri/Desktop/Fiverr/DeathStar/Content/Blueprints/Material/MT_Highlighted.uasset" 120
"../../../Engine/Content/BasicShapes/Plane.uasset" 121
"../../../../../../Users/cedri/Desktop/Fiverr/DeathStar/Content/Blueprints/Tiles/Cube/BP_Tiles.uasset" 122
"../../../../../../Users/cedri/Desktop/Fiverr/DeathStar/Content/Blueprints/Material/MT_Socle.uasset" 123
"../../../../../../Users/cedri/Desktop/Fiverr/DeathStar/Content/Blueprints/Tiles/Cube/BPC_TutoUse.uasset" 124
"../../../../../../Users/cedri/Desktop/Fiverr/DeathStar/Content/Blueprints/Enemy/EnemySystemBP/BP_Enemyy.uasset" 125
"../../../../../../Users/cedri/Desktop/Fiverr/DeathStar/Content/Sound/SFX/WAV_TurretDestroy.uasset" 126
"../../../../../../Users/cedri/Desktop/Fiverr/DeathStar/Content/Sound/SFX/CUE_TurretDestroy.uasset" 127
"../../../../../../Users/cedri/Desktop/Fiverr/DeathStar/Content/Blueprints/Defense/DefenseSystemBP/BP_Turret.uasset" 128
"../../../../../../Users/cedri/Desktop/Fiverr/DeathStar/Content/Sound/SFX/WAV_Plasma.uasset" 129
"../../../../../../Users/cedri/Desktop/Fiverr/DeathStar/Content/Sound/SFX/CUE_Plasma.uasset" 130
"../../../../../../Users/cedri/Desktop/Fiverr/DeathStar/Content/Blueprints/Defense/BPC_Plasma.uasset" 131
"../../../../../../Users/cedri/Desktop/Fiverr/DeathStar/Content/Blueprints/Defense/BP_Laser.uasset" 132
"../../../../../../Users/cedri/Desktop/Fiverr/DeathStar/Content/Blueprints/Enemy/BPC_Enemy1.uasset" 133
"../../../../../../Users/cedri/Desktop/Fiverr/DeathStar/Content/Blueprints/Enemy/BPC_Enemy2.uasset" 134
"../../../../../../Users/cedri/Desktop/Fiverr/DeathStar/Content/Blueprints/Material/MT_Base.uasset" 135
"../../../../../../Users/cedri/Desktop/Fiverr/DeathStar/Content/Blueprints/Material/MT_BaseLaser.uasset" 136
"../../../../../../Users/cedri/Desktop/Fiverr/DeathStar/Content/Blueprints/Material/MT_Canon.uasset" 137
"../../../Engine/Content/BasicShapes/Cylinder.uasset" 138
"../../../Engine/Content/BasicShapes/BasicShapeMaterial.uasset" 139
"../../../../../../Users/cedri/Desktop/Fiverr/DeathStar/Content/Blueprints/Tiles/Cube/BP_Pentagone.uasset" 140
"../../../../../../Users/cedri/Desktop/Fiverr/DeathStar/Content/Blueprints/Tiles/Cube/BP_Tiles_Child.uasset" 141
"../../../../../../Users/cedri/Desktop/Fiverr/DeathStar/Content/Geometry/Meshes/1M_Cube.uasset" 142
"../../../../../../Users/cedri/Desktop/Fiverr/DeathStar/Content/Geometry/Meshes/1M_Cube_Chamfer.uasset" 143
"../../../../../../Users/cedri/Desktop/Fiverr/DeathStar/Content/Geometry/Meshes/Pentagone.uasset" 144
"../../../../../../Users/cedri/Desktop/Fiverr/DeathStar/Content/Geometry/Meshes/pentagon_01.uasset" 145
"../../../../../../Users/cedri/Desktop/Fiverr/DeathStar/Content/Geometry/Meshes/TemplateFloor.uasset" 146
"../../../../../../Users/cedri/Desktop/Fiverr/DeathStar/Content/Geometry/Meshes/Dodecahedron/pentagon03.uasset" 147
"../../../../../../Users/cedri/Desktop/Fiverr/DeathStar/Content/Geometry/Meshes/Dodecahedron/FSD.uasset" 148
"../../../../../../Users/cedri/Desktop/Fiverr/DeathStar/Content/Geometry/Meshes/Test/pentagon_01.uasset" 149
"../../../../../../Users/cedri/Desktop/Fiverr/DeathStar/Content/Geometry/Meshes/Test/pentagon_02.uasset" 150
"../../../../../../Users/cedri/Desktop/Fiverr/DeathStar/Content/Geometry/Meshes/Test/pentagon_03.uasset" 151
"../../../../../../Users/cedri/Desktop/Fiverr/DeathStar/Content/Geometry/Meshes/Test/pentagon_04.uasset" 152
"../../../../../../Users/cedri/Desktop/Fiverr/DeathStar/Content/Geometry/Meshes/Test/pentagon_05.uasset" 153
"../../../../../../Users/cedri/Desktop/Fiverr/DeathStar/Content/Geometry/Meshes/Test/pentagon_06.uasset" 154
"../../../../../../Users/cedri/Desktop/Fiverr/DeathStar/Content/Geometry/Meshes/Test/pentagon_07.uasset" 155
"../../../../../../Users/cedri/Desktop/Fiverr/DeathStar/Content/Geometry/Meshes/Test/pentagon_08.uasset" 156
"../../../../../../Users/cedri/Desktop/Fiverr/DeathStar/Content/Geometry/Meshes/Test/pentagon_09.uasset" 157
"../../../../../../Users/cedri/Desktop/Fiverr/DeathStar/Content/Geometry/Meshes/Test/pentagon_10.uasset" 158
"../../../../../../Users/cedri/Desktop/Fiverr/DeathStar/Content/Geometry/Meshes/Test/pentagon_11.uasset" 159
"../../../../../../Users/cedri/Desktop/Fiverr/DeathStar/Content/Geometry/Meshes/Test/pentagon_12.uasset" 160
"../../../../../../Users/cedri/Desktop/Fiverr/DeathStar/Content/Image/Widget/Penta2.uasset" 161
"../../../../../../Users/cedri/Desktop/Fiverr/DeathStar/Content/Sound/SFX/CUE_ConstrucLaser.uasset" 162
"../../../Engine/Content/ArtTools/RenderToTexture/Meshes/S_1_Unit_Plane.uasset" 163
"../../../Engine/Content/BasicShapes/Cone.uasset" 164
"../../../Engine/Content/EditorLandscapeResources/DataLayer.uasset" 165
"../../../Engine/Content/EditorLandscapeResources/DefaultAlphaTexture.uasset" 166
"../../../Engine/Content/EditorMaterials/MAT_Groups_Toggle.uasset" 167
"../../../Engine/Content/EditorMaterials/MAT_Groups_Visibility.uasset" 168
"../../../Engine/Content/EditorMaterials/PreviewShadowIndicator.uasset" 169
"../../../Engine/Content/EditorMaterials/PreviewShadowIndicatorMaterial.uasset" 170
"../../../Engine/Content/EditorMaterials/MatineeGroups/MAT_ColorTrack.uasset" 171
"../../../Engine/Content/EditorMaterials/MatineeGroups/MAT_Groups_Anim.uasset" 172
"../../../Engine/Content/EditorMaterials/MatineeGroups/MAT_Groups_AudioMaster.uasset" 173
"../../../Engine/Content/EditorMaterials/MatineeGroups/MAT_Groups_Director.uasset" 174
"../../../Engine/Content/EditorMaterials/MatineeGroups/MAT_Groups_Event.uasset" 175
"../../../Engine/Content/EditorMaterials/MatineeGroups/MAT_Groups_Fade.uasset" 176
"../../../Engine/Content/EditorMaterials/MatineeGroups/MAT_Groups_Float.uasset" 177
"../../../Engine/Content/EditorMaterials/MatineeGroups/MAT_Groups_Move.uasset" 178
"../../../Engine/Content/EditorMaterials/MatineeGroups/MAT_Groups_Slomo.uasset" 179
"../../../Engine/Content/EditorMaterials/MatineeGroups/MAT_Groups_Sound.uasset" 180
"../../../Engine/Content/EditorMaterials/MatineeGroups/MAT_Groups_Vector.uasset" 181
"../../../Engine/Content/EditorMaterials/ParticleSystems/PSysThumbnail_NoImage.uasset" 182
"../../../Engine/Content/EditorMaterials/ParticleSystems/PSysThumbnail_OOD.uasset" 183
"../../../Engine/Content/EditorMaterials/Camera/CineMat.uasset" 184
"../../../Engine/Content/EditorMaterials/Camera/MI_CineMat_Rig.uasset" 185
"../../../Engine/Content/EditorMeshes/Camera/SM_CraneRig_Arm.uasset" 186
"../../../Engine/Content/EditorMeshes/Camera/SM_CraneRig_Base.uasset" 187
"../../../Engine/Content/EditorMeshes/Camera/SM_CraneRig_Body.uasset" 188
"../../../Engine/Content/EditorMeshes/Camera/SM_CraneRig_Mount.uasset" 189
"../../../Engine/Content/EditorMeshes/Camera/SM_RailRig_Mount.uasset" 190
"../../../Engine/Content/EditorMeshes/Camera/SM_RailRig_Track.uasset" 191
"../../../Engine/Content/EditorResources/BSPVertex.uasset" 192
"../../../Engine/Content/EditorResources/EmptyActor.uasset" 193
"../../../Engine/Content/EditorResources/S_Actor.uasset" 194
"../../../Engine/Content/EditorResources/S_Note.uasset" 195
"../../../Engine/Content/EditorResources/S_Solver.uasset" 196
"../../../Engine/Content/EditorResources/S_Terrain.uasset" 197
"../../../Engine/Content/EditorResources/S_Trigger.uasset" 198
"../../../Engine/Content/EditorResources/LightIcons/S_LightError.uasset" 199
"../../../Engine/Content/EditorResources/SequenceRecorder/Countdown.uasset" 200
"../../../Engine/Content/EditorResources/SequenceRecorder/RecordingIndicator.uasset" 201
"../../../Engine/Content/EngineDamageTypes/DmgTypeBP_Environmental.uasset" 202
"../../../Engine/Content/EngineDebugMaterials/DebugEditorMaterial.uasset" 203
"../../../Engine/Content/EngineDebugMaterials/DebugMeshMaterial.uasset" 204
"../../../Engine/Content/EngineDebugMaterials/M_SimpleUnlitTranslucent.uasset" 205
"../../../Engine/Content/EngineDebugMaterials/VolumeToRender.uasset" 206
"../../../Engine/Content/Functions/Engine_MaterialFunctions02/Utility/CameraDirectionVector.uasset" 207
"../../../Engine/Content/EngineDebugMaterials/M_VolumeRenderSphereTracePP.uasset" 208
"../../../Engine/Content/Functions/Engine_MaterialFunctions01/Shading/ConvertFromDiffSpec.uasset" 209
"../../../Engine/Content/EngineDebugMaterials/VertexColorMaterial.uasset" 210
"../../../Engine/Content/EngineDebugMaterials/WireframeMaterial.uasset" 211
"../../../Engine/Content/EngineFonts/Faces/RobotoRegular.uasset" 212
"../../../Engine/Content/EngineFonts/Faces/RobotoLight.uasset" 213
"../../../Engine/Content/EngineFonts/Faces/RobotoItalic.uasset" 214
"../../../Engine/Content/EngineFonts/Faces/RobotoBoldItalic.uasset" 215
"../../../Engine/Content/EngineFonts/Faces/RobotoBold.uasset" 216
"../../../Engine/Content/EngineFonts/Faces/DroidSansFallback.uasset" 217
"../../../Engine/Content/EngineFonts/Roboto.uasset" 218
"../../../Engine/Content/EngineMaterials/BaseFlattenNormalMap.uasset" 219
"../../../Engine/Content/EngineMaterials/BaseFlattenGrayscaleMap.uasset" 220
"../../../Engine/Content/EngineMaterials/BaseFlattenEmissiveMap.uasset" 221
"../../../Engine/Content/EngineMaterials/BaseFlattenDiffuseMap.uasset" 222
"../../../Engine/Content/EngineMaterials/BaseFlattenMaterial.uasset" 223
"../../../Engine/Content/EngineMaterials/BlueNoise.uasset" 224
"../../../Engine/Content/EngineMaterials/DefaultBloomKernel.uasset" 225
"../../../Engine/Content/EngineMaterials/DefaultBokeh.uasset" 226
"../../../Engine/Content/EngineMaterials/DefaultDiffuse.uasset" 227
"../../../Engine/Content/EngineMaterials/DefaultDeferredDecalMaterial.uasset" 228
"../../../Engine/Content/EngineMaterials/DefaultLightFunctionMaterial.uasset" 229
"../../../Engine/Content/EngineMaterials/DefaultPhysicalMaterial.uasset" 230
"../../../Engine/Content/Functions/Engine_MaterialFunctions02/Utility/BreakOutFloat2Components.uasset" 231
"../../../Engine/Content/EngineMaterials/DefaultPostProcessMaterial.uasset" 232
"../../../Engine/Content/EngineFonts/RobotoDistanceField.uasset" 233
"../../../Engine/Content/EngineMaterials/DefaultTextMaterialOpaque.uasset" 234
"../../../Engine/Content/EngineMaterials/DefaultWhiteGrid.uasset" 235
"../../../Engine/Content/EngineMaterials/DefaultWhiteGrid_Low.uasset" 236
"../../../Engine/Content/EngineMaterials/EmissiveMeshMaterial.uasset" 237
"../../../Engine/Content/EngineMaterials/GizmoMaterial.uasset" 238
"../../../Engine/Content/EngineMaterials/Good64x64TilingNoiseHighFreq.uasset" 239
"../../../Engine/Content/EngineMaterials/MiniFont.uasset" 240
"../../../Engine/Content/EngineMaterials/InvalidLightmapSettings.uasset" 241
"../../../Engine/Content/EngineMaterials/M_InvalidLightmapSettings.uasset" 242
"../../../Engine/Content/Functions/Engine_MaterialFunctions02/WorldPositionOffset/CameraOffset.uasset" 243
"../../../Engine/Content/EngineMaterials/PhAT_JointLimitMaterial.uasset" 244
"../../../Engine/Content/EngineMaterials/PreintegratedSkinBRDF.uasset" 245
"../../../Engine/Content/EngineMaterials/RemoveSurfaceMaterial.uasset" 246
"../../../Engine/Content/EngineMaterials/WeightMapPlaceholderTexture.uasset" 247
"../../../Engine/Content/EngineResources/WhiteSquareTexture.uasset" 248
"../../../Engine/Content/EngineMaterials/Widget3DPassThrough.uasset" 249
"../../../Engine/Content/EngineMaterials/Widget3DPassThrough_Masked.uasset" 250
"../../../Engine/Content/EngineMaterials/Widget3DPassThrough_Opaque.uasset" 251
"../../../Engine/Content/EngineMaterials/Widget3DPassThrough_Masked_OneSided.uasset" 252
"../../../Engine/Content/EngineMaterials/Widget3DPassThrough_Opaque_OneSided.uasset" 253
"../../../Engine/Content/EngineMaterials/Widget3DPassThrough_Translucent.uasset" 254
"../../../Engine/Content/EngineMaterials/Widget3DPassThrough_Translucent_OneSided.uasset" 255
"../../../Engine/Content/EngineMeshes/Cylinder.uasset" 256
"../../../Engine/Content/EngineMeshes/Sphere.uasset" 257
"../../../Engine/Content/EngineResources/Black.uasset" 258
"../../../Engine/Content/EngineResources/DefaultTextureCube.uasset" 259
"../../../Engine/Content/EngineResources/DefaultVolumeTexture2D.uasset" 260
"../../../Engine/Content/EngineResources/DefaultVolumeTexture.uasset" 261
"../../../Engine/Content/EngineResources/GradientTexture0.uasset" 262
"../../../Engine/Content/EngineSky/VolumetricClouds/T_NoiseShape64.uasset" 263
"../../../Engine/Content/EngineSky/VolumetricClouds/T_VolumeNoiseShape64.uasset" 264
"../../../Engine/Content/EngineSky/VolumetricClouds/T_NoiseErosion.uasset" 265
"../../../Engine/Content/EngineSky/VolumetricClouds/T_VolumeNoiseErosion32.uasset" 266
"../../../Engine/Content/EngineSky/VolumetricClouds/CloudWeatherTexture.uasset" 267
"../../../Engine/Content/EngineSky/VolumetricClouds/CloudGradientTexture.uasset" 268
"../../../Engine/Content/Functions/Engine_MaterialFunctions02/Utility/MakeFloat2.uasset" 269
"../../../Engine/Content/EngineSky/VolumetricClouds/m_SimpleVolumetricCloud.uasset" 270
"../../../Engine/Content/EngineSky/VolumetricClouds/m_SimpleVolumetricCloud_Inst.uasset" 271
"../../../Engine/Content/EngineSounds/Master.uasset" 272
"../../../Engine/Content/Functions/Engine_MaterialFunctions01/Shading/PowerToRoughness.uasset" 273
"../../../Engine/Content/Maps/Templates/Thumbnails/Default.uasset" 274
"../../../Engine/Content/Maps/Templates/Thumbnails/TimeOfDay.uasset" 275
"../../../Engine/Content/Maps/Templates/Thumbnails/VR-Basic.uasset" 276
"../../../Engine/Content/MobileResources/T_MobileControls_texture.uasset" 277
"../../../Engine/Content/MobileResources/T_MobileMenu2.uasset" 278
"../../../Engine/Content/MobileResources/HUD/AnalogHat.uasset" 279
"../../../Engine/Content/MobileResources/HUD/VirtualJoystick_Thumb.uasset" 280
"../../../Engine/Content/MobileResources/HUD/VirtualJoystick_Background.uasset" 281
"../../../Engine/Content/MobileResources/HUD/DefaultVirtualJoysticks.uasset" 282
"../../../Engine/Content/MobileResources/HUD/LeftVirtualJoystickOnly.uasset" 283
"../../../Engine/Content/MobileResources/HUD/MobileHUDButton1_off.uasset" 284
"../../../Engine/Content/MobileResources/HUD/MobileHUDButton1_on.uasset" 285
"../../../Engine/Content/MobileResources/HUD/MobileHUDButton2_off.uasset" 286
"../../../Engine/Content/MobileResources/HUD/MobileHUDButton2_on.uasset" 287
"../../../Engine/Content/MobileResources/HUD/MobileHUDButton3.uasset" 288
"../../../Engine/Content/MobileResources/HUD/MobileHUDButtonFire.uasset" 289
"../../../Engine/Content/MobileResources/HUD/MobileHUDDirectionPad.uasset" 290
"../../../Engine/Content/MobileResources/HUD/MobileHUDDirectionPad2.uasset" 291
"../../../Engine/Content/MobileResources/HUD/MobileHUDDirectionPad3.uasset" 292
"../../../Engine/Content/MobileResources/HUD/MobileHUDDirectionStick.uasset" 293
"../../../Engine/Content/MobileResources/HUD/T_Castle_ThumbstickInner.uasset" 294
"../../../Engine/Content/MobileResources/HUD/T_Castle_ThumbstickOutter.uasset" 295
"../../../Engine/Content/Tutorial/ContentIntroCurve.uasset" 296
"../../../Engine/Content/Tutorial/Basics/LevelEditorAttract.uasset" 297
"../../../Engine/Content/Tutorial/BlueprintTutorials/TutorialAssets/Blueprint_64x.uasset" 298
"../../../Engine/Content/Tutorial/BlueprintTutorials/BlueprintEditorTutorial.uasset" 299
"../../../Engine/Content/Tutorial/Installation/InstallingVisualStudioTutorial.uasset" 300
"../../../Engine/Content/VREditor/TransformGizmo/TranslucentTransformGizmoMaterial.uasset" 301
"../../../Engine/Content/VREditor/LaserPointer/VR_LaserPower_01.uasset" 302
"../../../Engine/Content/VREditor/TransformGizmo/TransformGizmoMaterial.uasset" 303
"../../../Engine/Content/VREditor/TransformGizmo/BoundingBoxCorner.uasset" 304
"../../../Engine/Content/VREditor/TransformGizmo/BoundingBoxEdge.uasset" 305
"../../../Engine/Content/VREditor/TransformGizmo/PlaneTranslationHandle.uasset" 306
"../../../Engine/Content/VREditor/TransformGizmo/Xray.uasset" 307
"../../../Engine/Content/VREditor/TransformGizmo/Main.uasset" 308
"../../../Engine/Content/VREditor/TransformGizmo/SM_Sequencer_Key.uasset" 309
"../../../Engine/Content/VREditor/TransformGizmo/SM_Sequencer_Node.uasset" 310
"../../Plugins/2D/Paper2D/Content/PlaceholderTextures/DummySpriteTexture.uasset" 311
"../../Plugins/2D/Paper2D/Content/DummySprite.uasset" 312
"../../Plugins/2D/Paper2D/Content/DefaultPaperTerrainMaterial.uasset" 313
"../../Plugins/2D/Paper2D/Content/DefaultSpriteMaterial.uasset" 314
"../../Plugins/2D/Paper2D/Content/MaskedUnlitSpriteMaterial.uasset" 315
"../../Plugins/2D/Paper2D/Content/OpaqueUnlitSpriteMaterial.uasset" 316
"../../../Engine/Content/ArtTools/RenderToTexture/Materials/Debug/M_Emissive_Color.uasset" 317
"../../Plugins/Lumin/MagicLeapPassableWorld/Content/MagicLeapARPinInfoActor.uasset" 318
"../../../../../../Users/cedri/Desktop/Fiverr/DeathStar/Content/SpaceSkyboxes/Textures/GalacticCloud/T_GalacticCloud_pos_z.uasset" 319
"../../../../../../Users/cedri/Desktop/Fiverr/DeathStar/Content/SpaceSkyboxes/Textures/GalacticCloud/T_GalacticCloud_pos_x.uasset" 320
"../../../../../../Users/cedri/Desktop/Fiverr/DeathStar/Content/SpaceSkyboxes/Textures/GalacticCloud/T_GalacticCloud_neg_z.uasset" 321
"../../../../../../Users/cedri/Desktop/Fiverr/DeathStar/Content/SpaceSkyboxes/Textures/GalacticCloud/T_GalacticCloud_neg_y.uasset" 322
"../../../../../../Users/cedri/Desktop/Fiverr/DeathStar/Content/SpaceSkyboxes/Textures/GalacticCloud/T_GalacticCloud_neg_x.uasset" 323
"../../../Engine/Content/EngineResources/DefaultTexture.uasset" 324
"../../../../../../Users/cedri/Desktop/Fiverr/DeathStar/Content/SpaceSkyboxes/Materials/M_MasterMaterial.uasset" 325
"../../../../../../Users/cedri/Desktop/Fiverr/DeathStar/Content/SpaceSkyboxes/Materials/M_Z_pos.uasset" 326
"../../../../../../Users/cedri/Desktop/Fiverr/DeathStar/Content/SpaceSkyboxes/Materials/M_Z_neg.uasset" 327
"../../../../../../Users/cedri/Desktop/Fiverr/DeathStar/Content/SpaceSkyboxes/Materials/M_Y_pos.uasset" 328
"../../../../../../Users/cedri/Desktop/Fiverr/DeathStar/Content/SpaceSkyboxes/Materials/M_Y_neg.uasset" 329
"../../../../../../Users/cedri/Desktop/Fiverr/DeathStar/Content/SpaceSkyboxes/Materials/M_X_pos.uasset" 330
"../../../../../../Users/cedri/Desktop/Fiverr/DeathStar/Content/SpaceSkyboxes/Materials/M_X_neg.uasset" 331
"../../../../../../Users/cedri/Desktop/Fiverr/DeathStar/Content/Level/LevelOne_BuiltData.uasset" 332
"../../../../../../Users/cedri/Desktop/Fiverr/DeathStar/Content/SpaceSkyboxes/Meshes/SM_SkyCubeSide.uasset" 333
"../../../../../../Users/cedri/Desktop/Fiverr/DeathStar/Content/SpaceSkyboxes/Textures/GalacticCloud/T_GalacticCloud_pos_y.uasset" 334
"../../../../../../Users/cedri/Desktop/Fiverr/DeathStar/Content/SpaceSkyboxes/Blueprints/BP_IrregularGalaxy03.uasset" 335
"../../../../../../Users/cedri/Desktop/Fiverr/DeathStar/Content/Blueprints/Material/MT_Socle_2.uasset" 336
"../../../../../../Users/cedri/Desktop/Fiverr/DeathStar/Content/Level/LevelOne.umap" 337
"../../../../../../Users/cedri/Desktop/Fiverr/DeathStar/Content/SpaceSkyboxes/Textures/DDO66/T_DDO66_pos_x.uasset" 338
"../../../../../../Users/cedri/Desktop/Fiverr/DeathStar/Content/SpaceSkyboxes/Textures/DDO66/T_DDO66_neg_z.uasset" 339
"../../../../../../Users/cedri/Desktop/Fiverr/DeathStar/Content/SpaceSkyboxes/Textures/DDO66/T_DDO66_neg_y.uasset" 340
"../../../../../../Users/cedri/Desktop/Fiverr/DeathStar/Content/SpaceSkyboxes/Textures/DDO66/T_DDO66_neg_x.uasset" 341
"../../../../../../Users/cedri/Desktop/Fiverr/DeathStar/Content/SpaceSkyboxes/Textures/DDO66/T_DDO66_pos_z.uasset" 342
"../../../../../../Users/cedri/Desktop/Fiverr/DeathStar/Content/SpaceSkyboxes/Textures/DDO66/T_DDO66_pos_y.uasset" 343
"../../../../../../Users/cedri/Desktop/Fiverr/DeathStar/Content/SpaceSkyboxes/Blueprints/BP_IrregularGalaxy01.uasset" 344
"../../../../../../Users/cedri/Desktop/Fiverr/DeathStar/Content/Level/LevelTwo.umap" 345
"../../../../../../Users/cedri/Desktop/Fiverr/DeathStar/Content/Sound/Wav_DeepSpace.uasset" 346
"../../../../../../Users/cedri/Desktop/Fiverr/DeathStar/Content/Sound/Wav_DeepSpace_Cue.uasset" 347
"../../../../../../Users/cedri/Desktop/Fiverr/DeathStar/Content/Blueprints/Widget/Loading.uasset" 348
"../../../../../../Users/cedri/Desktop/Fiverr/DeathStar/Content/Blueprints/Widget/WB_MainTitle.uasset" 349
"../../../../../../Users/cedri/Desktop/Fiverr/DeathStar/Content/Blueprints/System/BP_GameModeTitle.uasset" 350
"../../../../../../Users/cedri/Desktop/Fiverr/DeathStar/Content/Level/MainTitle.umap" 351
"../../../Engine/Content/EngineSky/T_Sky_Stars.uasset" 352
"../../../Engine/Content/EngineSky/T_Sky_Clouds_M.uasset" 353
"../../../Engine/Content/EngineSky/T_Sky_Blue.uasset" 354
"../../../Engine/Content/BasicShapes/Cube.uasset" 355
"../../../Engine/Content/EngineSky/M_Sky_Panning_Clouds2.uasset" 356
"../../../Engine/Content/EngineSky/SM_SkySphere.uasset" 357
"../../../Engine/Content/EngineSky/C_Sky_Zenith_Color.uasset" 358
"../../../Engine/Content/EngineSky/C_Sky_Horizon_Color.uasset" 359
"../../../Engine/Content/EngineSky/C_Sky_Cloud_Color.uasset" 360
"../../../Engine/Content/EngineSky/BP_Sky_Sphere.uasset" 361
"../../../../../../Users/cedri/Desktop/Fiverr/DeathStar/Content/Level/TestLevel_BuiltData.uasset" 362
"../../../../../../Users/cedri/Desktop/Fiverr/DeathStar/Content/Geometry/Meshes/Dodecahedron/pentagon12.uasset" 363
"../../../../../../Users/cedri/Desktop/Fiverr/DeathStar/Content/Geometry/Meshes/Dodecahedron/pentagon11.uasset" 364
"../../../../../../Users/cedri/Desktop/Fiverr/DeathStar/Content/Geometry/Meshes/Dodecahedron/pentagon10.uasset" 365
"../../../../../../Users/cedri/Desktop/Fiverr/DeathStar/Content/Geometry/Meshes/Dodecahedron/pentagon09.uasset" 366
"../../../../../../Users/cedri/Desktop/Fiverr/DeathStar/Content/Geometry/Meshes/Dodecahedron/pentagon08.uasset" 367
"../../../../../../Users/cedri/Desktop/Fiverr/DeathStar/Content/Geometry/Meshes/Dodecahedron/pentagon07.uasset" 368
"../../../../../../Users/cedri/Desktop/Fiverr/DeathStar/Content/Geometry/Meshes/Dodecahedron/pentagon06.uasset" 369
"../../../../../../Users/cedri/Desktop/Fiverr/DeathStar/Content/Geometry/Meshes/Dodecahedron/pentagon05.uasset" 370
"../../../../../../Users/cedri/Desktop/Fiverr/DeathStar/Content/Geometry/Meshes/Dodecahedron/pentagon04.uasset" 371
"../../../../../../Users/cedri/Desktop/Fiverr/DeathStar/Content/Geometry/Meshes/Dodecahedron/pentagon02.uasset" 372
"../../../../../../Users/cedri/Desktop/Fiverr/DeathStar/Content/Geometry/Meshes/Dodecahedron/pentagon01.uasset" 373
"../../../../../../Users/cedri/Desktop/Fiverr/DeathStar/Content/Level/TestLevel.umap" 374
"../../../../../../Users/cedri/Desktop/Fiverr/DeathStar/Content/Blueprints/Tiles/Cube/BPC_Tuto.uasset" 375
"../../../../../../Users/cedri/Desktop/Fiverr/DeathStar/Content/Asset/Base/box_frame.uasset" 376
"../../../../../../Users/cedri/Desktop/Fiverr/DeathStar/Content/Level/Tutoriel.umap" 377
"../../../Engine/Content/Maps/Entry_BuiltData.uasset" 378
"../../../Engine/Content/Maps/Entry.umap" 379
